#
# There is insufficient memory for the Java Runtime Environment to continue.
# Native memory allocation (malloc) failed to allocate 1048576 bytes. Error detail: AllocateHeap
# Possible reasons:
#   The system is out of physical RAM or swap space
#   This process is running with CompressedOops enabled, and the Java Heap may be blocking the growth of the native heap
# Possible solutions:
#   Reduce memory load on the system
#   Increase physical memory or swap space
#   Check if swap backing store is full
#   Decrease Java heap size (-Xmx/-Xms)
#   Decrease number of Java threads
#   Decrease Java thread stack sizes (-Xss)
#   Set larger code cache with -XX:ReservedCodeCacheSize=
#   JVM is running with Unscaled Compressed Oops mode in which the Java heap is
#     placed in the first 4GB address space. The Java Heap base address is the
#     maximum limit for the native heap growth. Please use -XX:HeapBaseMinAddress
#     to set the Java Heap base and to place the Java Heap above 4GB virtual address.
# This output file may be truncated or incomplete.
#
#  Out of Memory Error (allocation.cpp:44), pid=11120, tid=21188
#
# JRE version:  (21.0.9+10) (build )
# Java VM: OpenJDK 64-Bit Server VM (21.0.9+10-LTS, mixed mode, sharing, tiered, compressed oops, compressed class ptrs, parallel gc, windows-amd64)
# No core dump will be written. Minidumps are not enabled by default on client versions of Windows
#

---------------  S U M M A R Y ------------

Command Line: --add-modules=ALL-SYSTEM --add-opens=java.base/java.util=ALL-UNNAMED --add-opens=java.base/java.lang=ALL-UNNAMED --add-opens=java.base/sun.nio.fs=ALL-UNNAMED -Declipse.application=org.eclipse.jdt.ls.core.id1 -Dosgi.bundles.defaultStartLevel=4 -Declipse.product=org.eclipse.jdt.ls.core.product -Djava.import.generatesMetadataFilesAtProjectRoot=false -DDetectVMInstallationsJob.disabled=true -Dfile.encoding=utf8 -XX:+UseParallelGC -XX:GCTimeRatio=4 -XX:AdaptiveSizePolicyWeight=90 -Dsun.zip.disableMemoryMapping=true -Xmx2G -Xms100m -Xlog:disable -javaagent:c:\Users\User\.vscode\extensions\redhat.java-1.50.0-win32-x64\lombok\lombok-1.18.39-4050.jar c:\Users\User\.vscode\extensions\redhat.java-1.50.0-win32-x64\server\plugins\org.eclipse.equinox.launcher_1.7.100.v20251111-0406.jar -configuration c:\Users\User\AppData\Roaming\Code\User\globalStorage\redhat.java\1.50.0\config_ss_win -data c:\Users\User\AppData\Roaming\Code\User\workspaceStorage\787e10f9c645ed1209b2f81195558d95\redhat.java\ss_ws --pipe=\\.\pipe\lsp-13679dcf44963aaf356cf9bf59073a0c-sock

Host: 11th Gen Intel(R) Core(TM) i5-1135G7 @ 2.40GHz, 8 cores, 3G,  Windows 11 , 64 bit Build 26100 (10.0.26100.7019)
Time: Sat Dec  6 05:38:37 2025 Pacific Standard Time elapsed time: 1.384029 seconds (0d 0h 0m 1s)

---------------  T H R E A D  ---------------

Current thread (0x000001e5105ccbb0):  JavaThread "Unknown thread" [_thread_in_vm, id=21188, stack(0x000000b59a200000,0x000000b59a300000) (1024K)]

Stack: [0x000000b59a200000,0x000000b59a300000]
Native frames: (J=compiled Java code, j=interpreted, Vv=VM code, C=native code)
V  [jvm.dll+0x6d6e29]
V  [jvm.dll+0x8b4b76]
V  [jvm.dll+0x8b712e]
V  [jvm.dll+0x8b7813]
V  [jvm.dll+0x283d86]
V  [jvm.dll+0xc1277]
V  [jvm.dll+0x70adf2]
V  [jvm.dll+0x70bb2c]
V  [jvm.dll+0x6e59c3]
V  [jvm.dll+0x87e58c]
V  [jvm.dll+0x3c42fc]
V  [jvm.dll+0x86727b]
V  [jvm.dll+0x457391]
V  [jvm.dll+0x458f81]
C  [jli.dll+0x52d0]
C  [ucrtbase.dll+0x37b0]
C  [KERNEL32.DLL+0x2e8d7]
C  [ntdll.dll+0x8c53c]


---------------  P R O C E S S  ---------------

Threads class SMR info:
_java_thread_list=0x000001e5105ef660, length=1, elements={
0x000001e5105ccbb0
}

Java Threads: ( => current thread )
=>0x000001e5105ccbb0 JavaThread "Unknown thread"             [_thread_in_vm, id=21188, stack(0x000000b59a200000,0x000000b59a300000) (1024K)]
Total: 1

Other Threads:
  0x000001e510637e50 WatcherThread "VM Periodic Task Thread"        [id=18408, stack(0x000000b59a400000,0x000000b59a500000) (1024K)]
  0x000001e5105eb270 WorkerThread "GC Thread#0"                     [id=7084, stack(0x000000b59a300000,0x000000b59a400000) (1024K)]
Total: 2

Threads with active compile tasks:
Total: 0

VM state: not at safepoint (normal execution)

VM Mutex/Monitor currently owned by a thread: None

Heap address: 0x0000000080000000, size: 2048 MB, Compressed Oops mode: 32-bit

CDS archive(s) mapped at: [0x000001e527000000-0x000001e527ba0000-0x000001e527ba0000), size 12189696, SharedBaseAddress: 0x000001e527000000, ArchiveRelocationMode: 1.
Compressed class space mapped at: 0x000001e528000000-0x000001e568000000, reserved size: 1073741824
Narrow klass base: 0x000001e527000000, Narrow klass shift: 0, Narrow klass range: 0x100000000

GC Precious Log:
 CardTable entry size: 512
 CPUs: 8 total, 8 available
 Memory: 3818M
 Large Page Support: Disabled
 NUMA Support: Disabled
 Compressed Oops: Enabled (32-bit)
 Alignments: Space 512K, Generation 512K, Heap 2M
 Heap Min Capacity: 100M
 Heap Initial Capacity: 100M
 Heap Max Capacity: 2G
 Pre-touch: Disabled
 Parallel Workers: 8

Heap:
 PSYoungGen      total 29696K, used 512K [0x00000000d5580000, 0x00000000d7680000, 0x0000000100000000)
  eden space 25600K, 2% used [0x00000000d5580000,0x00000000d5600020,0x00000000d6e80000)
  from space 4096K, 0% used [0x00000000d7280000,0x00000000d7280000,0x00000000d7680000)
  to   space 4096K, 0% used [0x00000000d6e80000,0x00000000d6e80000,0x00000000d7280000)
 ParOldGen       total 68608K, used 0K [0x0000000080000000, 0x0000000084300000, 0x00000000d5580000)
  object space 68608K, 0% used [0x0000000080000000,0x0000000080000000,0x0000000084300000)
 Metaspace       used 0K, committed 0K, reserved 1048576K
  class space    used 0K, committed 0K, reserved 1048576K

Card table byte_map: [0x000001e50ff70000,0x000001e510380000] _byte_map_base: 0x000001e50fb70000

Marking Bits: (ParMarkBitMap*) 0x00007ff979752460
 Begin Bits: [0x000001e522a80000, 0x000001e524a80000)
 End Bits:   [0x000001e524a80000, 0x000001e526a80000)

Polling page: 0x000001e50e400000

Metaspace:

Usage:
  Non-class:      0 bytes used.
      Class:      0 bytes used.
       Both:      0 bytes used.

Virtual space:
  Non-class space:        0 bytes reserved,       0 bytes (  ?%) committed,  0 nodes.
      Class space:        1.00 GB reserved,       0 bytes (  0%) committed,  1 nodes.
             Both:        1.00 GB reserved,       0 bytes (  0%) committed. 

Chunk freelists:
   Non-Class:  0 bytes
       Class:  16.00 MB
        Both:  16.00 MB

MaxMetaspaceSize: unlimited
CompressedClassSpaceSize: 1.00 GB
Initial GC threshold: 21.00 MB
Current GC threshold: 17179869184.00 GB
CDS: on
 - commit_granule_bytes: 65536.
 - commit_granule_words: 8192.
 - virtual_space_node_default_size: 8388608.
 - enlarge_chunks_in_place: 1.
 - use_allocation_guard: 0.


Internal statistics:

num_allocs_failed_limit: 0.
num_arena_births: 0.
num_arena_deaths: 0.
num_vsnodes_births: 1.
num_vsnodes_deaths: 0.
num_space_committed: 0.
num_space_uncommitted: 0.
num_chunks_returned_to_freelist: 0.
num_chunks_taken_from_freelist: 1.
num_chunk_merges: 0.
num_chunk_splits: 1.
num_chunks_enlarged: 0.
num_inconsistent_stats: 0.

CodeHeap 'non-profiled nmethods': size=120000Kb used=0Kb max_used=0Kb free=120000Kb
 bounds [0x000001e51b2a0000, 0x000001e51b510000, 0x000001e5227d0000]
CodeHeap 'profiled nmethods': size=120000Kb used=0Kb max_used=0Kb free=120000Kb
 bounds [0x000001e5137d0000, 0x000001e513a40000, 0x000001e51ad00000]
CodeHeap 'non-nmethods': size=5760Kb used=199Kb max_used=348Kb free=5560Kb
 bounds [0x000001e51ad00000, 0x000001e51af70000, 0x000001e51b2a0000]
CodeCache: size=245760Kb, used=199Kb, max_used=348Kb, free=245560Kb
 total_blobs=70, nmethods=0, adapters=48, full_count=0
Compilation: enabled, stopped_count=0, restarted_count=0

Compilation events (0 events):
No events

GC Heap History (0 events):
No events

Dll operation events (1 events):
Event: 0.196 Loaded shared library c:\Users\User\.vscode\extensions\redhat.java-1.50.0-win32-x64\jre\21.0.9-win32-x86_64\bin\java.dll

Deoptimization events (0 events):
No events

Classes loaded (0 events):
No events

Classes unloaded (0 events):
No events

Classes redefined (0 events):
No events

Internal exceptions (0 events):
No events

ZGC Phase Switch (0 events):
No events

VM Operations (0 events):
No events

Memory protections (0 events):
No events

Nmethod flushes (0 events):
No events

Events (1 events):
Event: 0.230 Thread 0x000001e5105ccbb0 Thread added: 0x000001e5105ccbb0


Dynamic libraries:
0x00007ff619040000 - 0x00007ff61904e000 	c:\Users\User\.vscode\extensions\redhat.java-1.50.0-win32-x64\jre\21.0.9-win32-x86_64\bin\java.exe
0x00007ff9fe740000 - 0x00007ff9fe9a8000 	C:\WINDOWS\SYSTEM32\ntdll.dll
0x00007ff9fc830000 - 0x00007ff9fc8f9000 	C:\WINDOWS\System32\KERNEL32.DLL
0x00007ff9fbb50000 - 0x00007ff9fbf48000 	C:\WINDOWS\System32\KERNELBASE.dll
0x00007ff9fc230000 - 0x00007ff9fc37b000 	C:\WINDOWS\System32\ucrtbase.dll
0x00007ff9e5730000 - 0x00007ff9e5748000 	c:\Users\User\.vscode\extensions\redhat.java-1.50.0-win32-x64\jre\21.0.9-win32-x86_64\bin\jli.dll
0x00007ff9e56a0000 - 0x00007ff9e56be000 	c:\Users\User\.vscode\extensions\redhat.java-1.50.0-win32-x64\jre\21.0.9-win32-x86_64\bin\VCRUNTIME140.dll
0x00007ff9fd930000 - 0x00007ff9fdaf7000 	C:\WINDOWS\System32\USER32.dll
0x00007ff9fc380000 - 0x00007ff9fc3a7000 	C:\WINDOWS\System32\win32u.dll
0x00007ff9fc960000 - 0x00007ff9fc98b000 	C:\WINDOWS\System32\GDI32.dll
0x00007ff9fc3b0000 - 0x00007ff9fc4dc000 	C:\WINDOWS\System32\gdi32full.dll
0x00007ff9fbaa0000 - 0x00007ff9fbb43000 	C:\WINDOWS\System32\msvcp_win.dll
0x00007ff9faaa0000 - 0x00007ff9fad34000 	C:\WINDOWS\WinSxS\amd64_microsoft.windows.common-controls_6595b64144ccf1df_6.0.26100.7019_none_3e06ffa0e335b8a8\COMCTL32.dll
0x00007ff9fc5d0000 - 0x00007ff9fc679000 	C:\WINDOWS\System32\msvcrt.dll
0x00007ff9fde50000 - 0x00007ff9fde81000 	C:\WINDOWS\System32\IMM32.DLL
0x00007ff9f7590000 - 0x00007ff9f759c000 	c:\Users\User\.vscode\extensions\redhat.java-1.50.0-win32-x64\jre\21.0.9-win32-x86_64\bin\vcruntime140_1.dll
0x00007ff9a4240000 - 0x00007ff9a42cd000 	c:\Users\User\.vscode\extensions\redhat.java-1.50.0-win32-x64\jre\21.0.9-win32-x86_64\bin\msvcp140.dll
0x00007ff978a90000 - 0x00007ff979830000 	c:\Users\User\.vscode\extensions\redhat.java-1.50.0-win32-x64\jre\21.0.9-win32-x86_64\bin\server\jvm.dll
0x00007ff9fd6d0000 - 0x00007ff9fd784000 	C:\WINDOWS\System32\ADVAPI32.dll
0x00007ff9fdf60000 - 0x00007ff9fe006000 	C:\WINDOWS\System32\sechost.dll
0x00007ff9fdb00000 - 0x00007ff9fdc18000 	C:\WINDOWS\System32\RPCRT4.dll
0x00007ff9fe010000 - 0x00007ff9fe084000 	C:\WINDOWS\System32\WS2_32.dll
0x00007ff9fb6f0000 - 0x00007ff9fb74e000 	C:\WINDOWS\SYSTEM32\POWRPROF.dll
0x00007ff9eee80000 - 0x00007ff9eeeb5000 	C:\WINDOWS\SYSTEM32\WINMM.dll
0x00007ff9e64b0000 - 0x00007ff9e64bb000 	C:\WINDOWS\SYSTEM32\VERSION.dll
0x00007ff9fb6d0000 - 0x00007ff9fb6e4000 	C:\WINDOWS\SYSTEM32\UMPDC.dll
0x00007ff9f9d90000 - 0x00007ff9f9dab000 	C:\WINDOWS\SYSTEM32\kernel.appcore.dll
0x00007ff9e6b90000 - 0x00007ff9e6b9a000 	c:\Users\User\.vscode\extensions\redhat.java-1.50.0-win32-x64\jre\21.0.9-win32-x86_64\bin\jimage.dll
0x00007ff9fb050000 - 0x00007ff9fb292000 	C:\WINDOWS\SYSTEM32\DBGHELP.DLL
0x00007ff9fe190000 - 0x00007ff9fe51b000 	C:\WINDOWS\System32\combase.dll
0x00007ff9fd160000 - 0x00007ff9fd237000 	C:\WINDOWS\System32\OLEAUT32.dll
0x00007ff9faf40000 - 0x00007ff9faf7c000 	C:\WINDOWS\SYSTEM32\dbgcore.DLL
0x00007ff9fc010000 - 0x00007ff9fc0b5000 	C:\WINDOWS\System32\bcryptPrimitives.dll
0x00007ff9e5320000 - 0x00007ff9e532f000 	c:\Users\User\.vscode\extensions\redhat.java-1.50.0-win32-x64\jre\21.0.9-win32-x86_64\bin\instrument.dll
0x00007ff9e4990000 - 0x00007ff9e49b0000 	c:\Users\User\.vscode\extensions\redhat.java-1.50.0-win32-x64\jre\21.0.9-win32-x86_64\bin\java.dll

JVMTI agents:
c:\Users\User\.vscode\extensions\redhat.java-1.50.0-win32-x64\lombok\lombok-1.18.39-4050.jar path:none, loaded, not initialized, instrumentlib options:none

dbghelp: loaded successfully - version: 4.0.5 - missing functions: none
symbol engine: initialized successfully - sym options: 0x614 - pdb path: .;c:\Users\User\.vscode\extensions\redhat.java-1.50.0-win32-x64\jre\21.0.9-win32-x86_64\bin;C:\WINDOWS\SYSTEM32;C:\WINDOWS\WinSxS\amd64_microsoft.windows.common-controls_6595b64144ccf1df_6.0.26100.7019_none_3e06ffa0e335b8a8;c:\Users\User\.vscode\extensions\redhat.java-1.50.0-win32-x64\jre\21.0.9-win32-x86_64\bin\server

VM Arguments:
jvm_args: --add-modules=ALL-SYSTEM --add-opens=java.base/java.util=ALL-UNNAMED --add-opens=java.base/java.lang=ALL-UNNAMED --add-opens=java.base/sun.nio.fs=ALL-UNNAMED -Declipse.application=org.eclipse.jdt.ls.core.id1 -Dosgi.bundles.defaultStartLevel=4 -Declipse.product=org.eclipse.jdt.ls.core.product -Djava.import.generatesMetadataFilesAtProjectRoot=false -DDetectVMInstallationsJob.disabled=true -Dfile.encoding=utf8 -XX:+UseParallelGC -XX:GCTimeRatio=4 -XX:AdaptiveSizePolicyWeight=90 -Dsun.zip.disableMemoryMapping=true -Xmx2G -Xms100m -Xlog:disable -javaagent:c:\Users\User\.vscode\extensions\redhat.java-1.50.0-win32-x64\lombok\lombok-1.18.39-4050.jar 
java_command: c:\Users\User\.vscode\extensions\redhat.java-1.50.0-win32-x64\server\plugins\org.eclipse.equinox.launcher_1.7.100.v20251111-0406.jar -configuration c:\Users\User\AppData\Roaming\Code\User\globalStorage\redhat.java\1.50.0\config_ss_win -data c:\Users\User\AppData\Roaming\Code\User\workspaceStorage\787e10f9c645ed1209b2f81195558d95\redhat.java\ss_ws --pipe=\\.\pipe\lsp-13679dcf44963aaf356cf9bf59073a0c-sock
java_class_path (initial): c:\Users\User\.vscode\extensions\redhat.java-1.50.0-win32-x64\server\plugins\org.eclipse.equinox.launcher_1.7.100.v20251111-0406.jar
Launcher Type: SUN_STANDARD

[Global flags]
    uintx AdaptiveSizePolicyWeight                 = 90                                        {product} {command line}
     intx CICompilerCount                          = 4                                         {product} {ergonomic}
    uintx GCTimeRatio                              = 4                                         {product} {command line}
   size_t InitialHeapSize                          = 104857600                                 {product} {command line}
   size_t MaxHeapSize                              = 2147483648                                {product} {command line}
   size_t MaxNewSize                               = 715653120                                 {product} {ergonomic}
   size_t MinHeapDeltaBytes                        = 524288                                    {product} {ergonomic}
   size_t MinHeapSize                              = 104857600                                 {product} {command line}
   size_t NewSize                                  = 34603008                                  {product} {ergonomic}
    uintx NonNMethodCodeHeapSize                   = 5839372                                {pd product} {ergonomic}
    uintx NonProfiledCodeHeapSize                  = 122909434                              {pd product} {ergonomic}
   size_t OldSize                                  = 70254592                                  {product} {ergonomic}
    uintx ProfiledCodeHeapSize                     = 122909434                              {pd product} {ergonomic}
    uintx ReservedCodeCacheSize                    = 251658240                              {pd product} {ergonomic}
     bool SegmentedCodeCache                       = true                                      {product} {ergonomic}
   size_t SoftMaxHeapSize                          = 2147483648                             {manageable} {ergonomic}
     bool UseCompressedOops                        = true                           {product lp64_product} {ergonomic}
     bool UseLargePagesIndividualAllocation        = false                                  {pd product} {ergonomic}
     bool UseParallelGC                            = true                                      {product} {command line}

Logging:
Log output configuration:
 #0: stdout all=off uptime,level,tags foldmultilines=false
 #1: stderr all=off uptime,level,tags foldmultilines=false

Release file:
<release file has not been read>
Environment Variables:
PATH=C:\oraclexe\app\oracle\product\11.2.0\server\bin;C:\Program Files\Common Files\Oracle\Java\javapath;C:\WINDOWS\system32;C:\WINDOWS;C:\WINDOWS\System32\Wbem;C:\WINDOWS\System32\WindowsPowerShell\v1.0\;C:\WINDOWS\System32\OpenSSH\;C:\Program Files\dotnet\;C:\Program Files (x86)\Microsoft SQL Server\160\Tools\Binn\;C:\Program Files\Microsoft SQL Server\160\Tools\Binn\;C:\Program Files\Microsoft SQL Server\Client SDK\ODBC\170\Tools\Binn\;C:\Program Files\Microsoft SQL Server\160\DTS\Binn\;C:\Program Files\Microsoft SQL Server\150\Tools\Binn\;C:\Program Files (x86)\Windows Kits\10\Windows Performance Toolkit\;C:\Program Files\Git\cmd;C:\Users\User\AppData\Local\nvm;C:\nvm4w\nodejs;C:\maven-mvnd-1.0.3-windows-amd64\bin;C:\apache-maven-3.9.11\bin;C:\Users\User\AppData\Local\Programs\Python\Python313\Scripts\;C:\Users\User\AppData\Local\Programs\Python\Python313\;C:\Users\User\AppData\Local\Microsoft\WindowsApps;C:\Users\User\AppData\Local\Programs\Microsoft VS Code\bin;C:\Users\User\AppData\Local\GitHubDesktop\bin;C:\ProgramData\User\GitHubDesktop\bin;C:\Users\User\.dotnet\tools;C:\Users\User\AppData\Roaming\npm;C:\Users\User\AppData\Local\nvm;C:\nvm4w\nodejs
USERNAME=User
OS=Windows_NT
PROCESSOR_IDENTIFIER=Intel64 Family 6 Model 140 Stepping 1, GenuineIntel
TMP=C:\Users\User\AppData\Local\Temp
TEMP=C:\Users\User\AppData\Local\Temp




Periodic native trim disabled

---------------  S Y S T E M  ---------------

OS:
 Windows 11 , 64 bit Build 26100 (10.0.26100.7019)
OS uptime: 1 days 0:01 hours

CPU: total 8 (initial active 8) (4 cores per cpu, 2 threads per core) family 6 model 140 stepping 1 microcode 0xbc, cx8, cmov, fxsr, ht, mmx, 3dnowpref, sse, sse2, sse3, ssse3, sse4.1, sse4.2, popcnt, lzcnt, tsc, tscinvbit, avx, avx2, aes, erms, clmul, bmi1, bmi2, adx, avx512f, avx512dq, avx512cd, avx512bw, avx512vl, sha, fma, vzeroupper, avx512_vpopcntdq, avx512_vpclmulqdq, avx512_vaes, avx512_vnni, clflush, clflushopt, clwb, avx512_vbmi2, avx512_vbmi, rdtscp, rdpid, fsrm, gfni, avx512_bitalg, f16c, pku, cet_ibt, cet_ss, avx512_ifma
Processor Information for the first 8 processors :
  Max Mhz: 2419, Current Mhz: 2419, Mhz Limit: 2419

Memory: 4k page, system-wide physical 3818M (77M free)
TotalPageFile size 15594M (AvailPageFile size 35M)
current process WorkingSet (physical memory assigned to process): 25M, peak: 25M
current process commit charge ("private bytes"): 195M, peak: 196M

vm_info: OpenJDK 64-Bit Server VM (21.0.9+10-LTS) for windows-amd64 JRE (21.0.9+10-LTS), built on 2025-10-21T00:00:00Z by "admin" with unknown MS VC++:1942

END.
