#
# There is insufficient memory for the Java Runtime Environment to continue.
# Native memory allocation (malloc) failed to allocate 927936 bytes. Error detail: Chunk::new
# Possible reasons:
#   The system is out of physical RAM or swap space
#   This process is running with CompressedOops enabled, and the Java Heap may be blocking the growth of the native heap
# Possible solutions:
#   Reduce memory load on the system
#   Increase physical memory or swap space
#   Check if swap backing store is full
#   Decrease Java heap size (-Xmx/-Xms)
#   Decrease number of Java threads
#   Decrease Java thread stack sizes (-Xss)
#   Set larger code cache with -XX:ReservedCodeCacheSize=
#   JVM is running with Unscaled Compressed Oops mode in which the Java heap is
#     placed in the first 4GB address space. The Java Heap base address is the
#     maximum limit for the native heap growth. Please use -XX:HeapBaseMinAddress
#     to set the Java Heap base and to place the Java Heap above 4GB virtual address.
# This output file may be truncated or incomplete.
#
#  Out of Memory Error (arena.cpp:168), pid=19816, tid=8712
#
# JRE version: OpenJDK Runtime Environment Temurin-21.0.9+10 (21.0.9+10) (build 21.0.9+10-LTS)
# Java VM: OpenJDK 64-Bit Server VM Temurin-21.0.9+10 (21.0.9+10-LTS, mixed mode, sharing, tiered, compressed oops, compressed class ptrs, parallel gc, windows-amd64)
# No core dump will be written. Minidumps are not enabled by default on client versions of Windows
#

---------------  S U M M A R Y ------------

Command Line: --add-modules=ALL-SYSTEM --add-opens=java.base/java.util=ALL-UNNAMED --add-opens=java.base/java.lang=ALL-UNNAMED --add-opens=java.base/sun.nio.fs=ALL-UNNAMED -Declipse.application=org.eclipse.jdt.ls.core.id1 -Dosgi.bundles.defaultStartLevel=4 -Declipse.product=org.eclipse.jdt.ls.core.product -Djava.import.generatesMetadataFilesAtProjectRoot=false -DDetectVMInstallationsJob.disabled=true -Dfile.encoding=utf8 -XX:+UseParallelGC -XX:GCTimeRatio=4 -XX:AdaptiveSizePolicyWeight=90 -Dsun.zip.disableMemoryMapping=true -Xmx2G -Xms100m -Xlog:disable -javaagent:c:\Users\User\.vscode\extensions\redhat.java-1.50.0-win32-x64\lombok\lombok-1.18.39-4050.jar c:\Users\User\.vscode\extensions\redhat.java-1.50.0-win32-x64\server\plugins\org.eclipse.equinox.launcher_1.7.100.v20251111-0406.jar -configuration c:\Users\User\AppData\Roaming\Code\User\globalStorage\redhat.java\1.50.0\config_ss_win -data c:\Users\User\AppData\Roaming\Code\User\workspaceStorage\787e10f9c645ed1209b2f81195558d95\redhat.java\ss_ws --pipe=\\.\pipe\lsp-170d58ce96c7c2b782f891c50e5efeaf-sock

Host: 11th Gen Intel(R) Core(TM) i5-1135G7 @ 2.40GHz, 8 cores, 3G,  Windows 11 , 64 bit Build 26100 (10.0.26100.7019)
Time: Sat Dec  6 06:47:02 2025 Pacific Standard Time elapsed time: 11.084527 seconds (0d 0h 0m 11s)

---------------  T H R E A D  ---------------

Current thread (0x000001d4c88f5cb0):  JavaThread "C2 CompilerThread0" daemon [_thread_in_native, id=8712, stack(0x000000366db00000,0x000000366dc00000) (1024K)]


Current CompileTask:
C2:11084 2798       4       java.lang.invoke.MethodType::makeImpl (109 bytes)

Stack: [0x000000366db00000,0x000000366dc00000]
Native frames: (J=compiled Java code, j=interpreted, Vv=VM code, C=native code)
V  [jvm.dll+0x6d6e29]
V  [jvm.dll+0x8b4b76]
V  [jvm.dll+0x8b712e]
V  [jvm.dll+0x8b7813]
V  [jvm.dll+0x283d86]
V  [jvm.dll+0xc66ed]
V  [jvm.dll+0xc6c31]
V  [jvm.dll+0x2facee]
V  [jvm.dll+0x5fde44]
V  [jvm.dll+0x255557]
V  [jvm.dll+0x25591d]
V  [jvm.dll+0x24df40]
V  [jvm.dll+0x24b482]
V  [jvm.dll+0x1cb13e]
V  [jvm.dll+0x25b29d]
V  [jvm.dll+0x25982a]
V  [jvm.dll+0x3f7ea6]
V  [jvm.dll+0x85e9ad]
V  [jvm.dll+0x6d565d]
C  [ucrtbase.dll+0x37b0]
C  [KERNEL32.DLL+0x2e8d7]
C  [ntdll.dll+0x8c53c]


---------------  P R O C E S S  ---------------

Threads class SMR info:
_java_thread_list=0x000001d50b305880, length=18, elements={
0x000001d4b1e5c590, 0x000001d4b1f1bce0, 0x000001d4b1f1cc50, 0x000001d4c88e1b10,
0x000001d4c88e1480, 0x000001d4c88e0760, 0x000001d4c88e21a0, 0x000001d4c88f5cb0,
0x000001d4c88f93d0, 0x000001d4c88e00d0, 0x000001d4c88e0df0, 0x000001d4c88e2830,
0x000001d4c88e2ec0, 0x000001d4c88dfa40, 0x000001d50b964450, 0x000001d50b963730,
0x000001d50b961cf0, 0x000001d50b963dc0
}

Java Threads: ( => current thread )
  0x000001d4b1e5c590 JavaThread "main"                              [_thread_blocked, id=16068, stack(0x000000366d100000,0x000000366d200000) (1024K)]
  0x000001d4b1f1bce0 JavaThread "Reference Handler"          daemon [_thread_blocked, id=14348, stack(0x000000366d500000,0x000000366d600000) (1024K)]
  0x000001d4b1f1cc50 JavaThread "Finalizer"                  daemon [_thread_blocked, id=9116, stack(0x000000366d600000,0x000000366d700000) (1024K)]
  0x000001d4c88e1b10 JavaThread "Signal Dispatcher"          daemon [_thread_blocked, id=14488, stack(0x000000366d700000,0x000000366d800000) (1024K)]
  0x000001d4c88e1480 JavaThread "Attach Listener"            daemon [_thread_blocked, id=15400, stack(0x000000366d800000,0x000000366d900000) (1024K)]
  0x000001d4c88e0760 JavaThread "Service Thread"             daemon [_thread_blocked, id=5012, stack(0x000000366d900000,0x000000366da00000) (1024K)]
  0x000001d4c88e21a0 JavaThread "Monitor Deflation Thread"   daemon [_thread_blocked, id=16892, stack(0x000000366da00000,0x000000366db00000) (1024K)]
=>0x000001d4c88f5cb0 JavaThread "C2 CompilerThread0"         daemon [_thread_in_native, id=8712, stack(0x000000366db00000,0x000000366dc00000) (1024K)]
  0x000001d4c88f93d0 JavaThread "C1 CompilerThread0"         daemon [_thread_blocked, id=20964, stack(0x000000366dc00000,0x000000366dd00000) (1024K)]
  0x000001d4c88e00d0 JavaThread "Common-Cleaner"             daemon [_thread_blocked, id=8816, stack(0x000000366dd00000,0x000000366de00000) (1024K)]
  0x000001d4c88e0df0 JavaThread "Notification Thread"        daemon [_thread_blocked, id=14180, stack(0x000000366de00000,0x000000366df00000) (1024K)]
  0x000001d4c88e2830 JavaThread "Active Thread: Equinox Container: 95ed584a-5689-46f1-93d5-cadfb2c5a582"        [_thread_blocked, id=8308, stack(0x000000366e500000,0x000000366e600000) (1024K)]
  0x000001d4c88e2ec0 JavaThread "Framework Event Dispatcher: Equinox Container: 95ed584a-5689-46f1-93d5-cadfb2c5a582" daemon [_thread_blocked, id=19292, stack(0x000000366e600000,0x000000366e700000) (1024K)]
  0x000001d4c88dfa40 JavaThread "Start Level: Equinox Container: 95ed584a-5689-46f1-93d5-cadfb2c5a582" daemon [_thread_in_Java, id=1468, stack(0x000000366e700000,0x000000366e800000) (1024K)]
  0x000001d50b964450 JavaThread "SCR Component Actor"        daemon [_thread_blocked, id=9060, stack(0x000000366e900000,0x000000366ea00000) (1024K)]
  0x000001d50b963730 JavaThread "Worker-JM"                         [_thread_blocked, id=20124, stack(0x000000366ea00000,0x000000366eb00000) (1024K)]
  0x000001d50b961cf0 JavaThread "Worker-0"                          [_thread_blocked, id=23416, stack(0x000000366eb00000,0x000000366ec00000) (1024K)]
  0x000001d50b963dc0 JavaThread "Worker-1"                          [_thread_blocked, id=10508, stack(0x000000366ec00000,0x000000366ed00000) (1024K)]
Total: 18

Other Threads:
  0x000001d4b1efe890 VMThread "VM Thread"                           [id=12896, stack(0x000000366d400000,0x000000366d500000) (1024K)]
  0x000001d4b1ec95a0 WatcherThread "VM Periodic Task Thread"        [id=16708, stack(0x000000366d300000,0x000000366d400000) (1024K)]
  0x000001d4b1e7c1c0 WorkerThread "GC Thread#0"                     [id=20188, stack(0x000000366d200000,0x000000366d300000) (1024K)]
  0x000001d50b5fbb40 WorkerThread "GC Thread#1"                     [id=6280, stack(0x000000366df00000,0x000000366e000000) (1024K)]
  0x000001d50b8ee3e0 WorkerThread "GC Thread#2"                     [id=22852, stack(0x000000366e000000,0x000000366e100000) (1024K)]
  0x000001d50b8ee780 WorkerThread "GC Thread#3"                     [id=17592, stack(0x000000366e100000,0x000000366e200000) (1024K)]
  0x000001d50b8eeb20 WorkerThread "GC Thread#4"                     [id=15268, stack(0x000000366e200000,0x000000366e300000) (1024K)]
  0x000001d50b8eeec0 WorkerThread "GC Thread#5"                     [id=17452, stack(0x000000366e300000,0x000000366e400000) (1024K)]
  0x000001d50bb583a0 WorkerThread "GC Thread#6"                     [id=12188, stack(0x000000366e400000,0x000000366e500000) (1024K)]
  0x000001d50b977be0 WorkerThread "GC Thread#7"                     [id=22076, stack(0x000000366e800000,0x000000366e900000) (1024K)]
Total: 10

Threads with active compile tasks:
C2 CompilerThread0  11114 2798       4       java.lang.invoke.MethodType::makeImpl (109 bytes)
Total: 1

VM state: not at safepoint (normal execution)

VM Mutex/Monitor currently owned by a thread: None

Heap address: 0x0000000080000000, size: 2048 MB, Compressed Oops mode: 32-bit

CDS archive(s) mapped at: [0x000001d4c9000000-0x000001d4c9ba0000-0x000001d4c9ba0000), size 12189696, SharedBaseAddress: 0x000001d4c9000000, ArchiveRelocationMode: 1.
Compressed class space mapped at: 0x000001d4ca000000-0x000001d50a000000, reserved size: 1073741824
Narrow klass base: 0x000001d4c9000000, Narrow klass shift: 0, Narrow klass range: 0x100000000

GC Precious Log:
 CardTable entry size: 512
 CPUs: 8 total, 8 available
 Memory: 3818M
 Large Page Support: Disabled
 NUMA Support: Disabled
 Compressed Oops: Enabled (32-bit)
 Alignments: Space 512K, Generation 512K, Heap 2M
 Heap Min Capacity: 100M
 Heap Initial Capacity: 100M
 Heap Max Capacity: 2G
 Pre-touch: Disabled
 Parallel Workers: 8

Heap:
 PSYoungGen      total 28672K, used 6490K [0x00000000d5580000, 0x00000000d7b00000, 0x0000000100000000)
  eden space 23552K, 27% used [0x00000000d5580000,0x00000000d5bd6a50,0x00000000d6c80000)
  from space 5120K, 0% used [0x00000000d7300000,0x00000000d7300000,0x00000000d7800000)
  to   space 6656K, 0% used [0x00000000d6c80000,0x00000000d6c80000,0x00000000d7300000)
 ParOldGen       total 68608K, used 10009K [0x0000000080000000, 0x0000000084300000, 0x00000000d5580000)
  object space 68608K, 14% used [0x0000000080000000,0x00000000809c67b8,0x0000000084300000)
 Metaspace       used 21718K, committed 22400K, reserved 1114112K
  class space    used 2088K, committed 2368K, reserved 1048576K

Card table byte_map: [0x000001d4b1800000,0x000001d4b1c10000] _byte_map_base: 0x000001d4b1400000

Marking Bits: (ParMarkBitMap*) 0x00007ff95b942460
 Begin Bits: [0x000001d4c4310000, 0x000001d4c6310000)
 End Bits:   [0x000001d4c6310000, 0x000001d4c8310000)

Polling page: 0x000001d4b0040000

Metaspace:

Usage:
  Non-class:     19.17 MB used.
      Class:      2.04 MB used.
       Both:     21.21 MB used.

Virtual space:
  Non-class space:       64.00 MB reserved,      19.56 MB ( 31%) committed,  1 nodes.
      Class space:        1.00 GB reserved,       2.31 MB ( <1%) committed,  1 nodes.
             Both:        1.06 GB reserved,      21.88 MB (  2%) committed. 

Chunk freelists:
   Non-Class:  12.11 MB
       Class:  13.50 MB
        Both:  25.61 MB

MaxMetaspaceSize: unlimited
CompressedClassSpaceSize: 1.00 GB
Initial GC threshold: 21.00 MB
Current GC threshold: 35.00 MB
CDS: on
 - commit_granule_bytes: 65536.
 - commit_granule_words: 8192.
 - virtual_space_node_default_size: 8388608.
 - enlarge_chunks_in_place: 1.
 - use_allocation_guard: 0.


Internal statistics:

num_allocs_failed_limit: 3.
num_arena_births: 496.
num_arena_deaths: 14.
num_vsnodes_births: 2.
num_vsnodes_deaths: 0.
num_space_committed: 350.
num_space_uncommitted: 0.
num_chunks_returned_to_freelist: 17.
num_chunks_taken_from_freelist: 1317.
num_chunk_merges: 9.
num_chunk_splits: 857.
num_chunks_enlarged: 546.
num_inconsistent_stats: 0.

CodeHeap 'non-profiled nmethods': size=120000Kb used=1190Kb max_used=1190Kb free=118809Kb
 bounds [0x000001d4bcb30000, 0x000001d4bcda0000, 0x000001d4c4060000]
CodeHeap 'profiled nmethods': size=120000Kb used=5786Kb max_used=5786Kb free=114213Kb
 bounds [0x000001d4b5060000, 0x000001d4b5610000, 0x000001d4bc590000]
CodeHeap 'non-nmethods': size=5760Kb used=1320Kb max_used=1362Kb free=4439Kb
 bounds [0x000001d4bc590000, 0x000001d4bc800000, 0x000001d4bcb30000]
CodeCache: size=245760Kb, used=8296Kb, max_used=8338Kb, free=237461Kb
 total_blobs=3445, nmethods=2852, adapters=499, full_count=0
Compilation: enabled, stopped_count=0, restarted_count=0

Compilation events (20 events):
Event: 7.982 Thread 0x000001d4c88f93d0 2799       3       java.lang.StringBuilder::append (8 bytes)
Event: 7.982 Thread 0x000001d4c88f93d0 nmethod 2799 0x000001d4b55e2c10 code [0x000001d4b55e2dc0, 0x000001d4b55e2f10]
Event: 7.991 Thread 0x000001d4c88f93d0 2801       2       java.util.HashSet::contains (9 bytes)
Event: 7.992 Thread 0x000001d4c88f93d0 nmethod 2801 0x000001d4b55e2f90 code [0x000001d4b55e3140, 0x000001d4b55e3278]
Event: 7.992 Thread 0x000001d4c88f93d0 2802       3       java.lang.String::<init> (99 bytes)
Event: 7.993 Thread 0x000001d4c88f93d0 nmethod 2802 0x000001d4b55e3310 code [0x000001d4b55e3700, 0x000001d4b55e5120]
Event: 8.004 Thread 0x000001d4c88f93d0 2804       3       java.lang.invoke.LambdaForm::methodType (48 bytes)
Event: 8.004 Thread 0x000001d4c88f93d0 nmethod 2804 0x000001d4b55e5a10 code [0x000001d4b55e5c00, 0x000001d4b55e61a0]
Event: 8.004 Thread 0x000001d4c88f93d0 2805       3       jdk.internal.org.objectweb.asm.Frame::execute (2305 bytes)
Event: 8.007 Thread 0x000001d4c88f93d0 nmethod 2805 0x000001d4b55e6490 code [0x000001d4b55e72c0, 0x000001d4b55ed740]
Event: 8.508 Thread 0x000001d4c88f93d0 2808       3       jdk.internal.misc.Unsafe::putReferenceOpaque (9 bytes)
Event: 8.508 Thread 0x000001d4c88f93d0 nmethod 2808 0x000001d4b55ef410 code [0x000001d4b55ef5a0, 0x000001d4b55ef6d0]
Event: 8.572 Thread 0x000001d4c88f93d0 2809       3       java.util.concurrent.locks.LockSupport::setBlocker (12 bytes)
Event: 8.572 Thread 0x000001d4c88f93d0 nmethod 2809 0x000001d4b55ef790 code [0x000001d4b55ef940, 0x000001d4b55efb48]
Event: 9.036 Thread 0x000001d4c88f93d0 2810       3       java.lang.Integer::rotateLeft (9 bytes)
Event: 9.036 Thread 0x000001d4c88f93d0 nmethod 2810 0x000001d4b55efc10 code [0x000001d4b55efda0, 0x000001d4b55efea0]
Event: 9.037 Thread 0x000001d4c88f93d0 2812       3       java.security.MessageDigest$Delegate::engineUpdate (11 bytes)
Event: 9.037 Thread 0x000001d4c88f93d0 nmethod 2812 0x000001d4b55eff10 code [0x000001d4b55f00c0, 0x000001d4b55f0298]
Event: 9.038 Thread 0x000001d4c88f93d0 2813       3       sun.security.provider.SHA::implCompress0 (478 bytes)
Event: 9.038 Thread 0x000001d4c88f93d0 nmethod 2813 0x000001d4b55f0390 code [0x000001d4b55f0600, 0x000001d4b55f12e8]

GC Heap History (14 events):
Event: 1.731 GC heap before
{Heap before GC invocations=1 (full 0):
 PSYoungGen      total 29696K, used 25600K [0x00000000d5580000, 0x00000000d7680000, 0x0000000100000000)
  eden space 25600K, 100% used [0x00000000d5580000,0x00000000d6e80000,0x00000000d6e80000)
  from space 4096K, 0% used [0x00000000d7280000,0x00000000d7280000,0x00000000d7680000)
  to   space 4096K, 0% used [0x00000000d6e80000,0x00000000d6e80000,0x00000000d7280000)
 ParOldGen       total 68608K, used 0K [0x0000000080000000, 0x0000000084300000, 0x00000000d5580000)
  object space 68608K, 0% used [0x0000000080000000,0x0000000080000000,0x0000000084300000)
 Metaspace       used 4330K, committed 4544K, reserved 1114112K
  class space    used 473K, committed 576K, reserved 1048576K
}
Event: 1.740 GC heap after
{Heap after GC invocations=1 (full 0):
 PSYoungGen      total 29696K, used 3271K [0x00000000d5580000, 0x00000000d7680000, 0x0000000100000000)
  eden space 25600K, 0% used [0x00000000d5580000,0x00000000d5580000,0x00000000d6e80000)
  from space 4096K, 79% used [0x00000000d6e80000,0x00000000d71b1e98,0x00000000d7280000)
  to   space 4096K, 0% used [0x00000000d7280000,0x00000000d7280000,0x00000000d7680000)
 ParOldGen       total 68608K, used 16K [0x0000000080000000, 0x0000000084300000, 0x00000000d5580000)
  object space 68608K, 0% used [0x0000000080000000,0x0000000080004000,0x0000000084300000)
 Metaspace       used 4330K, committed 4544K, reserved 1114112K
  class space    used 473K, committed 576K, reserved 1048576K
}
Event: 2.194 GC heap before
{Heap before GC invocations=2 (full 0):
 PSYoungGen      total 29696K, used 28871K [0x00000000d5580000, 0x00000000d7680000, 0x0000000100000000)
  eden space 25600K, 100% used [0x00000000d5580000,0x00000000d6e80000,0x00000000d6e80000)
  from space 4096K, 79% used [0x00000000d6e80000,0x00000000d71b1e98,0x00000000d7280000)
  to   space 4096K, 0% used [0x00000000d7280000,0x00000000d7280000,0x00000000d7680000)
 ParOldGen       total 68608K, used 16K [0x0000000080000000, 0x0000000084300000, 0x00000000d5580000)
  object space 68608K, 0% used [0x0000000080000000,0x0000000080004000,0x0000000084300000)
 Metaspace       used 8223K, committed 8512K, reserved 1114112K
  class space    used 876K, committed 1024K, reserved 1048576K
}
Event: 2.199 GC heap after
{Heap after GC invocations=2 (full 0):
 PSYoungGen      total 29696K, used 4070K [0x00000000d5580000, 0x00000000d7680000, 0x0000000100000000)
  eden space 25600K, 0% used [0x00000000d5580000,0x00000000d5580000,0x00000000d6e80000)
  from space 4096K, 99% used [0x00000000d7280000,0x00000000d7679800,0x00000000d7680000)
  to   space 4096K, 0% used [0x00000000d6e80000,0x00000000d6e80000,0x00000000d7280000)
 ParOldGen       total 68608K, used 926K [0x0000000080000000, 0x0000000084300000, 0x00000000d5580000)
  object space 68608K, 1% used [0x0000000080000000,0x00000000800e7868,0x0000000084300000)
 Metaspace       used 8223K, committed 8512K, reserved 1114112K
  class space    used 876K, committed 1024K, reserved 1048576K
}
Event: 2.957 GC heap before
{Heap before GC invocations=3 (full 0):
 PSYoungGen      total 29696K, used 29670K [0x00000000d5580000, 0x00000000d7680000, 0x0000000100000000)
  eden space 25600K, 100% used [0x00000000d5580000,0x00000000d6e80000,0x00000000d6e80000)
  from space 4096K, 99% used [0x00000000d7280000,0x00000000d7679800,0x00000000d7680000)
  to   space 4096K, 0% used [0x00000000d6e80000,0x00000000d6e80000,0x00000000d7280000)
 ParOldGen       total 68608K, used 926K [0x0000000080000000, 0x0000000084300000, 0x00000000d5580000)
  object space 68608K, 1% used [0x0000000080000000,0x00000000800e7868,0x0000000084300000)
 Metaspace       used 13051K, committed 13568K, reserved 1114112K
  class space    used 1385K, committed 1664K, reserved 1048576K
}
Event: 2.962 GC heap after
{Heap after GC invocations=3 (full 0):
 PSYoungGen      total 29696K, used 4080K [0x00000000d5580000, 0x00000000d7680000, 0x0000000100000000)
  eden space 25600K, 0% used [0x00000000d5580000,0x00000000d5580000,0x00000000d6e80000)
  from space 4096K, 99% used [0x00000000d6e80000,0x00000000d727c2a8,0x00000000d7280000)
  to   space 4096K, 0% used [0x00000000d7280000,0x00000000d7280000,0x00000000d7680000)
 ParOldGen       total 68608K, used 2780K [0x0000000080000000, 0x0000000084300000, 0x00000000d5580000)
  object space 68608K, 4% used [0x0000000080000000,0x00000000802b73b8,0x0000000084300000)
 Metaspace       used 13051K, committed 13568K, reserved 1114112K
  class space    used 1385K, committed 1664K, reserved 1048576K
}
Event: 5.729 GC heap before
{Heap before GC invocations=4 (full 0):
 PSYoungGen      total 29696K, used 29491K [0x00000000d5580000, 0x00000000d7680000, 0x0000000100000000)
  eden space 25600K, 99% used [0x00000000d5580000,0x00000000d6e509e8,0x00000000d6e80000)
  from space 4096K, 99% used [0x00000000d6e80000,0x00000000d727c2a8,0x00000000d7280000)
  to   space 4096K, 0% used [0x00000000d7280000,0x00000000d7280000,0x00000000d7680000)
 ParOldGen       total 68608K, used 2780K [0x0000000080000000, 0x0000000084300000, 0x00000000d5580000)
  object space 68608K, 4% used [0x0000000080000000,0x00000000802b73b8,0x0000000084300000)
 Metaspace       used 15923K, committed 16512K, reserved 1114112K
  class space    used 1657K, committed 1920K, reserved 1048576K
}
Event: 5.734 GC heap after
{Heap after GC invocations=4 (full 0):
 PSYoungGen      total 29696K, used 4076K [0x00000000d5580000, 0x00000000d7680000, 0x0000000100000000)
  eden space 25600K, 0% used [0x00000000d5580000,0x00000000d5580000,0x00000000d6e80000)
  from space 4096K, 99% used [0x00000000d7280000,0x00000000d767b038,0x00000000d7680000)
  to   space 4096K, 0% used [0x00000000d6e80000,0x00000000d6e80000,0x00000000d7280000)
 ParOldGen       total 68608K, used 5528K [0x0000000080000000, 0x0000000084300000, 0x00000000d5580000)
  object space 68608K, 8% used [0x0000000080000000,0x0000000080566078,0x0000000084300000)
 Metaspace       used 15923K, committed 16512K, reserved 1114112K
  class space    used 1657K, committed 1920K, reserved 1048576K
}
Event: 6.040 GC heap before
{Heap before GC invocations=5 (full 0):
 PSYoungGen      total 29696K, used 29045K [0x00000000d5580000, 0x00000000d7680000, 0x0000000100000000)
  eden space 25600K, 97% used [0x00000000d5580000,0x00000000d6de2680,0x00000000d6e80000)
  from space 4096K, 99% used [0x00000000d7280000,0x00000000d767b038,0x00000000d7680000)
  to   space 4096K, 0% used [0x00000000d6e80000,0x00000000d6e80000,0x00000000d7280000)
 ParOldGen       total 68608K, used 5528K [0x0000000080000000, 0x0000000084300000, 0x00000000d5580000)
  object space 68608K, 8% used [0x0000000080000000,0x0000000080566078,0x0000000084300000)
 Metaspace       used 20112K, committed 20736K, reserved 1114112K
  class space    used 1964K, committed 2240K, reserved 1048576K
}
Event: 6.042 GC heap after
{Heap after GC invocations=5 (full 0):
 PSYoungGen      total 29184K, used 4089K [0x00000000d5580000, 0x00000000d7800000, 0x0000000100000000)
  eden space 25088K, 0% used [0x00000000d5580000,0x00000000d5580000,0x00000000d6e00000)
  from space 4096K, 99% used [0x00000000d6e80000,0x00000000d727e588,0x00000000d7280000)
  to   space 5120K, 0% used [0x00000000d7300000,0x00000000d7300000,0x00000000d7800000)
 ParOldGen       total 68608K, used 5859K [0x0000000080000000, 0x0000000084300000, 0x00000000d5580000)
  object space 68608K, 8% used [0x0000000080000000,0x00000000805b8e18,0x0000000084300000)
 Metaspace       used 20112K, committed 20736K, reserved 1114112K
  class space    used 1964K, committed 2240K, reserved 1048576K
}
Event: 7.804 GC heap before
{Heap before GC invocations=6 (full 0):
 PSYoungGen      total 29184K, used 23812K [0x00000000d5580000, 0x00000000d7800000, 0x0000000100000000)
  eden space 25088K, 78% used [0x00000000d5580000,0x00000000d68c2e68,0x00000000d6e00000)
  from space 4096K, 99% used [0x00000000d6e80000,0x00000000d727e588,0x00000000d7280000)
  to   space 5120K, 0% used [0x00000000d7300000,0x00000000d7300000,0x00000000d7800000)
 ParOldGen       total 68608K, used 5859K [0x0000000080000000, 0x0000000084300000, 0x00000000d5580000)
  object space 68608K, 8% used [0x0000000080000000,0x00000000805b8e18,0x0000000084300000)
 Metaspace       used 20890K, committed 21504K, reserved 1114112K
  class space    used 2006K, committed 2304K, reserved 1048576K
}
Event: 7.807 GC heap after
{Heap after GC invocations=6 (full 0):
 PSYoungGen      total 28672K, used 5105K [0x00000000d5580000, 0x00000000d7b00000, 0x0000000100000000)
  eden space 23552K, 0% used [0x00000000d5580000,0x00000000d5580000,0x00000000d6c80000)
  from space 5120K, 99% used [0x00000000d7300000,0x00000000d77fc6b8,0x00000000d7800000)
  to   space 6656K, 0% used [0x00000000d6c80000,0x00000000d6c80000,0x00000000d7300000)
 ParOldGen       total 68608K, used 6752K [0x0000000080000000, 0x0000000084300000, 0x00000000d5580000)
  object space 68608K, 9% used [0x0000000080000000,0x0000000080698328,0x0000000084300000)
 Metaspace       used 20890K, committed 21504K, reserved 1114112K
  class space    used 2006K, committed 2304K, reserved 1048576K
}
Event: 7.808 GC heap before
{Heap before GC invocations=7 (full 1):
 PSYoungGen      total 28672K, used 5105K [0x00000000d5580000, 0x00000000d7b00000, 0x0000000100000000)
  eden space 23552K, 0% used [0x00000000d5580000,0x00000000d5580000,0x00000000d6c80000)
  from space 5120K, 99% used [0x00000000d7300000,0x00000000d77fc6b8,0x00000000d7800000)
  to   space 6656K, 0% used [0x00000000d6c80000,0x00000000d6c80000,0x00000000d7300000)
 ParOldGen       total 68608K, used 6752K [0x0000000080000000, 0x0000000084300000, 0x00000000d5580000)
  object space 68608K, 9% used [0x0000000080000000,0x0000000080698328,0x0000000084300000)
 Metaspace       used 20890K, committed 21504K, reserved 1114112K
  class space    used 2006K, committed 2304K, reserved 1048576K
}
Event: 7.881 GC heap after
{Heap after GC invocations=7 (full 1):
 PSYoungGen      total 28672K, used 0K [0x00000000d5580000, 0x00000000d7b00000, 0x0000000100000000)
  eden space 23552K, 0% used [0x00000000d5580000,0x00000000d5580000,0x00000000d6c80000)
  from space 5120K, 0% used [0x00000000d7300000,0x00000000d7300000,0x00000000d7800000)
  to   space 6656K, 0% used [0x00000000d6c80000,0x00000000d6c80000,0x00000000d7300000)
 ParOldGen       total 68608K, used 10009K [0x0000000080000000, 0x0000000084300000, 0x00000000d5580000)
  object space 68608K, 14% used [0x0000000080000000,0x00000000809c67b8,0x0000000084300000)
 Metaspace       used 20877K, committed 21504K, reserved 1114112K
  class space    used 2003K, committed 2304K, reserved 1048576K
}

Dll operation events (9 events):
Event: 0.013 Loaded shared library c:\Users\User\.vscode\extensions\redhat.java-1.50.0-win32-x64\jre\21.0.9-win32-x86_64\bin\java.dll
Event: 0.139 Loaded shared library c:\Users\User\.vscode\extensions\redhat.java-1.50.0-win32-x64\jre\21.0.9-win32-x86_64\bin\zip.dll
Event: 0.169 Loaded shared library C:\Users\User\.vscode\extensions\redhat.java-1.50.0-win32-x64\jre\21.0.9-win32-x86_64\bin\instrument.dll
Event: 0.177 Loaded shared library C:\Users\User\.vscode\extensions\redhat.java-1.50.0-win32-x64\jre\21.0.9-win32-x86_64\bin\net.dll
Event: 0.182 Loaded shared library C:\Users\User\.vscode\extensions\redhat.java-1.50.0-win32-x64\jre\21.0.9-win32-x86_64\bin\nio.dll
Event: 0.187 Loaded shared library C:\Users\User\.vscode\extensions\redhat.java-1.50.0-win32-x64\jre\21.0.9-win32-x86_64\bin\zip.dll
Event: 0.207 Loaded shared library C:\Users\User\.vscode\extensions\redhat.java-1.50.0-win32-x64\jre\21.0.9-win32-x86_64\bin\jimage.dll
Event: 0.255 Loaded shared library c:\Users\User\.vscode\extensions\redhat.java-1.50.0-win32-x64\jre\21.0.9-win32-x86_64\bin\verify.dll
Event: 2.169 Loaded shared library C:\Users\User\AppData\Roaming\Code\User\globalStorage\redhat.java\1.50.0\config_ss_win\org.eclipse.equinox.launcher\org.eclipse.equinox.launcher.win32.win32.x86_64_1.2.1400.v20250801-0854\eclipse_11916.dll

Deoptimization events (20 events):
Event: 7.960 Thread 0x000001d4c88dfa40 Uncommon trap: trap_request=0xffffffc6 fr.pc=0x000001d4bcc108b4 relative=0x0000000000000934
Event: 7.960 Thread 0x000001d4c88dfa40 Uncommon trap: reason=bimorphic_or_optimized_type_check action=maybe_recompile pc=0x000001d4bcc108b4 method=java.util.HashMap.putVal(ILjava/lang/Object;Ljava/lang/Object;ZZ)Ljava/lang/Object; @ 56 c2
Event: 7.960 Thread 0x000001d4c88dfa40 DEOPT PACKING pc=0x000001d4bcc108b4 sp=0x000000366e7fe040
Event: 7.960 Thread 0x000001d4c88dfa40 DEOPT UNPACKING pc=0x000001d4bc5e6da2 sp=0x000000366e7fdf98 mode 2
Event: 7.960 Thread 0x000001d4c88dfa40 Uncommon trap: trap_request=0xffffffc6 fr.pc=0x000001d4bcc108b4 relative=0x0000000000000934
Event: 7.960 Thread 0x000001d4c88dfa40 Uncommon trap: reason=bimorphic_or_optimized_type_check action=maybe_recompile pc=0x000001d4bcc108b4 method=java.util.HashMap.putVal(ILjava/lang/Object;Ljava/lang/Object;ZZ)Ljava/lang/Object; @ 56 c2
Event: 7.960 Thread 0x000001d4c88dfa40 DEOPT PACKING pc=0x000001d4bcc108b4 sp=0x000000366e7fe040
Event: 7.960 Thread 0x000001d4c88dfa40 DEOPT UNPACKING pc=0x000001d4bc5e6da2 sp=0x000000366e7fdf98 mode 2
Event: 7.960 Thread 0x000001d4c88dfa40 Uncommon trap: trap_request=0xffffffc6 fr.pc=0x000001d4bcc108b4 relative=0x0000000000000934
Event: 7.960 Thread 0x000001d4c88dfa40 Uncommon trap: reason=bimorphic_or_optimized_type_check action=maybe_recompile pc=0x000001d4bcc108b4 method=java.util.HashMap.putVal(ILjava/lang/Object;Ljava/lang/Object;ZZ)Ljava/lang/Object; @ 56 c2
Event: 7.960 Thread 0x000001d4c88dfa40 DEOPT PACKING pc=0x000001d4bcc108b4 sp=0x000000366e7fe040
Event: 7.960 Thread 0x000001d4c88dfa40 DEOPT UNPACKING pc=0x000001d4bc5e6da2 sp=0x000000366e7fdf98 mode 2
Event: 7.960 Thread 0x000001d4c88dfa40 Uncommon trap: trap_request=0xffffffc6 fr.pc=0x000001d4bcc108b4 relative=0x0000000000000934
Event: 7.960 Thread 0x000001d4c88dfa40 Uncommon trap: reason=bimorphic_or_optimized_type_check action=maybe_recompile pc=0x000001d4bcc108b4 method=java.util.HashMap.putVal(ILjava/lang/Object;Ljava/lang/Object;ZZ)Ljava/lang/Object; @ 56 c2
Event: 7.960 Thread 0x000001d4c88dfa40 DEOPT PACKING pc=0x000001d4bcc108b4 sp=0x000000366e7fe040
Event: 7.960 Thread 0x000001d4c88dfa40 DEOPT UNPACKING pc=0x000001d4bc5e6da2 sp=0x000000366e7fdf98 mode 2
Event: 7.979 Thread 0x000001d4c88dfa40 Uncommon trap: trap_request=0xffffff45 fr.pc=0x000001d4bcc522a8 relative=0x0000000000000928
Event: 7.979 Thread 0x000001d4c88dfa40 Uncommon trap: reason=unstable_if action=reinterpret pc=0x000001d4bcc522a8 method=java.util.regex.Pattern$BmpCharPropertyGreedy.match(Ljava/util/regex/Matcher;ILjava/lang/CharSequence;)Z @ 12 c2
Event: 7.979 Thread 0x000001d4c88dfa40 DEOPT PACKING pc=0x000001d4bcc522a8 sp=0x000000366e7fdc00
Event: 7.979 Thread 0x000001d4c88dfa40 DEOPT UNPACKING pc=0x000001d4bc5e6da2 sp=0x000000366e7fdae8 mode 2

Classes loaded (20 events):
Event: 8.003 Loading class sun/security/provider/HashDrbg
Event: 8.003 Loading class sun/security/provider/AbstractHashDrbg
Event: 8.003 Loading class sun/security/provider/AbstractDrbg
Event: 8.004 Loading class sun/security/provider/AbstractDrbg done
Event: 8.004 Loading class sun/security/provider/AbstractHashDrbg done
Event: 8.004 Loading class sun/security/provider/HashDrbg done
Event: 8.004 Loading class sun/security/provider/EntropySource
Event: 8.004 Loading class sun/security/provider/EntropySource done
Event: 8.005 Loading class java/security/DrbgParameters$NextBytes
Event: 8.005 Loading class java/security/DrbgParameters$NextBytes done
Event: 8.005 Loading class sun/security/provider/AbstractDrbg$SeederHolder
Event: 8.005 Loading class sun/security/provider/AbstractDrbg$SeederHolder done
Event: 8.005 Loading class sun/security/provider/SeedGenerator
Event: 8.005 Loading class sun/security/provider/SeedGenerator done
Event: 8.005 Loading class sun/security/provider/NativeSeedGenerator
Event: 8.005 Loading class sun/security/provider/NativeSeedGenerator done
Event: 8.034 Loading class sun/security/provider/SHA
Event: 9.035 Loading class sun/security/provider/SHA done
Event: 9.035 Loading class sun/security/provider/SeedGenerator$1
Event: 9.036 Loading class sun/security/provider/SeedGenerator$1 done

Classes unloaded (7 events):
Event: 7.814 Thread 0x000001d4b1efe890 Unloading class 0x000001d4ca190c00 'java/lang/invoke/LambdaForm$MH+0x000001d4ca190c00'
Event: 7.814 Thread 0x000001d4b1efe890 Unloading class 0x000001d4ca190800 'java/lang/invoke/LambdaForm$MH+0x000001d4ca190800'
Event: 7.814 Thread 0x000001d4b1efe890 Unloading class 0x000001d4ca190400 'java/lang/invoke/LambdaForm$MH+0x000001d4ca190400'
Event: 7.814 Thread 0x000001d4b1efe890 Unloading class 0x000001d4ca190000 'java/lang/invoke/LambdaForm$MH+0x000001d4ca190000'
Event: 7.814 Thread 0x000001d4b1efe890 Unloading class 0x000001d4ca18fc00 'java/lang/invoke/LambdaForm$BMH+0x000001d4ca18fc00'
Event: 7.814 Thread 0x000001d4b1efe890 Unloading class 0x000001d4ca18f800 'java/lang/invoke/LambdaForm$DMH+0x000001d4ca18f800'
Event: 7.814 Thread 0x000001d4b1efe890 Unloading class 0x000001d4ca18e400 'java/lang/invoke/LambdaForm$DMH+0x000001d4ca18e400'

Classes redefined (0 events):
No events

Internal exceptions (20 events):
Event: 4.357 Thread 0x000001d4c88dfa40 Exception <a 'java/lang/NoSuchMethodError'{0x00000000d5d07af0}: 'java.lang.Object java.lang.invoke.DirectMethodHandle$Holder.invokeSpecial(java.lang.Object, java.lang.Object, java.lang.Object, long, java.lang.Object)'> (0x00000000d5d07af0) 
thrown [s\src\hotspot\share\interpreter\linkResolver.cpp, line 773]
Event: 4.358 Thread 0x000001d4c88dfa40 Exception <a 'java/lang/NoSuchMethodError'{0x00000000d5d0f338}: 'java.lang.Object java.lang.invoke.DirectMethodHandle$Holder.newInvokeSpecial(java.lang.Object, java.lang.Object, java.lang.Object, long)'> (0x00000000d5d0f338) 
thrown [s\src\hotspot\share\interpreter\linkResolver.cpp, line 773]
Event: 4.358 Thread 0x000001d4c88dfa40 Exception <a 'java/lang/NoSuchMethodError'{0x00000000d5d136e8}: 'java.lang.Object java.lang.invoke.DirectMethodHandle$Holder.invokeSpecial(java.lang.Object, java.lang.Object, java.lang.Object, java.lang.Object, long)'> (0x00000000d5d136e8) 
thrown [s\src\hotspot\share\interpreter\linkResolver.cpp, line 773]
Event: 4.358 Thread 0x000001d4c88dfa40 Exception <a 'java/lang/NoSuchMethodError'{0x00000000d5d17308}: 'java.lang.Object java.lang.invoke.Invokers$Holder.linkToTargetMethod(java.lang.Object, java.lang.Object, long, java.lang.Object)'> (0x00000000d5d17308) 
thrown [s\src\hotspot\share\interpreter\linkResolver.cpp, line 773]
Event: 5.403 Thread 0x000001d4c88dfa40 Exception <a 'java/lang/NoSuchMethodError'{0x00000000d5d89988}: 'int java.lang.invoke.DirectMethodHandle$Holder.invokeStaticInit(java.lang.Object, java.lang.Object, java.lang.Object)'> (0x00000000d5d89988) 
thrown [s\src\hotspot\share\interpreter\linkResolver.cpp, line 773]
Event: 5.443 Thread 0x000001d4c88dfa40 Exception <a 'java/lang/IncompatibleClassChangeError'{0x00000000d5e20a38}: Found class java.lang.Object, but interface was expected> (0x00000000d5e20a38) 
thrown [s\src\hotspot\share\interpreter\linkResolver.cpp, line 840]
Event: 5.444 Thread 0x000001d4c88dfa40 Exception <a 'java/lang/NoSuchMethodError'{0x00000000d5e32630}: 'java.lang.Object java.lang.invoke.DirectMethodHandle$Holder.invokeSpecial(java.lang.Object, java.lang.Object, java.lang.Object, int, java.lang.Object, java.lang.Object)'> (0x00000000d5e32630) 
thrown [s\src\hotspot\share\interpreter\linkResolver.cpp, line 773]
Event: 5.445 Thread 0x000001d4c88dfa40 Exception <a 'java/lang/NoSuchMethodError'{0x00000000d5e3a108}: 'java.lang.Object java.lang.invoke.DirectMethodHandle$Holder.newInvokeSpecial(java.lang.Object, java.lang.Object, java.lang.Object, int, java.lang.Object)'> (0x00000000d5e3a108) 
thrown [s\src\hotspot\share\interpreter\linkResolver.cpp, line 773]
Event: 5.446 Thread 0x000001d4c88dfa40 Exception <a 'java/lang/NoSuchMethodError'{0x00000000d5e3e088}: 'java.lang.Object java.lang.invoke.DirectMethodHandle$Holder.invokeSpecial(java.lang.Object, java.lang.Object, java.lang.Object, java.lang.Object, int, java.lang.Object)'> (0x00000000d5e3e088) 
thrown [s\src\hotspot\share\interpreter\linkResolver.cpp, line 773]
Event: 5.446 Thread 0x000001d4c88dfa40 Exception <a 'java/lang/NoSuchMethodError'{0x00000000d5e41bc8}: 'java.lang.Object java.lang.invoke.Invokers$Holder.linkToTargetMethod(java.lang.Object, java.lang.Object, int, java.lang.Object, java.lang.Object)'> (0x00000000d5e41bc8) 
thrown [s\src\hotspot\share\interpreter\linkResolver.cpp, line 773]
Event: 5.447 Thread 0x000001d50b961cf0 Exception <a 'java/lang/NoSuchMethodError'{0x00000000d5d55bf8}: 'java.lang.Object java.lang.invoke.DirectMethodHandle$Holder.invokeSpecial(java.lang.Object, java.lang.Object, int, java.lang.Object, java.lang.Object)'> (0x00000000d5d55bf8) 
thrown [s\src\hotspot\share\interpreter\linkResolver.cpp, line 773]
Event: 5.448 Thread 0x000001d50b961cf0 Exception <a 'java/lang/NoSuchMethodError'{0x00000000d5d5c930}: 'java.lang.Object java.lang.invoke.DirectMethodHandle$Holder.newInvokeSpecial(java.lang.Object, java.lang.Object, int, java.lang.Object)'> (0x00000000d5d5c930) 
thrown [s\src\hotspot\share\interpreter\linkResolver.cpp, line 773]
Event: 5.449 Thread 0x000001d50b961cf0 Exception <a 'java/lang/NoSuchMethodError'{0x00000000d5d60210}: 'java.lang.Object java.lang.invoke.DirectMethodHandle$Holder.invokeSpecial(java.lang.Object, java.lang.Object, java.lang.Object, int, java.lang.Object)'> (0x00000000d5d60210) 
thrown [s\src\hotspot\share\interpreter\linkResolver.cpp, line 773]
Event: 5.506 Thread 0x000001d4c88dfa40 Exception <a 'java/lang/NoSuchMethodError'{0x00000000d5f7f1f8}: 'void java.lang.invoke.DirectMethodHandle$Holder.invokeSpecial(java.lang.Object, java.lang.Object, java.lang.Object, java.lang.Object, java.lang.Object)'> (0x00000000d5f7f1f8) 
thrown [s\src\hotspot\share\interpreter\linkResolver.cpp, line 773]
Event: 5.580 Thread 0x000001d4c88dfa40 Exception <a 'java/lang/NoSuchMethodError'{0x00000000d616d9c0}: 'double java.lang.invoke.DirectMethodHandle$Holder.invokeStatic(java.lang.Object, java.lang.Object)'> (0x00000000d616d9c0) 
thrown [s\src\hotspot\share\interpreter\linkResolver.cpp, line 773]
Event: 5.580 Thread 0x000001d4c88dfa40 Exception <a 'java/lang/NoSuchMethodError'{0x00000000d6171080}: 'double java.lang.invoke.DirectMethodHandle$Holder.invokeStaticInit(java.lang.Object, java.lang.Object)'> (0x00000000d6171080) 
thrown [s\src\hotspot\share\interpreter\linkResolver.cpp, line 773]
Event: 5.971 Thread 0x000001d4c88dfa40 Implicit null exception at 0x000001d4bcc2d775 to 0x000001d4bcc2d888
Event: 7.909 Thread 0x000001d4c88dfa40 Exception <a 'java/lang/NoSuchMethodError'{0x00000000d567a938}: 'java.lang.Object java.lang.invoke.DirectMethodHandle$Holder.newInvokeSpecial(java.lang.Object, int, java.lang.Object, java.lang.Object)'> (0x00000000d567a938) 
thrown [s\src\hotspot\share\interpreter\linkResolver.cpp, line 773]
Event: 7.971 Thread 0x000001d4c88dfa40 Exception <a 'sun/nio/fs/WindowsException'{0x00000000d5880fe0}> (0x00000000d5880fe0) 
thrown [s\src\hotspot\share\prims\jni.cpp, line 520]
Event: 8.004 Thread 0x000001d4c88dfa40 Exception <a 'java/lang/NoSuchMethodError'{0x00000000d5a0c8b0}: 'java.lang.Object java.lang.invoke.DirectMethodHandle$Holder.invokeStaticInit(java.lang.Object, int, int, int, int)'> (0x00000000d5a0c8b0) 
thrown [s\src\hotspot\share\interpreter\linkResolver.cpp, line 773]

ZGC Phase Switch (0 events):
No events

VM Operations (20 events):
Event: 3.111 Executing VM operation: HandshakeAllThreads (Deoptimize) done
Event: 3.141 Executing VM operation: HandshakeAllThreads (Deoptimize)
Event: 3.141 Executing VM operation: HandshakeAllThreads (Deoptimize) done
Event: 4.151 Executing VM operation: Cleanup
Event: 4.279 Executing VM operation: Cleanup done
Event: 5.280 Executing VM operation: Cleanup
Event: 5.390 Executing VM operation: Cleanup done
Event: 5.729 Executing VM operation: ParallelGCFailedAllocation (Allocation Failure)
Event: 5.734 Executing VM operation: ParallelGCFailedAllocation (Allocation Failure) done
Event: 6.040 Executing VM operation: ParallelGCFailedAllocation (Allocation Failure)
Event: 6.042 Executing VM operation: ParallelGCFailedAllocation (Allocation Failure) done
Event: 7.048 Executing VM operation: Cleanup
Event: 7.128 Executing VM operation: Cleanup done
Event: 7.803 Executing VM operation: CollectForMetadataAllocation (Metadata GC Threshold)
Event: 7.881 Executing VM operation: CollectForMetadataAllocation (Metadata GC Threshold) done
Event: 7.959 Executing VM operation: HandshakeAllThreads (Deoptimize)
Event: 7.959 Executing VM operation: HandshakeAllThreads (Deoptimize) done
Event: 8.970 Executing VM operation: Cleanup
Event: 9.034 Executing VM operation: Cleanup done
Event: 10.042 Executing VM operation: Cleanup

Memory protections (0 events):
No events

Nmethod flushes (0 events):
No events

Events (20 events):
Event: 0.064 Thread 0x000001d4b1e5c590 Thread added: 0x000001d4b1e5c590
Event: 0.099 Thread 0x000001d4b1e5c590 Thread added: 0x000001d4b1f1bce0
Event: 0.099 Thread 0x000001d4b1e5c590 Thread added: 0x000001d4b1f1cc50
Event: 0.100 Thread 0x000001d4b1e5c590 Thread added: 0x000001d4c88e1b10
Event: 0.100 Thread 0x000001d4b1e5c590 Thread added: 0x000001d4c88e1480
Event: 0.100 Thread 0x000001d4b1e5c590 Thread added: 0x000001d4c88e0760
Event: 0.101 Thread 0x000001d4b1e5c590 Thread added: 0x000001d4c88e21a0
Event: 0.101 Thread 0x000001d4b1e5c590 Thread added: 0x000001d4c88f5cb0
Event: 0.101 Thread 0x000001d4b1e5c590 Thread added: 0x000001d4c88f93d0
Event: 0.171 Thread 0x000001d4b1e5c590 Thread added: 0x000001d4c88e00d0
Event: 0.316 Thread 0x000001d4b1e5c590 Thread added: 0x000001d4c88e0df0
Event: 2.032 Thread 0x000001d4b1e5c590 Thread added: 0x000001d4c88e2830
Event: 2.161 Thread 0x000001d4b1e5c590 Thread added: 0x000001d4c88e2ec0
Event: 2.163 Thread 0x000001d4b1e5c590 Thread added: 0x000001d4c88dfa40
Event: 2.270 Thread 0x000001d4c88dfa40 Thread added: 0x000001d50b964450
Event: 2.778 Thread 0x000001d4c88dfa40 Thread added: 0x000001d50b963730
Event: 5.374 Thread 0x000001d4c88dfa40 Thread added: 0x000001d50b961cf0
Event: 5.454 Thread 0x000001d4c88dfa40 Thread added: 0x000001d50b963dc0
Event: 7.793 Thread 0x000001d4c88dfa40 Thread added: 0x000001d50b962a10
Event: 7.990 Thread 0x000001d50b962a10 Thread exited: 0x000001d50b962a10


Dynamic libraries:
0x00007ff747910000 - 0x00007ff74791e000 	c:\Users\User\.vscode\extensions\redhat.java-1.50.0-win32-x64\jre\21.0.9-win32-x86_64\bin\java.exe
0x00007ff9fe740000 - 0x00007ff9fe9a8000 	C:\WINDOWS\SYSTEM32\ntdll.dll
0x00007ff9fc830000 - 0x00007ff9fc8f9000 	C:\WINDOWS\System32\KERNEL32.DLL
0x00007ff9fbb50000 - 0x00007ff9fbf48000 	C:\WINDOWS\System32\KERNELBASE.dll
0x00007ff9fc230000 - 0x00007ff9fc37b000 	C:\WINDOWS\System32\ucrtbase.dll
0x00007ff9e5730000 - 0x00007ff9e5748000 	c:\Users\User\.vscode\extensions\redhat.java-1.50.0-win32-x64\jre\21.0.9-win32-x86_64\bin\jli.dll
0x00007ff9fd930000 - 0x00007ff9fdaf7000 	C:\WINDOWS\System32\USER32.dll
0x00007ff9da8c0000 - 0x00007ff9da8de000 	c:\Users\User\.vscode\extensions\redhat.java-1.50.0-win32-x64\jre\21.0.9-win32-x86_64\bin\VCRUNTIME140.dll
0x00007ff9faaa0000 - 0x00007ff9fad34000 	C:\WINDOWS\WinSxS\amd64_microsoft.windows.common-controls_6595b64144ccf1df_6.0.26100.7019_none_3e06ffa0e335b8a8\COMCTL32.dll
0x00007ff9fc380000 - 0x00007ff9fc3a7000 	C:\WINDOWS\System32\win32u.dll
0x00007ff9fc5d0000 - 0x00007ff9fc679000 	C:\WINDOWS\System32\msvcrt.dll
0x00007ff9fc960000 - 0x00007ff9fc98b000 	C:\WINDOWS\System32\GDI32.dll
0x00007ff9fc3b0000 - 0x00007ff9fc4dc000 	C:\WINDOWS\System32\gdi32full.dll
0x00007ff9fbaa0000 - 0x00007ff9fbb43000 	C:\WINDOWS\System32\msvcp_win.dll
0x00007ff9fde50000 - 0x00007ff9fde81000 	C:\WINDOWS\System32\IMM32.DLL
0x00007ff9f1c80000 - 0x00007ff9f1c8c000 	c:\Users\User\.vscode\extensions\redhat.java-1.50.0-win32-x64\jre\21.0.9-win32-x86_64\bin\vcruntime140_1.dll
0x00007ff9a2f80000 - 0x00007ff9a300d000 	c:\Users\User\.vscode\extensions\redhat.java-1.50.0-win32-x64\jre\21.0.9-win32-x86_64\bin\msvcp140.dll
0x00007ff95ac80000 - 0x00007ff95ba20000 	c:\Users\User\.vscode\extensions\redhat.java-1.50.0-win32-x64\jre\21.0.9-win32-x86_64\bin\server\jvm.dll
0x00007ff9fd6d0000 - 0x00007ff9fd784000 	C:\WINDOWS\System32\ADVAPI32.dll
0x00007ff9fdf60000 - 0x00007ff9fe006000 	C:\WINDOWS\System32\sechost.dll
0x00007ff9fdb00000 - 0x00007ff9fdc18000 	C:\WINDOWS\System32\RPCRT4.dll
0x00007ff9fe010000 - 0x00007ff9fe084000 	C:\WINDOWS\System32\WS2_32.dll
0x00007ff9fb6f0000 - 0x00007ff9fb74e000 	C:\WINDOWS\SYSTEM32\POWRPROF.dll
0x00007ff9eee80000 - 0x00007ff9eeeb5000 	C:\WINDOWS\SYSTEM32\WINMM.dll
0x00007ff9e64b0000 - 0x00007ff9e64bb000 	C:\WINDOWS\SYSTEM32\VERSION.dll
0x00007ff9fb6d0000 - 0x00007ff9fb6e4000 	C:\WINDOWS\SYSTEM32\UMPDC.dll
0x00007ff9f9d90000 - 0x00007ff9f9dab000 	C:\WINDOWS\SYSTEM32\kernel.appcore.dll
0x00007ff9e85b0000 - 0x00007ff9e85ba000 	c:\Users\User\.vscode\extensions\redhat.java-1.50.0-win32-x64\jre\21.0.9-win32-x86_64\bin\jimage.dll
0x00007ff9fb050000 - 0x00007ff9fb292000 	C:\WINDOWS\SYSTEM32\DBGHELP.DLL
0x00007ff9fe190000 - 0x00007ff9fe51b000 	C:\WINDOWS\System32\combase.dll
0x00007ff9fd160000 - 0x00007ff9fd237000 	C:\WINDOWS\System32\OLEAUT32.dll
0x00007ff9faf40000 - 0x00007ff9faf7c000 	C:\WINDOWS\SYSTEM32\dbgcore.DLL
0x00007ff9fc010000 - 0x00007ff9fc0b5000 	C:\WINDOWS\System32\bcryptPrimitives.dll
0x00007ff9e6b90000 - 0x00007ff9e6b9f000 	c:\Users\User\.vscode\extensions\redhat.java-1.50.0-win32-x64\jre\21.0.9-win32-x86_64\bin\instrument.dll
0x00007ff9da720000 - 0x00007ff9da740000 	c:\Users\User\.vscode\extensions\redhat.java-1.50.0-win32-x64\jre\21.0.9-win32-x86_64\bin\java.dll
0x00007ff9fca00000 - 0x00007ff9fd14f000 	C:\WINDOWS\System32\SHELL32.dll
0x00007ff9fc0c0000 - 0x00007ff9fc22b000 	C:\WINDOWS\System32\wintypes.dll
0x00007ff9f8a60000 - 0x00007ff9f92bd000 	C:\WINDOWS\SYSTEM32\windows.storage.dll
0x00007ff9fe090000 - 0x00007ff9fe182000 	C:\WINDOWS\System32\SHCORE.dll
0x00007ff9fc560000 - 0x00007ff9fc5c7000 	C:\WINDOWS\System32\shlwapi.dll
0x00007ff9fb7b0000 - 0x00007ff9fb7d9000 	C:\WINDOWS\SYSTEM32\profapi.dll
0x00007ff9da230000 - 0x00007ff9da248000 	c:\Users\User\.vscode\extensions\redhat.java-1.50.0-win32-x64\jre\21.0.9-win32-x86_64\bin\zip.dll
0x00007ff9e4870000 - 0x00007ff9e4880000 	C:\Users\User\.vscode\extensions\redhat.java-1.50.0-win32-x64\jre\21.0.9-win32-x86_64\bin\net.dll
0x00007ff9e8aa0000 - 0x00007ff9e8bc8000 	C:\WINDOWS\SYSTEM32\WINHTTP.dll
0x00007ff9fa2c0000 - 0x00007ff9fa32b000 	C:\WINDOWS\system32\mswsock.dll
0x00007ff9ca830000 - 0x00007ff9ca846000 	C:\Users\User\.vscode\extensions\redhat.java-1.50.0-win32-x64\jre\21.0.9-win32-x86_64\bin\nio.dll
0x00007ff9e46d0000 - 0x00007ff9e46e0000 	c:\Users\User\.vscode\extensions\redhat.java-1.50.0-win32-x64\jre\21.0.9-win32-x86_64\bin\verify.dll
0x00007ff9a2830000 - 0x00007ff9a2874000 	C:\Users\User\AppData\Roaming\Code\User\globalStorage\redhat.java\1.50.0\config_ss_win\org.eclipse.equinox.launcher\org.eclipse.equinox.launcher.win32.win32.x86_64_1.2.1400.v20250801-0854\eclipse_11916.dll
0x00007ff9fd790000 - 0x00007ff9fd927000 	C:\WINDOWS\System32\ole32.dll
0x00007ff9fb3c0000 - 0x00007ff9fb3db000 	C:\WINDOWS\SYSTEM32\CRYPTSP.dll
0x00007ff9f9cf0000 - 0x00007ff9f9d2a000 	C:\WINDOWS\system32\rsaenh.dll
0x00007ff9fa370000 - 0x00007ff9fa39b000 	C:\WINDOWS\SYSTEM32\USERENV.dll
0x00007ff9fb780000 - 0x00007ff9fb7aa000 	C:\WINDOWS\SYSTEM32\bcrypt.dll
0x00007ff9fa850000 - 0x00007ff9fa85c000 	C:\WINDOWS\SYSTEM32\CRYPTBASE.dll
0x00007ff9f9820000 - 0x00007ff9f9854000 	C:\WINDOWS\SYSTEM32\IPHLPAPI.DLL
0x00007ff9fde90000 - 0x00007ff9fde9a000 	C:\WINDOWS\System32\NSI.dll

JVMTI agents:
c:\Users\User\.vscode\extensions\redhat.java-1.50.0-win32-x64\lombok\lombok-1.18.39-4050.jar path:c:\Users\User\.vscode\extensions\redhat.java-1.50.0-win32-x64\jre\21.0.9-win32-x86_64\bin\instrument.dll, loaded, initialized, instrumentlib options:none

dbghelp: loaded successfully - version: 4.0.5 - missing functions: none
symbol engine: initialized successfully - sym options: 0x614 - pdb path: .;c:\Users\User\.vscode\extensions\redhat.java-1.50.0-win32-x64\jre\21.0.9-win32-x86_64\bin;C:\WINDOWS\SYSTEM32;C:\WINDOWS\WinSxS\amd64_microsoft.windows.common-controls_6595b64144ccf1df_6.0.26100.7019_none_3e06ffa0e335b8a8;c:\Users\User\.vscode\extensions\redhat.java-1.50.0-win32-x64\jre\21.0.9-win32-x86_64\bin\server;C:\Users\User\AppData\Roaming\Code\User\globalStorage\redhat.java\1.50.0\config_ss_win\org.eclipse.equinox.launcher\org.eclipse.equinox.launcher.win32.win32.x86_64_1.2.1400.v20250801-0854

VM Arguments:
jvm_args: --add-modules=ALL-SYSTEM --add-opens=java.base/java.util=ALL-UNNAMED --add-opens=java.base/java.lang=ALL-UNNAMED --add-opens=java.base/sun.nio.fs=ALL-UNNAMED -Declipse.application=org.eclipse.jdt.ls.core.id1 -Dosgi.bundles.defaultStartLevel=4 -Declipse.product=org.eclipse.jdt.ls.core.product -Djava.import.generatesMetadataFilesAtProjectRoot=false -DDetectVMInstallationsJob.disabled=true -Dfile.encoding=utf8 -XX:+UseParallelGC -XX:GCTimeRatio=4 -XX:AdaptiveSizePolicyWeight=90 -Dsun.zip.disableMemoryMapping=true -Xmx2G -Xms100m -Xlog:disable -javaagent:c:\Users\User\.vscode\extensions\redhat.java-1.50.0-win32-x64\lombok\lombok-1.18.39-4050.jar 
java_command: c:\Users\User\.vscode\extensions\redhat.java-1.50.0-win32-x64\server\plugins\org.eclipse.equinox.launcher_1.7.100.v20251111-0406.jar -configuration c:\Users\User\AppData\Roaming\Code\User\globalStorage\redhat.java\1.50.0\config_ss_win -data c:\Users\User\AppData\Roaming\Code\User\workspaceStorage\787e10f9c645ed1209b2f81195558d95\redhat.java\ss_ws --pipe=\\.\pipe\lsp-170d58ce96c7c2b782f891c50e5efeaf-sock
java_class_path (initial): c:\Users\User\.vscode\extensions\redhat.java-1.50.0-win32-x64\server\plugins\org.eclipse.equinox.launcher_1.7.100.v20251111-0406.jar
Launcher Type: SUN_STANDARD

[Global flags]
    uintx AdaptiveSizePolicyWeight                 = 90                                        {product} {command line}
     intx CICompilerCount                          = 4                                         {product} {ergonomic}
    uintx GCTimeRatio                              = 4                                         {product} {command line}
   size_t InitialHeapSize                          = 104857600                                 {product} {command line}
   size_t MaxHeapSize                              = 2147483648                                {product} {command line}
   size_t MaxNewSize                               = 715653120                                 {product} {ergonomic}
   size_t MinHeapDeltaBytes                        = 524288                                    {product} {ergonomic}
   size_t MinHeapSize                              = 104857600                                 {product} {command line}
   size_t NewSize                                  = 34603008                                  {product} {ergonomic}
    uintx NonNMethodCodeHeapSize                   = 5839372                                {pd product} {ergonomic}
    uintx NonProfiledCodeHeapSize                  = 122909434                              {pd product} {ergonomic}
   size_t OldSize                                  = 70254592                                  {product} {ergonomic}
    uintx ProfiledCodeHeapSize                     = 122909434                              {pd product} {ergonomic}
    uintx ReservedCodeCacheSize                    = 251658240                              {pd product} {ergonomic}
     bool SegmentedCodeCache                       = true                                      {product} {ergonomic}
   size_t SoftMaxHeapSize                          = 2147483648                             {manageable} {ergonomic}
     bool UseCompressedOops                        = true                           {product lp64_product} {ergonomic}
     bool UseLargePagesIndividualAllocation        = false                                  {pd product} {ergonomic}
     bool UseParallelGC                            = true                                      {product} {command line}

Logging:
Log output configuration:
 #0: stdout all=off uptime,level,tags foldmultilines=false
 #1: stderr all=off uptime,level,tags foldmultilines=false

Release file:
JAVA_VERSION="21.0.9" 
MODULES="java.base java.compiler java.datatransfer java.xml java.prefs java.desktop java.instrument java.logging java.management java.security.sasl java.naming java.rmi java.management.rmi java.net.http java.scripting java.security.jgss java.transaction.xa java.sql java.sql.rowset java.xml.crypto java.se java.smartcardio jdk.accessibility jdk.internal.jvmstat jdk.attach jdk.charsets jdk.internal.opt jdk.zipfs jdk.compiler jdk.crypto.ec jdk.crypto.cryptoki jdk.crypto.mscapi jdk.dynalink jdk.internal.ed jdk.editpad jdk.hotspot.agent jdk.httpserver jdk.internal.le jdk.internal.vm.ci jdk.internal.vm.compiler jdk.internal.vm.compiler.management jdk.jartool jdk.javadoc jdk.jcmd jdk.management jdk.management.agent jdk.jconsole jdk.jdeps jdk.jdwp.agent jdk.jdi jdk.jfr jdk.jshell jdk.jsobject jdk.jstatd jdk.localedata jdk.management.jfr jdk.naming.dns jdk.naming.rmi jdk.net jdk.nio.mapmode jdk.random jdk.sctp jdk.security.auth jdk.security.jgss jdk.unsupported jdk.unsupported.desktop jdk.xml.dom" 

Environment Variables:
PATH=C:\oraclexe\app\oracle\product\11.2.0\server\bin;C:\Program Files\Common Files\Oracle\Java\javapath;C:\WINDOWS\system32;C:\WINDOWS;C:\WINDOWS\System32\Wbem;C:\WINDOWS\System32\WindowsPowerShell\v1.0\;C:\WINDOWS\System32\OpenSSH\;C:\Program Files\dotnet\;C:\Program Files (x86)\Microsoft SQL Server\160\Tools\Binn\;C:\Program Files\Microsoft SQL Server\160\Tools\Binn\;C:\Program Files\Microsoft SQL Server\Client SDK\ODBC\170\Tools\Binn\;C:\Program Files\Microsoft SQL Server\160\DTS\Binn\;C:\Program Files\Microsoft SQL Server\150\Tools\Binn\;C:\Program Files (x86)\Windows Kits\10\Windows Performance Toolkit\;C:\Program Files\Git\cmd;C:\Users\User\AppData\Local\nvm;C:\nvm4w\nodejs;C:\maven-mvnd-1.0.3-windows-amd64\bin;C:\apache-maven-3.9.11\bin;C:\Users\User\AppData\Local\Programs\Python\Python313\Scripts\;C:\Users\User\AppData\Local\Programs\Python\Python313\;C:\Users\User\AppData\Local\Microsoft\WindowsApps;C:\Users\User\AppData\Local\Programs\Microsoft VS Code\bin;C:\Users\User\AppData\Local\GitHubDesktop\bin;C:\ProgramData\User\GitHubDesktop\bin;C:\Users\User\.dotnet\tools;C:\Users\User\AppData\Roaming\npm;C:\Users\User\AppData\Local\nvm;C:\nvm4w\nodejs
USERNAME=User
OS=Windows_NT
PROCESSOR_IDENTIFIER=Intel64 Family 6 Model 140 Stepping 1, GenuineIntel
TMP=C:\Users\User\AppData\Local\Temp
TEMP=C:\Users\User\AppData\Local\Temp




Periodic native trim disabled

---------------  S Y S T E M  ---------------

OS:
 Windows 11 , 64 bit Build 26100 (10.0.26100.7019)
OS uptime: 1 days 1:09 hours

CPU: total 8 (initial active 8) (4 cores per cpu, 2 threads per core) family 6 model 140 stepping 1 microcode 0xbc, cx8, cmov, fxsr, ht, mmx, 3dnowpref, sse, sse2, sse3, ssse3, sse4.1, sse4.2, popcnt, lzcnt, tsc, tscinvbit, avx, avx2, aes, erms, clmul, bmi1, bmi2, adx, avx512f, avx512dq, avx512cd, avx512bw, avx512vl, sha, fma, vzeroupper, avx512_vpopcntdq, avx512_vpclmulqdq, avx512_vaes, avx512_vnni, clflush, clflushopt, clwb, avx512_vbmi2, avx512_vbmi, rdtscp, rdpid, fsrm, gfni, avx512_bitalg, f16c, pku, cet_ibt, cet_ss, avx512_ifma
Processor Information for processor 0
  Max Mhz: 2419, Current Mhz: 2419, Mhz Limit: 2419
Processor Information for processor 1
  Max Mhz: 2419, Current Mhz: 2419, Mhz Limit: 2419
Processor Information for processor 2
  Max Mhz: 2419, Current Mhz: 2419, Mhz Limit: 2419
Processor Information for processor 3
  Max Mhz: 2419, Current Mhz: 2419, Mhz Limit: 2419
Processor Information for processor 4
  Max Mhz: 2419, Current Mhz: 2419, Mhz Limit: 2419
Processor Information for processor 5
  Max Mhz: 2419, Current Mhz: 1209, Mhz Limit: 2419
Processor Information for processor 6
  Max Mhz: 2419, Current Mhz: 2419, Mhz Limit: 2419
Processor Information for processor 7
  Max Mhz: 2419, Current Mhz: 2419, Mhz Limit: 2419

Memory: 4k page, system-wide physical 3818M (149M free)
TotalPageFile size 15594M (AvailPageFile size 22M)
current process WorkingSet (physical memory assigned to process): 121M, peak: 142M
current process commit charge ("private bytes"): 275M, peak: 293M

vm_info: OpenJDK 64-Bit Server VM (21.0.9+10-LTS) for windows-amd64 JRE (21.0.9+10-LTS), built on 2025-10-21T00:00:00Z by "admin" with unknown MS VC++:1942

END.
