#
# There is insufficient memory for the Java Runtime Environment to continue.
# Native memory allocation (malloc) failed to allocate 1071856 bytes. Error detail: Chunk::new
# Possible reasons:
#   The system is out of physical RAM or swap space
#   This process is running with CompressedOops enabled, and the Java Heap may be blocking the growth of the native heap
# Possible solutions:
#   Reduce memory load on the system
#   Increase physical memory or swap space
#   Check if swap backing store is full
#   Decrease Java heap size (-Xmx/-Xms)
#   Decrease number of Java threads
#   Decrease Java thread stack sizes (-Xss)
#   Set larger code cache with -XX:ReservedCodeCacheSize=
#   JVM is running with Unscaled Compressed Oops mode in which the Java heap is
#     placed in the first 4GB address space. The Java Heap base address is the
#     maximum limit for the native heap growth. Please use -XX:HeapBaseMinAddress
#     to set the Java Heap base and to place the Java Heap above 4GB virtual address.
# This output file may be truncated or incomplete.
#
#  Out of Memory Error (arena.cpp:168), pid=22592, tid=19680
#
# JRE version: OpenJDK Runtime Environment Temurin-21.0.9+10 (21.0.9+10) (build 21.0.9+10-LTS)
# Java VM: OpenJDK 64-Bit Server VM Temurin-21.0.9+10 (21.0.9+10-LTS, mixed mode, sharing, tiered, compressed oops, compressed class ptrs, parallel gc, windows-amd64)
# No core dump will be written. Minidumps are not enabled by default on client versions of Windows
#

---------------  S U M M A R Y ------------

Command Line: --add-modules=ALL-SYSTEM --add-opens=java.base/java.util=ALL-UNNAMED --add-opens=java.base/java.lang=ALL-UNNAMED --add-opens=java.base/sun.nio.fs=ALL-UNNAMED -Declipse.application=org.eclipse.jdt.ls.core.id1 -Dosgi.bundles.defaultStartLevel=4 -Declipse.product=org.eclipse.jdt.ls.core.product -Djava.import.generatesMetadataFilesAtProjectRoot=false -DDetectVMInstallationsJob.disabled=true -Dfile.encoding=utf8 -XX:+UseParallelGC -XX:GCTimeRatio=4 -XX:AdaptiveSizePolicyWeight=90 -Dsun.zip.disableMemoryMapping=true -Xmx2G -Xms100m -Xlog:disable -javaagent:c:\Users\User\.vscode\extensions\redhat.java-1.50.0-win32-x64\lombok\lombok-1.18.39-4050.jar c:\Users\User\.vscode\extensions\redhat.java-1.50.0-win32-x64\server\plugins\org.eclipse.equinox.launcher_1.7.100.v20251111-0406.jar -configuration c:\Users\User\AppData\Roaming\Code\User\globalStorage\redhat.java\1.50.0\config_ss_win -data c:\Users\User\AppData\Roaming\Code\User\workspaceStorage\787e10f9c645ed1209b2f81195558d95\redhat.java\ss_ws --pipe=\\.\pipe\lsp-d969259557d1786550186b5b2d5c698d-sock

Host: 11th Gen Intel(R) Core(TM) i5-1135G7 @ 2.40GHz, 8 cores, 3G,  Windows 11 , 64 bit Build 26100 (10.0.26100.7019)
Time: Sat Dec  6 06:55:54 2025 Pacific Standard Time elapsed time: 8.731330 seconds (0d 0h 0m 8s)

---------------  T H R E A D  ---------------

Current thread (0x000001b54e4aaaf0):  JavaThread "C2 CompilerThread0" daemon [_thread_in_native, id=19680, stack(0x0000004e8a200000,0x0000004e8a300000) (1024K)]


Current CompileTask:
C2:8731 4829       4       org.lombokweb.asm.ClassReader::readMethod (1070 bytes)

Stack: [0x0000004e8a200000,0x0000004e8a300000]
Native frames: (J=compiled Java code, j=interpreted, Vv=VM code, C=native code)
V  [jvm.dll+0x6d6e29]
V  [jvm.dll+0x8b4b76]
V  [jvm.dll+0x8b712e]
V  [jvm.dll+0x8b7813]
V  [jvm.dll+0x283d86]
V  [jvm.dll+0xc66ed]
V  [jvm.dll+0xc6c31]
V  [jvm.dll+0x2facee]
V  [jvm.dll+0x5fde44]
V  [jvm.dll+0x255557]
V  [jvm.dll+0x25591d]
V  [jvm.dll+0x24df40]
V  [jvm.dll+0x24b482]
V  [jvm.dll+0x1cb13e]
V  [jvm.dll+0x25b29d]
V  [jvm.dll+0x25982a]
V  [jvm.dll+0x3f7ea6]
V  [jvm.dll+0x85e9ad]
V  [jvm.dll+0x6d565d]
C  [ucrtbase.dll+0x37b0]
C  [KERNEL32.DLL+0x2e8d7]
C  [ntdll.dll+0x8c53c]


---------------  P R O C E S S  ---------------

Threads class SMR info:
_java_thread_list=0x000001b56b8773c0, length=35, elements={
0x000001b54e52c270, 0x000001b54e5eac40, 0x000001b54e5ed170, 0x000001b54e4a5cc0,
0x000001b54e4a8820, 0x000001b54e4a9270, 0x000001b54e4a9cc0, 0x000001b54e4aaaf0,
0x000001b54e4b0ed0, 0x000001b566935230, 0x000001b566abc700, 0x000001b56b589c40,
0x000001b56b570f60, 0x000001b56b5742a0, 0x000001b56b61ccd0, 0x000001b56b4f6400,
0x000001b56b779270, 0x000001b56baeb0a0, 0x000001b56bfbdae0, 0x000001b56bfbe800,
0x000001b56bfbc730, 0x000001b56bfbcdc0, 0x000001b56bfbe170, 0x000001b56bfbd450,
0x000001b56bfbee90, 0x000001b56bfbba10, 0x000001b56bfbc0a0, 0x000001b56ca29e50,
0x000001b56ca28aa0, 0x000001b56ca2a4e0, 0x000001b56ca276f0, 0x000001b56ca27060,
0x000001b56ca297c0, 0x000001b56ca29130, 0x000001b56ca2ab70
}

Java Threads: ( => current thread )
  0x000001b54e52c270 JavaThread "main"                              [_thread_blocked, id=23056, stack(0x0000004e89800000,0x0000004e89900000) (1024K)]
  0x000001b54e5eac40 JavaThread "Reference Handler"          daemon [_thread_blocked, id=10456, stack(0x0000004e89c00000,0x0000004e89d00000) (1024K)]
  0x000001b54e5ed170 JavaThread "Finalizer"                  daemon [_thread_blocked, id=12736, stack(0x0000004e89d00000,0x0000004e89e00000) (1024K)]
  0x000001b54e4a5cc0 JavaThread "Signal Dispatcher"          daemon [_thread_blocked, id=9016, stack(0x0000004e89e00000,0x0000004e89f00000) (1024K)]
  0x000001b54e4a8820 JavaThread "Attach Listener"            daemon [_thread_blocked, id=2448, stack(0x0000004e89f00000,0x0000004e8a000000) (1024K)]
  0x000001b54e4a9270 JavaThread "Service Thread"             daemon [_thread_blocked, id=6452, stack(0x0000004e8a000000,0x0000004e8a100000) (1024K)]
  0x000001b54e4a9cc0 JavaThread "Monitor Deflation Thread"   daemon [_thread_blocked, id=22644, stack(0x0000004e8a100000,0x0000004e8a200000) (1024K)]
=>0x000001b54e4aaaf0 JavaThread "C2 CompilerThread0"         daemon [_thread_in_native, id=19680, stack(0x0000004e8a200000,0x0000004e8a300000) (1024K)]
  0x000001b54e4b0ed0 JavaThread "C1 CompilerThread0"         daemon [_thread_blocked, id=17428, stack(0x0000004e8a300000,0x0000004e8a400000) (1024K)]
  0x000001b566935230 JavaThread "Common-Cleaner"             daemon [_thread_blocked, id=6024, stack(0x0000004e8a400000,0x0000004e8a500000) (1024K)]
  0x000001b566abc700 JavaThread "Notification Thread"        daemon [_thread_blocked, id=5692, stack(0x0000004e8a500000,0x0000004e8a600000) (1024K)]
  0x000001b56b589c40 JavaThread "Active Thread: Equinox Container: 54657f39-59d4-421b-809b-03a569857d35"        [_thread_blocked, id=14468, stack(0x0000004e8ac00000,0x0000004e8ad00000) (1024K)]
  0x000001b56b570f60 JavaThread "Framework Event Dispatcher: Equinox Container: 54657f39-59d4-421b-809b-03a569857d35" daemon [_thread_blocked, id=20004, stack(0x0000004e8ad00000,0x0000004e8ae00000) (1024K)]
  0x000001b56b5742a0 JavaThread "Start Level: Equinox Container: 54657f39-59d4-421b-809b-03a569857d35" daemon [_thread_blocked, id=10992, stack(0x0000004e8ae00000,0x0000004e8af00000) (1024K)]
  0x000001b56b61ccd0 JavaThread "SCR Component Actor"        daemon [_thread_blocked, id=5668, stack(0x0000004e8b000000,0x0000004e8b100000) (1024K)]
  0x000001b56b4f6400 JavaThread "Worker-JM"                         [_thread_blocked, id=14772, stack(0x0000004e8b100000,0x0000004e8b200000) (1024K)]
  0x000001b56b779270 JavaThread "Worker-0"                          [_thread_blocked, id=6708, stack(0x0000004e8b200000,0x0000004e8b300000) (1024K)]
  0x000001b56baeb0a0 JavaThread "Worker-1: Building"                [_thread_in_vm, id=15212, stack(0x0000004e8b300000,0x0000004e8b400000) (1024K)]
  0x000001b56bfbdae0 JavaThread "JNA Cleaner"                daemon [_thread_blocked, id=16436, stack(0x0000004e8b400000,0x0000004e8b500000) (1024K)]
  0x000001b56bfbe800 JavaThread "Thread-1"                   daemon [_thread_in_native, id=9976, stack(0x0000004e8b700000,0x0000004e8b800000) (1024K)]
  0x000001b56bfbc730 JavaThread "Thread-2"                   daemon [_thread_in_native, id=18156, stack(0x0000004e8b800000,0x0000004e8b900000) (1024K)]
  0x000001b56bfbcdc0 JavaThread "Thread-3"                   daemon [_thread_in_native, id=10560, stack(0x0000004e8b900000,0x0000004e8ba00000) (1024K)]
  0x000001b56bfbe170 JavaThread "Thread-4"                   daemon [_thread_in_native, id=13252, stack(0x0000004e8ba00000,0x0000004e8bb00000) (1024K)]
  0x000001b56bfbd450 JavaThread "Thread-5"                   daemon [_thread_in_native, id=10276, stack(0x0000004e8bb00000,0x0000004e8bc00000) (1024K)]
  0x000001b56bfbee90 JavaThread "Thread-6"                   daemon [_thread_in_native, id=10800, stack(0x0000004e8bc00000,0x0000004e8bd00000) (1024K)]
  0x000001b56bfbba10 JavaThread "Thread-7"                   daemon [_thread_in_native, id=9868, stack(0x0000004e8bd00000,0x0000004e8be00000) (1024K)]
  0x000001b56bfbc0a0 JavaThread "Thread-8"                   daemon [_thread_in_native, id=3216, stack(0x0000004e8be00000,0x0000004e8bf00000) (1024K)]
  0x000001b56ca29e50 JavaThread "Thread-9"                   daemon [_thread_in_native, id=19984, stack(0x0000004e8bf00000,0x0000004e8c000000) (1024K)]
  0x000001b56ca28aa0 JavaThread "pool-2-thread-1"                   [_thread_blocked, id=11892, stack(0x0000004e8c000000,0x0000004e8c100000) (1024K)]
  0x000001b56ca2a4e0 JavaThread "WorkspaceEventsHandler"            [_thread_blocked, id=17548, stack(0x0000004e8c100000,0x0000004e8c200000) (1024K)]
  0x000001b56ca276f0 JavaThread "pool-1-thread-1"                   [_thread_blocked, id=20916, stack(0x0000004e8c200000,0x0000004e8c300000) (1024K)]
  0x000001b56ca27060 JavaThread "ForkJoinPool.commonPool-worker-1" daemon [_thread_blocked, id=13564, stack(0x0000004e8c300000,0x0000004e8c400000) (1024K)]
  0x000001b56ca297c0 JavaThread "ForkJoinPool.commonPool-worker-2" daemon [_thread_blocked, id=2076, stack(0x0000004e8c400000,0x0000004e8c500000) (1024K)]
  0x000001b56ca29130 JavaThread "Worker-2"                          [_thread_blocked, id=3316, stack(0x0000004e8c500000,0x0000004e8c600000) (1024K)]
  0x000001b56ca2ab70 JavaThread "ForkJoinPool.commonPool-worker-3" daemon [_thread_blocked, id=18292, stack(0x0000004e8c600000,0x0000004e8c700000) (1024K)]
Total: 35

Other Threads:
  0x000001b54e5d08b0 VMThread "VM Thread"                           [id=19376, stack(0x0000004e89b00000,0x0000004e89c00000) (1024K)]
  0x000001b54e599450 WatcherThread "VM Periodic Task Thread"        [id=13688, stack(0x0000004e89a00000,0x0000004e89b00000) (1024K)]
  0x000001b54e54a9e0 WorkerThread "GC Thread#0"                     [id=6804, stack(0x0000004e89900000,0x0000004e89a00000) (1024K)]
  0x000001b56b2407b0 WorkerThread "GC Thread#1"                     [id=13168, stack(0x0000004e8a600000,0x0000004e8a700000) (1024K)]
  0x000001b566ac4370 WorkerThread "GC Thread#2"                     [id=19576, stack(0x0000004e8a700000,0x0000004e8a800000) (1024K)]
  0x000001b566ac4710 WorkerThread "GC Thread#3"                     [id=20168, stack(0x0000004e8a800000,0x0000004e8a900000) (1024K)]
  0x000001b56b149fa0 WorkerThread "GC Thread#4"                     [id=12080, stack(0x0000004e8a900000,0x0000004e8aa00000) (1024K)]
  0x000001b56b14a340 WorkerThread "GC Thread#5"                     [id=20440, stack(0x0000004e8aa00000,0x0000004e8ab00000) (1024K)]
  0x000001b56b14a6e0 WorkerThread "GC Thread#6"                     [id=7968, stack(0x0000004e8ab00000,0x0000004e8ac00000) (1024K)]
  0x000001b56b670110 WorkerThread "GC Thread#7"                     [id=7620, stack(0x0000004e8af00000,0x0000004e8b000000) (1024K)]
Total: 10

Threads with active compile tasks:
C2 CompilerThread0  8777 4829       4       org.lombokweb.asm.ClassReader::readMethod (1070 bytes)
Total: 1

VM state: not at safepoint (normal execution)

VM Mutex/Monitor currently owned by a thread: None

Heap address: 0x0000000080000000, size: 2048 MB, Compressed Oops mode: 32-bit

CDS archive(s) mapped at: [0x000001b500000000-0x000001b500ba0000-0x000001b500ba0000), size 12189696, SharedBaseAddress: 0x000001b500000000, ArchiveRelocationMode: 1.
Compressed class space mapped at: 0x000001b501000000-0x000001b541000000, reserved size: 1073741824
Narrow klass base: 0x000001b500000000, Narrow klass shift: 0, Narrow klass range: 0x100000000

GC Precious Log:
 CardTable entry size: 512
 CPUs: 8 total, 8 available
 Memory: 3818M
 Large Page Support: Disabled
 NUMA Support: Disabled
 Compressed Oops: Enabled (32-bit)
 Alignments: Space 512K, Generation 512K, Heap 2M
 Heap Min Capacity: 100M
 Heap Initial Capacity: 100M
 Heap Max Capacity: 2G
 Pre-touch: Disabled
 Parallel Workers: 8

Heap:
 PSYoungGen      total 22528K, used 21705K [0x00000000d5580000, 0x00000000d7000000, 0x0000000100000000)
  eden space 22016K, 96% used [0x00000000d5580000,0x00000000d6a3aef8,0x00000000d6b00000)
  from space 512K, 93% used [0x00000000d6c00000,0x00000000d6c78000,0x00000000d6c80000)
  to   space 2048K, 0% used [0x00000000d6e00000,0x00000000d6e00000,0x00000000d7000000)
 ParOldGen       total 68608K, used 30432K [0x0000000080000000, 0x0000000084300000, 0x00000000d5580000)
  object space 68608K, 44% used [0x0000000080000000,0x0000000081db80e0,0x0000000084300000)
 Metaspace       used 40304K, committed 41344K, reserved 1114112K
  class space    used 4075K, committed 4544K, reserved 1048576K

Card table byte_map: [0x000001b54ded0000,0x000001b54e2e0000] _byte_map_base: 0x000001b54dad0000

Marking Bits: (ParMarkBitMap*) 0x00007ff95b942460
 Begin Bits: [0x000001b5609e0000, 0x000001b5629e0000)
 End Bits:   [0x000001b5629e0000, 0x000001b5649e0000)

Polling page: 0x000001b54c360000

Metaspace:

Usage:
  Non-class:     35.38 MB used.
      Class:      3.98 MB used.
       Both:     39.36 MB used.

Virtual space:
  Non-class space:       64.00 MB reserved,      35.94 MB ( 56%) committed,  1 nodes.
      Class space:        1.00 GB reserved,       4.44 MB ( <1%) committed,  1 nodes.
             Both:        1.06 GB reserved,      40.38 MB (  4%) committed. 

Chunk freelists:
   Non-Class:  12.09 MB
       Class:  11.59 MB
        Both:  23.69 MB

MaxMetaspaceSize: unlimited
CompressedClassSpaceSize: 1.00 GB
Initial GC threshold: 21.00 MB
Current GC threshold: 58.38 MB
CDS: on
 - commit_granule_bytes: 65536.
 - commit_granule_words: 8192.
 - virtual_space_node_default_size: 8388608.
 - enlarge_chunks_in_place: 1.
 - use_allocation_guard: 0.


Internal statistics:

num_allocs_failed_limit: 6.
num_arena_births: 782.
num_arena_deaths: 40.
num_vsnodes_births: 2.
num_vsnodes_deaths: 0.
num_space_committed: 646.
num_space_uncommitted: 0.
num_chunks_returned_to_freelist: 56.
num_chunks_taken_from_freelist: 2515.
num_chunk_merges: 12.
num_chunk_splits: 1577.
num_chunks_enlarged: 943.
num_inconsistent_stats: 0.

CodeHeap 'non-profiled nmethods': size=120000Kb used=2000Kb max_used=2000Kb free=117999Kb
 bounds [0x000001b559200000, 0x000001b559470000, 0x000001b560730000]
CodeHeap 'profiled nmethods': size=120000Kb used=10238Kb max_used=10238Kb free=109761Kb
 bounds [0x000001b551730000, 0x000001b552130000, 0x000001b558c60000]
CodeHeap 'non-nmethods': size=5760Kb used=1410Kb max_used=1419Kb free=4350Kb
 bounds [0x000001b558c60000, 0x000001b558ed0000, 0x000001b559200000]
CodeCache: size=245760Kb, used=13648Kb, max_used=13657Kb, free=232110Kb
 total_blobs=5472, nmethods=4767, adapters=611, full_count=0
Compilation: enabled, stopped_count=0, restarted_count=0

Compilation events (20 events):
Event: 7.696 Thread 0x000001b54e4b0ed0 nmethod 5102 0x000001b552104710 code [0x000001b5521048a0, 0x000001b5521049d8]
Event: 7.696 Thread 0x000001b54e4b0ed0 5104       2       org.eclipse.core.internal.events.ResourceDeltaFactory::createDelta (249 bytes)
Event: 7.698 Thread 0x000001b54e4b0ed0 nmethod 5104 0x000001b552104a90 code [0x000001b552104cc0, 0x000001b5521054c0]
Event: 7.698 Thread 0x000001b54e4b0ed0 5105       2       org.eclipse.core.internal.events.ResourceDelta::fixMovesAndMarkers (350 bytes)
Event: 7.699 Thread 0x000001b54e4b0ed0 nmethod 5105 0x000001b552105990 code [0x000001b552105be0, 0x000001b552106330]
Event: 7.699 Thread 0x000001b54e4b0ed0 5106       2       org.eclipse.core.runtime.Path::computeHashCode (47 bytes)
Event: 7.700 Thread 0x000001b54e4b0ed0 nmethod 5106 0x000001b552106910 code [0x000001b552106ac0, 0x000001b552106cb0]
Event: 7.700 Thread 0x000001b54e4b0ed0 5107   !   2       org.eclipse.jdt.internal.core.JavaProject::getOption (43 bytes)
Event: 7.700 Thread 0x000001b54e4b0ed0 nmethod 5107 0x000001b552106e10 code [0x000001b552106fe0, 0x000001b552107228]
Event: 7.700 Thread 0x000001b54e4b0ed0 5103       2       org.eclipse.core.internal.events.ResourceComparator::compare (383 bytes)
Event: 7.701 Thread 0x000001b54e4b0ed0 nmethod 5103 0x000001b552107410 code [0x000001b552107620, 0x000001b552107f68]
Event: 7.955 Thread 0x000001b54e4b0ed0 5108       2       org.eclipse.core.internal.jobs.JobQueue::peek (26 bytes)
Event: 7.955 Thread 0x000001b54e4b0ed0 nmethod 5108 0x000001b552108290 code [0x000001b552108420, 0x000001b552108548]
Event: 7.956 Thread 0x000001b54e4b0ed0 5109       2       org.eclipse.jdt.internal.compiler.impl.IrritantSet::set (23 bytes)
Event: 7.956 Thread 0x000001b54e4b0ed0 nmethod 5109 0x000001b552108610 code [0x000001b5521087a0, 0x000001b5521088f0]
Event: 7.957 Thread 0x000001b54e4b0ed0 5110 %     3       org.eclipse.jdt.internal.compiler.util.CharDeduplication::equals @ 17 (44 bytes)
Event: 7.957 Thread 0x000001b54e4b0ed0 nmethod 5110% 0x000001b552108a10 code [0x000001b552108be0, 0x000001b552108f80]
Event: 7.957 Thread 0x000001b54e4b0ed0 5111 %     3       org.eclipse.jdt.internal.compiler.util.CharDeduplication::hashCode @ 13 (37 bytes)
Event: 7.958 Thread 0x000001b54e4b0ed0 nmethod 5111% 0x000001b552109110 code [0x000001b5521092c0, 0x000001b552109578]
Event: 7.958 Thread 0x000001b54e4b0ed0 5113   !   3       org.eclipse.jdt.internal.compiler.parser.Scanner::getNextToken0 (3060 bytes)

GC Heap History (20 events):
Event: 6.200 GC heap before
{Heap before GC invocations=12 (full 1):
 PSYoungGen      total 26112K, used 25780K [0x00000000d5580000, 0x00000000d7400000, 0x0000000100000000)
  eden space 23040K, 100% used [0x00000000d5580000,0x00000000d6c00000,0x00000000d6c00000)
  from space 3072K, 89% used [0x00000000d7100000,0x00000000d73ad228,0x00000000d7400000)
  to   space 3584K, 0% used [0x00000000d6d00000,0x00000000d6d00000,0x00000000d7080000)
 ParOldGen       total 68608K, used 13235K [0x0000000080000000, 0x0000000084300000, 0x00000000d5580000)
  object space 68608K, 19% used [0x0000000080000000,0x0000000080cecff0,0x0000000084300000)
 Metaspace       used 34236K, committed 35136K, reserved 1114112K
  class space    used 3563K, committed 3968K, reserved 1048576K
}
Event: 6.205 GC heap after
{Heap after GC invocations=12 (full 1):
 PSYoungGen      total 24576K, used 1888K [0x00000000d5580000, 0x00000000d7180000, 0x0000000100000000)
  eden space 22528K, 0% used [0x00000000d5580000,0x00000000d5580000,0x00000000d6b80000)
  from space 2048K, 92% used [0x00000000d6d00000,0x00000000d6ed8020,0x00000000d6f00000)
  to   space 2560K, 0% used [0x00000000d6f00000,0x00000000d6f00000,0x00000000d7180000)
 ParOldGen       total 68608K, used 15915K [0x0000000080000000, 0x0000000084300000, 0x00000000d5580000)
  object space 68608K, 23% used [0x0000000080000000,0x0000000080f8ad38,0x0000000084300000)
 Metaspace       used 34236K, committed 35136K, reserved 1114112K
  class space    used 3563K, committed 3968K, reserved 1048576K
}
Event: 6.346 GC heap before
{Heap before GC invocations=13 (full 1):
 PSYoungGen      total 24576K, used 24416K [0x00000000d5580000, 0x00000000d7180000, 0x0000000100000000)
  eden space 22528K, 100% used [0x00000000d5580000,0x00000000d6b80000,0x00000000d6b80000)
  from space 2048K, 92% used [0x00000000d6d00000,0x00000000d6ed8020,0x00000000d6f00000)
  to   space 2560K, 0% used [0x00000000d6f00000,0x00000000d6f00000,0x00000000d7180000)
 ParOldGen       total 68608K, used 15915K [0x0000000080000000, 0x0000000084300000, 0x00000000d5580000)
  object space 68608K, 23% used [0x0000000080000000,0x0000000080f8ad38,0x0000000084300000)
 Metaspace       used 34842K, committed 35840K, reserved 1114112K
  class space    used 3642K, committed 4096K, reserved 1048576K
}
Event: 6.350 GC heap after
{Heap after GC invocations=13 (full 1):
 PSYoungGen      total 24576K, used 2481K [0x00000000d5580000, 0x00000000d7180000, 0x0000000100000000)
  eden space 22016K, 0% used [0x00000000d5580000,0x00000000d5580000,0x00000000d6b00000)
  from space 2560K, 96% used [0x00000000d6f00000,0x00000000d716c430,0x00000000d7180000)
  to   space 3072K, 0% used [0x00000000d6b80000,0x00000000d6b80000,0x00000000d6e80000)
 ParOldGen       total 68608K, used 17723K [0x0000000080000000, 0x0000000084300000, 0x00000000d5580000)
  object space 68608K, 25% used [0x0000000080000000,0x000000008114ed48,0x0000000084300000)
 Metaspace       used 34842K, committed 35840K, reserved 1114112K
  class space    used 3642K, committed 4096K, reserved 1048576K
}
Event: 6.376 GC heap before
{Heap before GC invocations=14 (full 1):
 PSYoungGen      total 24576K, used 11481K [0x00000000d5580000, 0x00000000d7180000, 0x0000000100000000)
  eden space 22016K, 40% used [0x00000000d5580000,0x00000000d5e4a350,0x00000000d6b00000)
  from space 2560K, 96% used [0x00000000d6f00000,0x00000000d716c430,0x00000000d7180000)
  to   space 3072K, 0% used [0x00000000d6b80000,0x00000000d6b80000,0x00000000d6e80000)
 ParOldGen       total 68608K, used 17723K [0x0000000080000000, 0x0000000084300000, 0x00000000d5580000)
  object space 68608K, 25% used [0x0000000080000000,0x000000008114ed48,0x0000000084300000)
 Metaspace       used 34897K, committed 35840K, reserved 1114112K
  class space    used 3649K, committed 4096K, reserved 1048576K
}
Event: 6.380 GC heap after
{Heap after GC invocations=14 (full 1):
 PSYoungGen      total 23552K, used 1088K [0x00000000d5580000, 0x00000000d6f80000, 0x0000000100000000)
  eden space 22016K, 0% used [0x00000000d5580000,0x00000000d5580000,0x00000000d6b00000)
  from space 1536K, 70% used [0x00000000d6b80000,0x00000000d6c90020,0x00000000d6d00000)
  to   space 2048K, 0% used [0x00000000d6d80000,0x00000000d6d80000,0x00000000d6f80000)
 ParOldGen       total 68608K, used 20086K [0x0000000080000000, 0x0000000084300000, 0x00000000d5580000)
  object space 68608K, 29% used [0x0000000080000000,0x000000008139d818,0x0000000084300000)
 Metaspace       used 34897K, committed 35840K, reserved 1114112K
  class space    used 3649K, committed 4096K, reserved 1048576K
}
Event: 6.380 GC heap before
{Heap before GC invocations=15 (full 2):
 PSYoungGen      total 23552K, used 1088K [0x00000000d5580000, 0x00000000d6f80000, 0x0000000100000000)
  eden space 22016K, 0% used [0x00000000d5580000,0x00000000d5580000,0x00000000d6b00000)
  from space 1536K, 70% used [0x00000000d6b80000,0x00000000d6c90020,0x00000000d6d00000)
  to   space 2048K, 0% used [0x00000000d6d80000,0x00000000d6d80000,0x00000000d6f80000)
 ParOldGen       total 68608K, used 20086K [0x0000000080000000, 0x0000000084300000, 0x00000000d5580000)
  object space 68608K, 29% used [0x0000000080000000,0x000000008139d818,0x0000000084300000)
 Metaspace       used 34897K, committed 35840K, reserved 1114112K
  class space    used 3649K, committed 4096K, reserved 1048576K
}
Event: 6.446 GC heap after
{Heap after GC invocations=15 (full 2):
 PSYoungGen      total 23552K, used 0K [0x00000000d5580000, 0x00000000d6f80000, 0x0000000100000000)
  eden space 22016K, 0% used [0x00000000d5580000,0x00000000d5580000,0x00000000d6b00000)
  from space 1536K, 0% used [0x00000000d6b80000,0x00000000d6b80000,0x00000000d6d00000)
  to   space 2048K, 0% used [0x00000000d6d80000,0x00000000d6d80000,0x00000000d6f80000)
 ParOldGen       total 68608K, used 20314K [0x0000000080000000, 0x0000000084300000, 0x00000000d5580000)
  object space 68608K, 29% used [0x0000000080000000,0x00000000813d69e0,0x0000000084300000)
 Metaspace       used 34874K, committed 35840K, reserved 1114112K
  class space    used 3642K, committed 4096K, reserved 1048576K
}
Event: 6.539 GC heap before
{Heap before GC invocations=16 (full 2):
 PSYoungGen      total 23552K, used 22016K [0x00000000d5580000, 0x00000000d6f80000, 0x0000000100000000)
  eden space 22016K, 100% used [0x00000000d5580000,0x00000000d6b00000,0x00000000d6b00000)
  from space 1536K, 0% used [0x00000000d6b80000,0x00000000d6b80000,0x00000000d6d00000)
  to   space 2048K, 0% used [0x00000000d6d80000,0x00000000d6d80000,0x00000000d6f80000)
 ParOldGen       total 68608K, used 20314K [0x0000000080000000, 0x0000000084300000, 0x00000000d5580000)
  object space 68608K, 29% used [0x0000000080000000,0x00000000813d69e0,0x0000000084300000)
 Metaspace       used 35155K, committed 36096K, reserved 1114112K
  class space    used 3663K, committed 4096K, reserved 1048576K
}
Event: 6.543 GC heap after
{Heap after GC invocations=16 (full 2):
 PSYoungGen      total 24064K, used 2048K [0x00000000d5580000, 0x00000000d7000000, 0x0000000100000000)
  eden space 22016K, 0% used [0x00000000d5580000,0x00000000d5580000,0x00000000d6b00000)
  from space 2048K, 100% used [0x00000000d6d80000,0x00000000d6f80000,0x00000000d6f80000)
  to   space 2560K, 0% used [0x00000000d6b00000,0x00000000d6b00000,0x00000000d6d80000)
 ParOldGen       total 68608K, used 20590K [0x0000000080000000, 0x0000000084300000, 0x00000000d5580000)
  object space 68608K, 30% used [0x0000000080000000,0x000000008141b9e0,0x0000000084300000)
 Metaspace       used 35155K, committed 36096K, reserved 1114112K
  class space    used 3663K, committed 4096K, reserved 1048576K
}
Event: 6.656 GC heap before
{Heap before GC invocations=17 (full 2):
 PSYoungGen      total 24064K, used 24064K [0x00000000d5580000, 0x00000000d7000000, 0x0000000100000000)
  eden space 22016K, 100% used [0x00000000d5580000,0x00000000d6b00000,0x00000000d6b00000)
  from space 2048K, 100% used [0x00000000d6d80000,0x00000000d6f80000,0x00000000d6f80000)
  to   space 2560K, 0% used [0x00000000d6b00000,0x00000000d6b00000,0x00000000d6d80000)
 ParOldGen       total 68608K, used 20590K [0x0000000080000000, 0x0000000084300000, 0x00000000d5580000)
  object space 68608K, 30% used [0x0000000080000000,0x000000008141b9e0,0x0000000084300000)
 Metaspace       used 35377K, committed 36288K, reserved 1114112K
  class space    used 3689K, committed 4096K, reserved 1048576K
}
Event: 6.660 GC heap after
{Heap after GC invocations=17 (full 2):
 PSYoungGen      total 24064K, used 1888K [0x00000000d5580000, 0x00000000d6f00000, 0x0000000100000000)
  eden space 22016K, 0% used [0x00000000d5580000,0x00000000d5580000,0x00000000d6b00000)
  from space 2048K, 92% used [0x00000000d6b00000,0x00000000d6cd8010,0x00000000d6d00000)
  to   space 2048K, 0% used [0x00000000d6d00000,0x00000000d6d00000,0x00000000d6f00000)
 ParOldGen       total 68608K, used 22590K [0x0000000080000000, 0x0000000084300000, 0x00000000d5580000)
  object space 68608K, 32% used [0x0000000080000000,0x000000008160f9b0,0x0000000084300000)
 Metaspace       used 35377K, committed 36288K, reserved 1114112K
  class space    used 3689K, committed 4096K, reserved 1048576K
}
Event: 6.787 GC heap before
{Heap before GC invocations=18 (full 2):
 PSYoungGen      total 24064K, used 23867K [0x00000000d5580000, 0x00000000d6f00000, 0x0000000100000000)
  eden space 22016K, 99% used [0x00000000d5580000,0x00000000d6af6fd8,0x00000000d6b00000)
  from space 2048K, 92% used [0x00000000d6b00000,0x00000000d6cd8010,0x00000000d6d00000)
  to   space 2048K, 0% used [0x00000000d6d00000,0x00000000d6d00000,0x00000000d6f00000)
 ParOldGen       total 68608K, used 22590K [0x0000000080000000, 0x0000000084300000, 0x00000000d5580000)
  object space 68608K, 32% used [0x0000000080000000,0x000000008160f9b0,0x0000000084300000)
 Metaspace       used 35645K, committed 36608K, reserved 1114112K
  class space    used 3713K, committed 4160K, reserved 1048576K
}
Event: 6.792 GC heap after
{Heap after GC invocations=18 (full 2):
 PSYoungGen      total 24064K, used 1888K [0x00000000d5580000, 0x00000000d6f00000, 0x0000000100000000)
  eden space 22016K, 0% used [0x00000000d5580000,0x00000000d5580000,0x00000000d6b00000)
  from space 2048K, 92% used [0x00000000d6d00000,0x00000000d6ed8000,0x00000000d6f00000)
  to   space 2048K, 0% used [0x00000000d6b00000,0x00000000d6b00000,0x00000000d6d00000)
 ParOldGen       total 68608K, used 24574K [0x0000000080000000, 0x0000000084300000, 0x00000000d5580000)
  object space 68608K, 35% used [0x0000000080000000,0x00000000817ff9c0,0x0000000084300000)
 Metaspace       used 35645K, committed 36608K, reserved 1114112K
  class space    used 3713K, committed 4160K, reserved 1048576K
}
Event: 6.877 GC heap before
{Heap before GC invocations=19 (full 2):
 PSYoungGen      total 24064K, used 23904K [0x00000000d5580000, 0x00000000d6f00000, 0x0000000100000000)
  eden space 22016K, 100% used [0x00000000d5580000,0x00000000d6b00000,0x00000000d6b00000)
  from space 2048K, 92% used [0x00000000d6d00000,0x00000000d6ed8000,0x00000000d6f00000)
  to   space 2048K, 0% used [0x00000000d6b00000,0x00000000d6b00000,0x00000000d6d00000)
 ParOldGen       total 68608K, used 24574K [0x0000000080000000, 0x0000000084300000, 0x00000000d5580000)
  object space 68608K, 35% used [0x0000000080000000,0x00000000817ff9c0,0x0000000084300000)
 Metaspace       used 36403K, committed 37312K, reserved 1114112K
  class space    used 3751K, committed 4160K, reserved 1048576K
}
Event: 6.881 GC heap after
{Heap after GC invocations=19 (full 2):
 PSYoungGen      total 24064K, used 2048K [0x00000000d5580000, 0x00000000d7400000, 0x0000000100000000)
  eden space 22016K, 0% used [0x00000000d5580000,0x00000000d5580000,0x00000000d6b00000)
  from space 2048K, 100% used [0x00000000d6b00000,0x00000000d6d00000,0x00000000d6d00000)
  to   space 4608K, 0% used [0x00000000d6f80000,0x00000000d6f80000,0x00000000d7400000)
 ParOldGen       total 68608K, used 26486K [0x0000000080000000, 0x0000000084300000, 0x00000000d5580000)
  object space 68608K, 38% used [0x0000000080000000,0x00000000819dd9c0,0x0000000084300000)
 Metaspace       used 36403K, committed 37312K, reserved 1114112K
  class space    used 3751K, committed 4160K, reserved 1048576K
}
Event: 7.001 GC heap before
{Heap before GC invocations=20 (full 2):
 PSYoungGen      total 24064K, used 24064K [0x00000000d5580000, 0x00000000d7400000, 0x0000000100000000)
  eden space 22016K, 100% used [0x00000000d5580000,0x00000000d6b00000,0x00000000d6b00000)
  from space 2048K, 100% used [0x00000000d6b00000,0x00000000d6d00000,0x00000000d6d00000)
  to   space 4608K, 0% used [0x00000000d6f80000,0x00000000d6f80000,0x00000000d7400000)
 ParOldGen       total 68608K, used 26486K [0x0000000080000000, 0x0000000084300000, 0x00000000d5580000)
  object space 68608K, 38% used [0x0000000080000000,0x00000000819dd9c0,0x0000000084300000)
 Metaspace       used 37229K, committed 38208K, reserved 1114112K
  class space    used 3801K, committed 4224K, reserved 1048576K
}
Event: 7.009 GC heap after
{Heap after GC invocations=20 (full 2):
 PSYoungGen      total 25600K, used 3262K [0x00000000d5580000, 0x00000000d7300000, 0x0000000100000000)
  eden space 22016K, 0% used [0x00000000d5580000,0x00000000d5580000,0x00000000d6b00000)
  from space 3584K, 91% used [0x00000000d6f80000,0x00000000d72afba8,0x00000000d7300000)
  to   space 3584K, 0% used [0x00000000d6c00000,0x00000000d6c00000,0x00000000d6f80000)
 ParOldGen       total 68608K, used 28555K [0x0000000080000000, 0x0000000084300000, 0x00000000d5580000)
  object space 68608K, 41% used [0x0000000080000000,0x0000000081be2e50,0x0000000084300000)
 Metaspace       used 37229K, committed 38208K, reserved 1114112K
  class space    used 3801K, committed 4224K, reserved 1048576K
}
Event: 7.131 GC heap before
{Heap before GC invocations=21 (full 2):
 PSYoungGen      total 25600K, used 25278K [0x00000000d5580000, 0x00000000d7300000, 0x0000000100000000)
  eden space 22016K, 100% used [0x00000000d5580000,0x00000000d6b00000,0x00000000d6b00000)
  from space 3584K, 91% used [0x00000000d6f80000,0x00000000d72afba8,0x00000000d7300000)
  to   space 3584K, 0% used [0x00000000d6c00000,0x00000000d6c00000,0x00000000d6f80000)
 ParOldGen       total 68608K, used 28555K [0x0000000080000000, 0x0000000084300000, 0x00000000d5580000)
  object space 68608K, 41% used [0x0000000080000000,0x0000000081be2e50,0x0000000084300000)
 Metaspace       used 37728K, committed 38656K, reserved 1114112K
  class space    used 3832K, committed 4224K, reserved 1048576K
}
Event: 7.135 GC heap after
{Heap after GC invocations=21 (full 2):
 PSYoungGen      total 22528K, used 480K [0x00000000d5580000, 0x00000000d7000000, 0x0000000100000000)
  eden space 22016K, 0% used [0x00000000d5580000,0x00000000d5580000,0x00000000d6b00000)
  from space 512K, 93% used [0x00000000d6c00000,0x00000000d6c78000,0x00000000d6c80000)
  to   space 2048K, 0% used [0x00000000d6e00000,0x00000000d6e00000,0x00000000d7000000)
 ParOldGen       total 68608K, used 30432K [0x0000000080000000, 0x0000000084300000, 0x00000000d5580000)
  object space 68608K, 44% used [0x0000000080000000,0x0000000081db80e0,0x0000000084300000)
 Metaspace       used 37728K, committed 38656K, reserved 1114112K
  class space    used 3832K, committed 4224K, reserved 1048576K
}

Dll operation events (10 events):
Event: 0.030 Loaded shared library c:\Users\User\.vscode\extensions\redhat.java-1.50.0-win32-x64\jre\21.0.9-win32-x86_64\bin\java.dll
Event: 0.186 Loaded shared library c:\Users\User\.vscode\extensions\redhat.java-1.50.0-win32-x64\jre\21.0.9-win32-x86_64\bin\zip.dll
Event: 0.222 Loaded shared library C:\Users\User\.vscode\extensions\redhat.java-1.50.0-win32-x64\jre\21.0.9-win32-x86_64\bin\instrument.dll
Event: 0.239 Loaded shared library C:\Users\User\.vscode\extensions\redhat.java-1.50.0-win32-x64\jre\21.0.9-win32-x86_64\bin\net.dll
Event: 0.255 Loaded shared library C:\Users\User\.vscode\extensions\redhat.java-1.50.0-win32-x64\jre\21.0.9-win32-x86_64\bin\nio.dll
Event: 0.264 Loaded shared library C:\Users\User\.vscode\extensions\redhat.java-1.50.0-win32-x64\jre\21.0.9-win32-x86_64\bin\zip.dll
Event: 0.303 Loaded shared library C:\Users\User\.vscode\extensions\redhat.java-1.50.0-win32-x64\jre\21.0.9-win32-x86_64\bin\jimage.dll
Event: 0.412 Loaded shared library c:\Users\User\.vscode\extensions\redhat.java-1.50.0-win32-x64\jre\21.0.9-win32-x86_64\bin\verify.dll
Event: 2.028 Loaded shared library C:\Users\User\AppData\Roaming\Code\User\globalStorage\redhat.java\1.50.0\config_ss_win\org.eclipse.equinox.launcher\org.eclipse.equinox.launcher.win32.win32.x86_64_1.2.1400.v20250801-0854\eclipse_11916.dll
Event: 4.815 Loaded shared library C:\Users\User\AppData\Local\Temp\jna-2645995\jna12670031095315798062.dll

Deoptimization events (20 events):
Event: 7.338 Thread 0x000001b56baeb0a0 DEOPT PACKING pc=0x000001b55935e54c sp=0x0000004e8b3fd3d0
Event: 7.338 Thread 0x000001b56baeb0a0 DEOPT UNPACKING pc=0x000001b558cb6da2 sp=0x0000004e8b3fd358 mode 2
Event: 7.545 Thread 0x000001b56ca27060 Uncommon trap: trap_request=0xffffffc6 fr.pc=0x000001b5593afaf4 relative=0x0000000000000994
Event: 7.545 Thread 0x000001b56ca27060 Uncommon trap: reason=bimorphic_or_optimized_type_check action=maybe_recompile pc=0x000001b5593afaf4 method=java.util.regex.Matcher.search(I)Z @ 121 c2
Event: 7.545 Thread 0x000001b56ca27060 DEOPT PACKING pc=0x000001b5593afaf4 sp=0x0000004e8c3fe0f0
Event: 7.545 Thread 0x000001b56ca27060 DEOPT UNPACKING pc=0x000001b558cb6da2 sp=0x0000004e8c3fe0e0 mode 2
Event: 7.548 Thread 0x000001b56ca27060 Uncommon trap: trap_request=0xffffffc6 fr.pc=0x000001b5593afaf4 relative=0x0000000000000994
Event: 7.548 Thread 0x000001b56ca27060 Uncommon trap: reason=bimorphic_or_optimized_type_check action=maybe_recompile pc=0x000001b5593afaf4 method=java.util.regex.Matcher.search(I)Z @ 121 c2
Event: 7.548 Thread 0x000001b56ca27060 DEOPT PACKING pc=0x000001b5593afaf4 sp=0x0000004e8c3fe090
Event: 7.548 Thread 0x000001b56ca27060 DEOPT UNPACKING pc=0x000001b558cb6da2 sp=0x0000004e8c3fe080 mode 2
Event: 7.549 Thread 0x000001b56ca27060 Uncommon trap: trap_request=0xffffffc6 fr.pc=0x000001b5593afaf4 relative=0x0000000000000994
Event: 7.549 Thread 0x000001b56ca27060 Uncommon trap: reason=bimorphic_or_optimized_type_check action=maybe_recompile pc=0x000001b5593afaf4 method=java.util.regex.Matcher.search(I)Z @ 121 c2
Event: 7.549 Thread 0x000001b56ca27060 DEOPT PACKING pc=0x000001b5593afaf4 sp=0x0000004e8c3fe0f0
Event: 7.549 Thread 0x000001b56ca27060 DEOPT UNPACKING pc=0x000001b558cb6da2 sp=0x0000004e8c3fe0e0 mode 2
Event: 7.550 Thread 0x000001b56ca27060 Uncommon trap: trap_request=0xffffffc6 fr.pc=0x000001b5593afaf4 relative=0x0000000000000994
Event: 7.550 Thread 0x000001b56ca27060 Uncommon trap: reason=bimorphic_or_optimized_type_check action=maybe_recompile pc=0x000001b5593afaf4 method=java.util.regex.Matcher.search(I)Z @ 121 c2
Event: 7.550 Thread 0x000001b56ca27060 DEOPT PACKING pc=0x000001b5593afaf4 sp=0x0000004e8c3fe090
Event: 7.550 Thread 0x000001b56ca27060 DEOPT UNPACKING pc=0x000001b558cb6da2 sp=0x0000004e8c3fe080 mode 2
Event: 7.616 Thread 0x000001b56ca27060 DEOPT PACKING pc=0x000001b5520f9307 sp=0x0000004e8c3fd9d0
Event: 7.616 Thread 0x000001b56ca27060 DEOPT UNPACKING pc=0x000001b558cb78e2 sp=0x0000004e8c3fce98 mode 0

Classes loaded (20 events):
Event: 7.310 Loading class java/util/stream/Node$Builder$OfInt done
Event: 7.310 Loading class java/util/stream/Nodes$IntArrayNode
Event: 7.310 Loading class java/util/stream/Nodes$CollectorTask done
Event: 7.310 Loading class java/util/stream/Nodes$IntArrayNode done
Event: 7.310 Loading class java/util/stream/Nodes$CollectorTask$OfRef done
Event: 7.310 Loading class java/util/stream/Nodes$IntFixedNodeBuilder done
Event: 7.310 Loading class java/util/stream/ReferencePipeline$4$1
Event: 7.310 Loading class java/util/function/LongFunction
Event: 7.311 Loading class java/util/stream/ReferencePipeline$4$1 done
Event: 7.311 Loading class java/util/function/LongFunction done
Event: 7.311 Loading class java/util/stream/Nodes$ConcNode
Event: 7.311 Loading class java/util/stream/Nodes$AbstractConcNode
Event: 7.312 Loading class java/util/stream/Nodes$AbstractConcNode done
Event: 7.312 Loading class java/util/stream/Nodes$ConcNode done
Event: 7.313 Loading class java/util/stream/Nodes$ToArrayTask$OfRef
Event: 7.313 Loading class java/util/stream/Nodes$ToArrayTask
Event: 7.313 Loading class java/util/stream/Nodes$ToArrayTask done
Event: 7.313 Loading class java/util/stream/Nodes$ToArrayTask$OfRef done
Event: 7.396 Loading class java/util/Hashtable$ValueCollection
Event: 7.397 Loading class java/util/Hashtable$ValueCollection done

Classes unloaded (20 events):
Event: 3.459 Thread 0x000001b54e5d08b0 Unloading class 0x000001b501190c00 'java/lang/invoke/LambdaForm$MH+0x000001b501190c00'
Event: 3.459 Thread 0x000001b54e5d08b0 Unloading class 0x000001b501190800 'java/lang/invoke/LambdaForm$MH+0x000001b501190800'
Event: 3.459 Thread 0x000001b54e5d08b0 Unloading class 0x000001b501190400 'java/lang/invoke/LambdaForm$MH+0x000001b501190400'
Event: 3.459 Thread 0x000001b54e5d08b0 Unloading class 0x000001b501190000 'java/lang/invoke/LambdaForm$MH+0x000001b501190000'
Event: 3.459 Thread 0x000001b54e5d08b0 Unloading class 0x000001b50118fc00 'java/lang/invoke/LambdaForm$BMH+0x000001b50118fc00'
Event: 3.459 Thread 0x000001b54e5d08b0 Unloading class 0x000001b50118f800 'java/lang/invoke/LambdaForm$DMH+0x000001b50118f800'
Event: 3.459 Thread 0x000001b54e5d08b0 Unloading class 0x000001b50118e400 'java/lang/invoke/LambdaForm$DMH+0x000001b50118e400'
Event: 6.389 Thread 0x000001b54e5d08b0 Unloading class 0x000001b5013d3c00 'java/lang/invoke/LambdaForm$MH+0x000001b5013d3c00'
Event: 6.389 Thread 0x000001b54e5d08b0 Unloading class 0x000001b5013d3000 'java/lang/invoke/LambdaForm$MH+0x000001b5013d3000'
Event: 6.389 Thread 0x000001b54e5d08b0 Unloading class 0x000001b5013d2400 'java/lang/invoke/LambdaForm$DMH+0x000001b5013d2400'
Event: 6.389 Thread 0x000001b54e5d08b0 Unloading class 0x000001b5013d1800 'java/lang/invoke/LambdaForm$MH+0x000001b5013d1800'
Event: 6.389 Thread 0x000001b54e5d08b0 Unloading class 0x000001b5013cd000 'java/lang/invoke/LambdaForm$MH+0x000001b5013cd000'
Event: 6.389 Thread 0x000001b54e5d08b0 Unloading class 0x000001b5013ccc00 'java/lang/invoke/LambdaForm$MH+0x000001b5013ccc00'
Event: 6.389 Thread 0x000001b54e5d08b0 Unloading class 0x000001b5013cc000 'java/lang/invoke/LambdaForm$MH+0x000001b5013cc000'
Event: 6.389 Thread 0x000001b54e5d08b0 Unloading class 0x000001b5013cb800 'java/lang/invoke/LambdaForm$MH+0x000001b5013cb800'
Event: 6.389 Thread 0x000001b54e5d08b0 Unloading class 0x000001b5013cb000 'java/lang/invoke/LambdaForm$MH+0x000001b5013cb000'
Event: 6.389 Thread 0x000001b54e5d08b0 Unloading class 0x000001b5013ca800 'java/lang/invoke/LambdaForm$MH+0x000001b5013ca800'
Event: 6.389 Thread 0x000001b54e5d08b0 Unloading class 0x000001b5013ca000 'java/lang/invoke/LambdaForm$MH+0x000001b5013ca000'
Event: 6.389 Thread 0x000001b54e5d08b0 Unloading class 0x000001b5013c9c00 'java/lang/invoke/LambdaForm$MH+0x000001b5013c9c00'
Event: 6.389 Thread 0x000001b54e5d08b0 Unloading class 0x000001b5013c9400 'java/lang/invoke/LambdaForm$DMH+0x000001b5013c9400'

Classes redefined (0 events):
No events

Internal exceptions (20 events):
Event: 6.089 Thread 0x000001b56ca27060 Exception <a 'java/lang/NoSuchMethodError'{0x00000000d6bad2c0}: 'int java.lang.invoke.Invokers$Holder.linkToTargetMethod(java.lang.Object, java.lang.Object)'> (0x00000000d6bad2c0) 
thrown [s\src\hotspot\share\interpreter\linkResolver.cpp, line 773]
Event: 6.248 Thread 0x000001b56ca27060 Exception <a 'java/lang/NoSuchMethodError'{0x00000000d5d5c390}: 'int java.lang.invoke.DirectMethodHandle$Holder.invokeSpecial(java.lang.Object, java.lang.Object, java.lang.Object, java.lang.Object)'> (0x00000000d5d5c390) 
thrown [s\src\hotspot\share\interpreter\linkResolver.cpp, line 773]
Event: 6.250 Thread 0x000001b56ca27060 Exception <a 'java/lang/NoSuchMethodError'{0x00000000d5d69cf0}: 'java.lang.Object java.lang.invoke.DirectMethodHandle$Holder.invokeStatic(java.lang.Object, int, java.lang.Object, java.lang.Object)'> (0x00000000d5d69cf0) 
thrown [s\src\hotspot\share\interpreter\linkResolver.cpp, line 773]
Event: 6.250 Thread 0x000001b56ca27060 Exception <a 'java/lang/NoSuchMethodError'{0x00000000d5d6d9e8}: 'java.lang.Object java.lang.invoke.DelegatingMethodHandle$Holder.delegate(java.lang.Object, int, java.lang.Object, java.lang.Object)'> (0x00000000d5d6d9e8) 
thrown [s\src\hotspot\share\interpreter\linkResolver.cpp, line 773]
Event: 6.251 Thread 0x000001b56ca27060 Implicit null exception at 0x000001b5593ae3e4 to 0x000001b5593ae6b8
Event: 6.253 Thread 0x000001b56ca27060 Exception <a 'java/lang/NoSuchMethodError'{0x00000000d5d81670}: 'int java.lang.invoke.Invokers$Holder.linkToTargetMethod(java.lang.Object, java.lang.Object, java.lang.Object)'> (0x00000000d5d81670) 
thrown [s\src\hotspot\share\interpreter\linkResolver.cpp, line 773]
Event: 7.010 Thread 0x000001b56ca27060 Exception <a 'java/lang/NoSuchMethodError'{0x00000000d55bd4c8}: 'int java.lang.invoke.Invokers$Holder.invokeExact_MT(java.lang.Object, java.lang.Object)'> (0x00000000d55bd4c8) 
thrown [s\src\hotspot\share\interpreter\linkResolver.cpp, line 773]
Event: 7.188 Thread 0x000001b56b779270 Exception <a 'sun/nio/fs/WindowsException'{0x00000000d574bd48}> (0x00000000d574bd48) 
thrown [s\src\hotspot\share\prims\jni.cpp, line 520]
Event: 7.191 Thread 0x000001b56b779270 Exception <a 'sun/nio/fs/WindowsException'{0x00000000d5756578}> (0x00000000d5756578) 
thrown [s\src\hotspot\share\prims\jni.cpp, line 520]
Event: 7.214 Thread 0x000001b56b779270 Exception <a 'java/io/FileNotFoundException'{0x00000000d57b3f88}> (0x00000000d57b3f88) 
thrown [s\src\hotspot\share\prims\jni.cpp, line 520]
Event: 7.259 Thread 0x000001b56b779270 Exception <a 'java/io/FileNotFoundException'{0x00000000d599d590}> (0x00000000d599d590) 
thrown [s\src\hotspot\share\prims\jni.cpp, line 520]
Event: 7.263 Thread 0x000001b56b779270 Exception <a 'java/io/FileNotFoundException'{0x00000000d599e7f8}> (0x00000000d599e7f8) 
thrown [s\src\hotspot\share\prims\jni.cpp, line 520]
Event: 7.265 Thread 0x000001b56b779270 Exception <a 'java/io/FileNotFoundException'{0x00000000d599f560}> (0x00000000d599f560) 
thrown [s\src\hotspot\share\prims\jni.cpp, line 520]
Event: 7.339 Thread 0x000001b56baeb0a0 Exception <a 'java/lang/NoSuchMethodError'{0x00000000d5ca41d8}: 'java.lang.Object java.lang.invoke.DirectMethodHandle$Holder.newInvokeSpecial(java.lang.Object, java.lang.Object, java.lang.Object, java.lang.Object, java.lang.Object, java.lang.Object, java.lang.Object, java.lang.Object)'> (0x00000000d5ca41d8) 
thrown [s\src\hotspot\share\interpreter\linkResolver.cpp, line 773]
Event: 7.360 Thread 0x000001b56ca297c0 Exception <a 'java/lang/LinkageError'{0x00000000d5de6088}: loader lombok.launch.ShadowClassLoader @4e1c60cd attempted duplicate class definition for lombok.launch.PatchFixesHider$FieldInitializer. (lombok.launch.PatchFixesHider$FieldInitializer is in unnamed module of loader lombok.launch.ShadowClassLoader @4e1c60cd, parent loader org.eclipse.osgi.internal.loader.EquinoxClassLoader @1c6f7896)> (0x00000000d5de6088) 
thrown [s\src\hotspot\share\classfile\systemDictionary.cpp, line 1682]
Event: 7.405 Thread 0x000001b56ca297c0 Exception <a 'java/lang/NoSuchMethodError'{0x00000000d5f8d498}: 'java.lang.Object java.lang.invoke.DirectMethodHandle$Holder.invokeSpecial(java.lang.Object, java.lang.Object, java.lang.Object, java.lang.Object, int, java.lang.Object, java.lang.Object)'> (0x00000000d5f8d498) 
thrown [s\src\hotspot\share\interpreter\linkResolver.cpp, line 773]
Event: 7.448 Thread 0x000001b56ca27060 Exception <a 'sun/nio/fs/WindowsException'{0x00000000d618d898}> (0x00000000d618d898) 
thrown [s\src\hotspot\share\prims\jni.cpp, line 520]
Event: 7.568 Thread 0x000001b56ca276f0 Exception <a 'java/lang/IncompatibleClassChangeError'{0x00000000d6566b10}: Found class java.lang.Object, but interface was expected> (0x00000000d6566b10) 
thrown [s\src\hotspot\share\interpreter\linkResolver.cpp, line 840]
Event: 7.571 Thread 0x000001b56ca276f0 Exception <a 'java/lang/IncompatibleClassChangeError'{0x00000000d6576408}: Found class java.lang.Object, but interface was expected> (0x00000000d6576408) 
thrown [s\src\hotspot\share\interpreter\linkResolver.cpp, line 840]
Event: 7.688 Thread 0x000001b56ca2ab70 Exception <a 'sun/nio/fs/WindowsException'{0x00000000d6704858}> (0x00000000d6704858) 
thrown [s\src\hotspot\share\prims\jni.cpp, line 520]

ZGC Phase Switch (0 events):
No events

VM Operations (20 events):
Event: 6.543 Executing VM operation: ParallelGCFailedAllocation (Allocation Failure) done
Event: 6.656 Executing VM operation: ParallelGCFailedAllocation (Allocation Failure)
Event: 6.660 Executing VM operation: ParallelGCFailedAllocation (Allocation Failure) done
Event: 6.787 Executing VM operation: ParallelGCFailedAllocation (Allocation Failure)
Event: 6.792 Executing VM operation: ParallelGCFailedAllocation (Allocation Failure) done
Event: 6.877 Executing VM operation: ParallelGCFailedAllocation (Allocation Failure)
Event: 6.881 Executing VM operation: ParallelGCFailedAllocation (Allocation Failure) done
Event: 7.001 Executing VM operation: ParallelGCFailedAllocation (Allocation Failure)
Event: 7.009 Executing VM operation: ParallelGCFailedAllocation (Allocation Failure) done
Event: 7.095 Executing VM operation: HandshakeAllThreads (Deoptimize)
Event: 7.096 Executing VM operation: HandshakeAllThreads (Deoptimize) done
Event: 7.130 Executing VM operation: ParallelGCFailedAllocation (Allocation Failure)
Event: 7.135 Executing VM operation: ParallelGCFailedAllocation (Allocation Failure) done
Event: 7.304 Executing VM operation: HandshakeAllThreads (Deoptimize)
Event: 7.304 Executing VM operation: HandshakeAllThreads (Deoptimize) done
Event: 7.375 Executing VM operation: HandshakeAllThreads (Deoptimize)
Event: 7.375 Executing VM operation: HandshakeAllThreads (Deoptimize) done
Event: 7.612 Executing VM operation: ICBufferFull
Event: 7.612 Executing VM operation: ICBufferFull done
Event: 8.624 Executing VM operation: Cleanup

Memory protections (0 events):
No events

Nmethod flushes (20 events):
Event: 6.401 Thread 0x000001b54e5d08b0 flushing  nmethod 0x000001b551a75110
Event: 6.401 Thread 0x000001b54e5d08b0 flushing  nmethod 0x000001b551a88010
Event: 6.401 Thread 0x000001b54e5d08b0 flushing  nmethod 0x000001b551a8a990
Event: 6.401 Thread 0x000001b54e5d08b0 flushing  nmethod 0x000001b551b46890
Event: 6.401 Thread 0x000001b54e5d08b0 flushing  nmethod 0x000001b551b46d10
Event: 6.401 Thread 0x000001b54e5d08b0 flushing  nmethod 0x000001b551b60410
Event: 6.401 Thread 0x000001b54e5d08b0 flushing  nmethod 0x000001b551b61710
Event: 6.401 Thread 0x000001b54e5d08b0 flushing  nmethod 0x000001b551b61b10
Event: 6.401 Thread 0x000001b54e5d08b0 flushing  nmethod 0x000001b551b7e990
Event: 6.401 Thread 0x000001b54e5d08b0 flushing  nmethod 0x000001b551b7f390
Event: 6.401 Thread 0x000001b54e5d08b0 flushing  nmethod 0x000001b551b85b90
Event: 6.401 Thread 0x000001b54e5d08b0 flushing  nmethod 0x000001b551bccf10
Event: 6.401 Thread 0x000001b54e5d08b0 flushing  nmethod 0x000001b551bcdc90
Event: 6.401 Thread 0x000001b54e5d08b0 flushing  nmethod 0x000001b551bced10
Event: 6.401 Thread 0x000001b54e5d08b0 flushing  nmethod 0x000001b551bd6810
Event: 6.401 Thread 0x000001b54e5d08b0 flushing  nmethod 0x000001b551bdd890
Event: 6.401 Thread 0x000001b54e5d08b0 flushing  nmethod 0x000001b551be0290
Event: 6.401 Thread 0x000001b54e5d08b0 flushing  nmethod 0x000001b551bea610
Event: 6.401 Thread 0x000001b54e5d08b0 flushing  nmethod 0x000001b551c05890
Event: 6.401 Thread 0x000001b54e5d08b0 flushing osr nmethod 0x000001b551c44090

Events (20 events):
Event: 5.024 Thread 0x000001b54e52c270 Thread added: 0x000001b56bfbcdc0
Event: 5.024 Thread 0x000001b54e52c270 Thread added: 0x000001b56bfbe170
Event: 5.024 Thread 0x000001b54e52c270 Thread added: 0x000001b56bfbd450
Event: 5.024 Thread 0x000001b54e52c270 Thread added: 0x000001b56bfbee90
Event: 5.024 Thread 0x000001b54e52c270 Thread added: 0x000001b56bfbba10
Event: 5.024 Thread 0x000001b54e52c270 Thread added: 0x000001b56bfbc0a0
Event: 5.024 Thread 0x000001b54e52c270 Thread added: 0x000001b56ca29e50
Event: 5.041 Thread 0x000001b54e52c270 Thread added: 0x000001b56ca28aa0
Event: 5.202 Thread 0x000001b54e52c270 Thread added: 0x000001b56ca2a4e0
Event: 5.202 Thread 0x000001b54e52c270 Thread added: 0x000001b56ca276f0
Event: 5.461 Thread 0x000001b56ca276f0 Thread added: 0x000001b56ca27060
Event: 5.464 Thread 0x000001b56ca276f0 Thread added: 0x000001b56ca297c0
Event: 7.213 Thread 0x000001b56baeb0a0 Thread added: 0x000001b56ca29130
Event: 7.302 Thread 0x000001b56baeb0a0 Thread added: 0x000001b56ca2ab70
Event: 7.312 Thread 0x000001b56ca2ab70 Thread added: 0x000001b56ca2b200
Event: 7.314 Thread 0x000001b56ca2ab70 Thread added: 0x000001b56ca2b890
Event: 7.315 Thread 0x000001b56ca2b890 Thread exited: 0x000001b56ca2b890
Event: 7.315 Thread 0x000001b56ca2ab70 Thread exited: 0x000001b56ca2ab70
Event: 7.319 Thread 0x000001b56ca2b200 Thread exited: 0x000001b56ca2b200
Event: 7.574 Thread 0x000001b56ca276f0 Thread added: 0x000001b56ca2ab70


Dynamic libraries:
0x00007ff762c40000 - 0x00007ff762c4e000 	c:\Users\User\.vscode\extensions\redhat.java-1.50.0-win32-x64\jre\21.0.9-win32-x86_64\bin\java.exe
0x00007ff9fe740000 - 0x00007ff9fe9a8000 	C:\WINDOWS\SYSTEM32\ntdll.dll
0x00007ff9fc830000 - 0x00007ff9fc8f9000 	C:\WINDOWS\System32\KERNEL32.DLL
0x00007ff9fbb50000 - 0x00007ff9fbf48000 	C:\WINDOWS\System32\KERNELBASE.dll
0x00007ff9fc230000 - 0x00007ff9fc37b000 	C:\WINDOWS\System32\ucrtbase.dll
0x00007ff9da230000 - 0x00007ff9da248000 	c:\Users\User\.vscode\extensions\redhat.java-1.50.0-win32-x64\jre\21.0.9-win32-x86_64\bin\jli.dll
0x00007ff9fd930000 - 0x00007ff9fdaf7000 	C:\WINDOWS\System32\USER32.dll
0x00007ff9d7400000 - 0x00007ff9d741e000 	c:\Users\User\.vscode\extensions\redhat.java-1.50.0-win32-x64\jre\21.0.9-win32-x86_64\bin\VCRUNTIME140.dll
0x00007ff9fc380000 - 0x00007ff9fc3a7000 	C:\WINDOWS\System32\win32u.dll
0x00007ff9fc960000 - 0x00007ff9fc98b000 	C:\WINDOWS\System32\GDI32.dll
0x00007ff9faaa0000 - 0x00007ff9fad34000 	C:\WINDOWS\WinSxS\amd64_microsoft.windows.common-controls_6595b64144ccf1df_6.0.26100.7019_none_3e06ffa0e335b8a8\COMCTL32.dll
0x00007ff9fc3b0000 - 0x00007ff9fc4dc000 	C:\WINDOWS\System32\gdi32full.dll
0x00007ff9fbaa0000 - 0x00007ff9fbb43000 	C:\WINDOWS\System32\msvcp_win.dll
0x00007ff9fc5d0000 - 0x00007ff9fc679000 	C:\WINDOWS\System32\msvcrt.dll
0x00007ff9fde50000 - 0x00007ff9fde81000 	C:\WINDOWS\System32\IMM32.DLL
0x00007ff9f1c50000 - 0x00007ff9f1c5c000 	c:\Users\User\.vscode\extensions\redhat.java-1.50.0-win32-x64\jre\21.0.9-win32-x86_64\bin\vcruntime140_1.dll
0x00007ff9a06d0000 - 0x00007ff9a075d000 	c:\Users\User\.vscode\extensions\redhat.java-1.50.0-win32-x64\jre\21.0.9-win32-x86_64\bin\msvcp140.dll
0x00007ff95ac80000 - 0x00007ff95ba20000 	c:\Users\User\.vscode\extensions\redhat.java-1.50.0-win32-x64\jre\21.0.9-win32-x86_64\bin\server\jvm.dll
0x00007ff9fd6d0000 - 0x00007ff9fd784000 	C:\WINDOWS\System32\ADVAPI32.dll
0x00007ff9fdf60000 - 0x00007ff9fe006000 	C:\WINDOWS\System32\sechost.dll
0x00007ff9fdb00000 - 0x00007ff9fdc18000 	C:\WINDOWS\System32\RPCRT4.dll
0x00007ff9fe010000 - 0x00007ff9fe084000 	C:\WINDOWS\System32\WS2_32.dll
0x00007ff9eee80000 - 0x00007ff9eeeb5000 	C:\WINDOWS\SYSTEM32\WINMM.dll
0x00007ff9fb6f0000 - 0x00007ff9fb74e000 	C:\WINDOWS\SYSTEM32\POWRPROF.dll
0x00007ff9e64b0000 - 0x00007ff9e64bb000 	C:\WINDOWS\SYSTEM32\VERSION.dll
0x00007ff9fb6d0000 - 0x00007ff9fb6e4000 	C:\WINDOWS\SYSTEM32\UMPDC.dll
0x00007ff9f9d90000 - 0x00007ff9f9dab000 	C:\WINDOWS\SYSTEM32\kernel.appcore.dll
0x00007ff9e6b90000 - 0x00007ff9e6b9a000 	c:\Users\User\.vscode\extensions\redhat.java-1.50.0-win32-x64\jre\21.0.9-win32-x86_64\bin\jimage.dll
0x00007ff9fb050000 - 0x00007ff9fb292000 	C:\WINDOWS\SYSTEM32\DBGHELP.DLL
0x00007ff9fe190000 - 0x00007ff9fe51b000 	C:\WINDOWS\System32\combase.dll
0x00007ff9fd160000 - 0x00007ff9fd237000 	C:\WINDOWS\System32\OLEAUT32.dll
0x00007ff9faf40000 - 0x00007ff9faf7c000 	C:\WINDOWS\SYSTEM32\dbgcore.DLL
0x00007ff9fc010000 - 0x00007ff9fc0b5000 	C:\WINDOWS\System32\bcryptPrimitives.dll
0x00007ff9e4870000 - 0x00007ff9e487f000 	c:\Users\User\.vscode\extensions\redhat.java-1.50.0-win32-x64\jre\21.0.9-win32-x86_64\bin\instrument.dll
0x00007ff9d73e0000 - 0x00007ff9d7400000 	c:\Users\User\.vscode\extensions\redhat.java-1.50.0-win32-x64\jre\21.0.9-win32-x86_64\bin\java.dll
0x00007ff9fca00000 - 0x00007ff9fd14f000 	C:\WINDOWS\System32\SHELL32.dll
0x00007ff9fc0c0000 - 0x00007ff9fc22b000 	C:\WINDOWS\System32\wintypes.dll
0x00007ff9f8a60000 - 0x00007ff9f92bd000 	C:\WINDOWS\SYSTEM32\windows.storage.dll
0x00007ff9fe090000 - 0x00007ff9fe182000 	C:\WINDOWS\System32\SHCORE.dll
0x00007ff9fc560000 - 0x00007ff9fc5c7000 	C:\WINDOWS\System32\shlwapi.dll
0x00007ff9fb7b0000 - 0x00007ff9fb7d9000 	C:\WINDOWS\SYSTEM32\profapi.dll
0x00007ff9cf9d0000 - 0x00007ff9cf9e8000 	c:\Users\User\.vscode\extensions\redhat.java-1.50.0-win32-x64\jre\21.0.9-win32-x86_64\bin\zip.dll
0x00007ff9e46d0000 - 0x00007ff9e46e0000 	C:\Users\User\.vscode\extensions\redhat.java-1.50.0-win32-x64\jre\21.0.9-win32-x86_64\bin\net.dll
0x00007ff9e8aa0000 - 0x00007ff9e8bc8000 	C:\WINDOWS\SYSTEM32\WINHTTP.dll
0x00007ff9fa2c0000 - 0x00007ff9fa32b000 	C:\WINDOWS\system32\mswsock.dll
0x00007ff9cf8a0000 - 0x00007ff9cf8b6000 	C:\Users\User\.vscode\extensions\redhat.java-1.50.0-win32-x64\jre\21.0.9-win32-x86_64\bin\nio.dll
0x00007ff9e34e0000 - 0x00007ff9e34f0000 	c:\Users\User\.vscode\extensions\redhat.java-1.50.0-win32-x64\jre\21.0.9-win32-x86_64\bin\verify.dll
0x00007ff9cca30000 - 0x00007ff9cca74000 	C:\Users\User\AppData\Roaming\Code\User\globalStorage\redhat.java\1.50.0\config_ss_win\org.eclipse.equinox.launcher\org.eclipse.equinox.launcher.win32.win32.x86_64_1.2.1400.v20250801-0854\eclipse_11916.dll
0x00007ff9fd790000 - 0x00007ff9fd927000 	C:\WINDOWS\System32\ole32.dll
0x00007ff9fb3c0000 - 0x00007ff9fb3db000 	C:\WINDOWS\SYSTEM32\CRYPTSP.dll
0x00007ff9f9cf0000 - 0x00007ff9f9d2a000 	C:\WINDOWS\system32\rsaenh.dll
0x00007ff9fa370000 - 0x00007ff9fa39b000 	C:\WINDOWS\SYSTEM32\USERENV.dll
0x00007ff9fb780000 - 0x00007ff9fb7aa000 	C:\WINDOWS\SYSTEM32\bcrypt.dll
0x00007ff9fa850000 - 0x00007ff9fa85c000 	C:\WINDOWS\SYSTEM32\CRYPTBASE.dll
0x00007ff9f9820000 - 0x00007ff9f9854000 	C:\WINDOWS\SYSTEM32\IPHLPAPI.DLL
0x00007ff9fde90000 - 0x00007ff9fde9a000 	C:\WINDOWS\System32\NSI.dll
0x00007ff9ca890000 - 0x00007ff9ca8d9000 	C:\Users\User\AppData\Local\Temp\jna-2645995\jna12670031095315798062.dll
0x00007ff9fc780000 - 0x00007ff9fc788000 	C:\WINDOWS\System32\PSAPI.DLL
0x00007ff9f0010000 - 0x00007ff9f002e000 	C:\WINDOWS\SYSTEM32\dhcpcsvc6.DLL
0x00007ff9eeec0000 - 0x00007ff9eeee3000 	C:\WINDOWS\SYSTEM32\dhcpcsvc.DLL

JVMTI agents:
c:\Users\User\.vscode\extensions\redhat.java-1.50.0-win32-x64\lombok\lombok-1.18.39-4050.jar path:c:\Users\User\.vscode\extensions\redhat.java-1.50.0-win32-x64\jre\21.0.9-win32-x86_64\bin\instrument.dll, loaded, initialized, instrumentlib options:none

dbghelp: loaded successfully - version: 4.0.5 - missing functions: none
symbol engine: initialized successfully - sym options: 0x614 - pdb path: .;c:\Users\User\.vscode\extensions\redhat.java-1.50.0-win32-x64\jre\21.0.9-win32-x86_64\bin;C:\WINDOWS\SYSTEM32;C:\WINDOWS\WinSxS\amd64_microsoft.windows.common-controls_6595b64144ccf1df_6.0.26100.7019_none_3e06ffa0e335b8a8;c:\Users\User\.vscode\extensions\redhat.java-1.50.0-win32-x64\jre\21.0.9-win32-x86_64\bin\server;C:\Users\User\AppData\Roaming\Code\User\globalStorage\redhat.java\1.50.0\config_ss_win\org.eclipse.equinox.launcher\org.eclipse.equinox.launcher.win32.win32.x86_64_1.2.1400.v20250801-0854;C:\Users\User\AppData\Local\Temp\jna-2645995

VM Arguments:
jvm_args: --add-modules=ALL-SYSTEM --add-opens=java.base/java.util=ALL-UNNAMED --add-opens=java.base/java.lang=ALL-UNNAMED --add-opens=java.base/sun.nio.fs=ALL-UNNAMED -Declipse.application=org.eclipse.jdt.ls.core.id1 -Dosgi.bundles.defaultStartLevel=4 -Declipse.product=org.eclipse.jdt.ls.core.product -Djava.import.generatesMetadataFilesAtProjectRoot=false -DDetectVMInstallationsJob.disabled=true -Dfile.encoding=utf8 -XX:+UseParallelGC -XX:GCTimeRatio=4 -XX:AdaptiveSizePolicyWeight=90 -Dsun.zip.disableMemoryMapping=true -Xmx2G -Xms100m -Xlog:disable -javaagent:c:\Users\User\.vscode\extensions\redhat.java-1.50.0-win32-x64\lombok\lombok-1.18.39-4050.jar 
java_command: c:\Users\User\.vscode\extensions\redhat.java-1.50.0-win32-x64\server\plugins\org.eclipse.equinox.launcher_1.7.100.v20251111-0406.jar -configuration c:\Users\User\AppData\Roaming\Code\User\globalStorage\redhat.java\1.50.0\config_ss_win -data c:\Users\User\AppData\Roaming\Code\User\workspaceStorage\787e10f9c645ed1209b2f81195558d95\redhat.java\ss_ws --pipe=\\.\pipe\lsp-d969259557d1786550186b5b2d5c698d-sock
java_class_path (initial): c:\Users\User\.vscode\extensions\redhat.java-1.50.0-win32-x64\server\plugins\org.eclipse.equinox.launcher_1.7.100.v20251111-0406.jar
Launcher Type: SUN_STANDARD

[Global flags]
    uintx AdaptiveSizePolicyWeight                 = 90                                        {product} {command line}
     intx CICompilerCount                          = 4                                         {product} {ergonomic}
    uintx GCTimeRatio                              = 4                                         {product} {command line}
   size_t InitialHeapSize                          = 104857600                                 {product} {command line}
   size_t MaxHeapSize                              = 2147483648                                {product} {command line}
   size_t MaxNewSize                               = 715653120                                 {product} {ergonomic}
   size_t MinHeapDeltaBytes                        = 524288                                    {product} {ergonomic}
   size_t MinHeapSize                              = 104857600                                 {product} {command line}
   size_t NewSize                                  = 34603008                                  {product} {ergonomic}
    uintx NonNMethodCodeHeapSize                   = 5839372                                {pd product} {ergonomic}
    uintx NonProfiledCodeHeapSize                  = 122909434                              {pd product} {ergonomic}
   size_t OldSize                                  = 70254592                                  {product} {ergonomic}
    uintx ProfiledCodeHeapSize                     = 122909434                              {pd product} {ergonomic}
    uintx ReservedCodeCacheSize                    = 251658240                              {pd product} {ergonomic}
     bool SegmentedCodeCache                       = true                                      {product} {ergonomic}
   size_t SoftMaxHeapSize                          = 2147483648                             {manageable} {ergonomic}
     bool UseCompressedOops                        = true                           {product lp64_product} {ergonomic}
     bool UseLargePagesIndividualAllocation        = false                                  {pd product} {ergonomic}
     bool UseParallelGC                            = true                                      {product} {command line}

Logging:
Log output configuration:
 #0: stdout all=off uptime,level,tags foldmultilines=false
 #1: stderr all=off uptime,level,tags foldmultilines=false

Release file:
JAVA_VERSION="21.0.9" 
MODULES="java.base java.compiler java.datatransfer java.xml java.prefs java.desktop java.instrument java.logging java.management java.security.sasl java.naming java.rmi java.management.rmi java.net.http java.scripting java.security.jgss java.transaction.xa java.sql java.sql.rowset java.xml.crypto java.se java.smartcardio jdk.accessibility jdk.internal.jvmstat jdk.attach jdk.charsets jdk.internal.opt jdk.zipfs jdk.compiler jdk.crypto.ec jdk.crypto.cryptoki jdk.crypto.mscapi jdk.dynalink jdk.internal.ed jdk.editpad jdk.hotspot.agent jdk.httpserver jdk.internal.le jdk.internal.vm.ci jdk.internal.vm.compiler jdk.internal.vm.compiler.management jdk.jartool jdk.javadoc jdk.jcmd jdk.management jdk.management.agent jdk.jconsole jdk.jdeps jdk.jdwp.agent jdk.jdi jdk.jfr jdk.jshell jdk.jsobject jdk.jstatd jdk.localedata jdk.management.jfr jdk.naming.dns jdk.naming.rmi jdk.net jdk.nio.mapmode jdk.random jdk.sctp jdk.security.auth jdk.security.jgss jdk.unsupported jdk.unsupported.desktop jdk.xml.dom" 

Environment Variables:
PATH=C:\oraclexe\app\oracle\product\11.2.0\server\bin;C:\Program Files\Common Files\Oracle\Java\javapath;C:\WINDOWS\system32;C:\WINDOWS;C:\WINDOWS\System32\Wbem;C:\WINDOWS\System32\WindowsPowerShell\v1.0\;C:\WINDOWS\System32\OpenSSH\;C:\Program Files\dotnet\;C:\Program Files (x86)\Microsoft SQL Server\160\Tools\Binn\;C:\Program Files\Microsoft SQL Server\160\Tools\Binn\;C:\Program Files\Microsoft SQL Server\Client SDK\ODBC\170\Tools\Binn\;C:\Program Files\Microsoft SQL Server\160\DTS\Binn\;C:\Program Files\Microsoft SQL Server\150\Tools\Binn\;C:\Program Files (x86)\Windows Kits\10\Windows Performance Toolkit\;C:\Program Files\Git\cmd;C:\Users\User\AppData\Local\nvm;C:\nvm4w\nodejs;C:\maven-mvnd-1.0.3-windows-amd64\bin;C:\apache-maven-3.9.11\bin;C:\Users\User\AppData\Local\Programs\Python\Python313\Scripts\;C:\Users\User\AppData\Local\Programs\Python\Python313\;C:\Users\User\AppData\Local\Microsoft\WindowsApps;C:\Users\User\AppData\Local\Programs\Microsoft VS Code\bin;C:\Users\User\AppData\Local\GitHubDesktop\bin;C:\ProgramData\User\GitHubDesktop\bin;C:\Users\User\.dotnet\tools;C:\Users\User\AppData\Roaming\npm;C:\Users\User\AppData\Local\nvm;C:\nvm4w\nodejs
USERNAME=User
OS=Windows_NT
PROCESSOR_IDENTIFIER=Intel64 Family 6 Model 140 Stepping 1, GenuineIntel
TMP=C:\Users\User\AppData\Local\Temp
TEMP=C:\Users\User\AppData\Local\Temp




Periodic native trim disabled

---------------  S Y S T E M  ---------------

OS:
 Windows 11 , 64 bit Build 26100 (10.0.26100.7019)
OS uptime: 1 days 1:18 hours

CPU: total 8 (initial active 8) (4 cores per cpu, 2 threads per core) family 6 model 140 stepping 1 microcode 0xbc, cx8, cmov, fxsr, ht, mmx, 3dnowpref, sse, sse2, sse3, ssse3, sse4.1, sse4.2, popcnt, lzcnt, tsc, tscinvbit, avx, avx2, aes, erms, clmul, bmi1, bmi2, adx, avx512f, avx512dq, avx512cd, avx512bw, avx512vl, sha, fma, vzeroupper, avx512_vpopcntdq, avx512_vpclmulqdq, avx512_vaes, avx512_vnni, clflush, clflushopt, clwb, avx512_vbmi2, avx512_vbmi, rdtscp, rdpid, fsrm, gfni, avx512_bitalg, f16c, pku, cet_ibt, cet_ss, avx512_ifma
Processor Information for the first 8 processors :
  Max Mhz: 2419, Current Mhz: 2419, Mhz Limit: 2419

Memory: 4k page, system-wide physical 3818M (11M free)
TotalPageFile size 15594M (AvailPageFile size 12M)
current process WorkingSet (physical memory assigned to process): 189M, peak: 190M
current process commit charge ("private bytes"): 308M, peak: 308M

vm_info: OpenJDK 64-Bit Server VM (21.0.9+10-LTS) for windows-amd64 JRE (21.0.9+10-LTS), built on 2025-10-21T00:00:00Z by "admin" with unknown MS VC++:1942

END.
