#
# There is insufficient memory for the Java Runtime Environment to continue.
# Native memory allocation (malloc) failed to allocate 1665680 bytes. Error detail: Chunk::new
# Possible reasons:
#   The system is out of physical RAM or swap space
#   This process is running with CompressedOops enabled, and the Java Heap may be blocking the growth of the native heap
# Possible solutions:
#   Reduce memory load on the system
#   Increase physical memory or swap space
#   Check if swap backing store is full
#   Decrease Java heap size (-Xmx/-Xms)
#   Decrease number of Java threads
#   Decrease Java thread stack sizes (-Xss)
#   Set larger code cache with -XX:ReservedCodeCacheSize=
#   JVM is running with Unscaled Compressed Oops mode in which the Java heap is
#     placed in the first 4GB address space. The Java Heap base address is the
#     maximum limit for the native heap growth. Please use -XX:HeapBaseMinAddress
#     to set the Java Heap base and to place the Java Heap above 4GB virtual address.
# This output file may be truncated or incomplete.
#
#  Out of Memory Error (arena.cpp:168), pid=10820, tid=6132
#
# JRE version: OpenJDK Runtime Environment Temurin-21.0.9+10 (21.0.9+10) (build 21.0.9+10-LTS)
# Java VM: OpenJDK 64-Bit Server VM Temurin-21.0.9+10 (21.0.9+10-LTS, mixed mode, sharing, tiered, compressed oops, compressed class ptrs, parallel gc, windows-amd64)
# No core dump will be written. Minidumps are not enabled by default on client versions of Windows
#

---------------  S U M M A R Y ------------

Command Line: --add-modules=ALL-SYSTEM --add-opens=java.base/java.util=ALL-UNNAMED --add-opens=java.base/java.lang=ALL-UNNAMED --add-opens=java.base/sun.nio.fs=ALL-UNNAMED -Declipse.application=org.eclipse.jdt.ls.core.id1 -Dosgi.bundles.defaultStartLevel=4 -Declipse.product=org.eclipse.jdt.ls.core.product -Djava.import.generatesMetadataFilesAtProjectRoot=false -DDetectVMInstallationsJob.disabled=true -Dfile.encoding=utf8 -XX:+UseParallelGC -XX:GCTimeRatio=4 -XX:AdaptiveSizePolicyWeight=90 -Dsun.zip.disableMemoryMapping=true -Xmx2G -Xms100m -Xlog:disable -javaagent:c:\Users\User\.vscode\extensions\redhat.java-1.50.0-win32-x64\lombok\lombok-1.18.39-4050.jar c:\Users\User\.vscode\extensions\redhat.java-1.50.0-win32-x64\server\plugins\org.eclipse.equinox.launcher_1.7.100.v20251111-0406.jar -configuration c:\Users\User\AppData\Roaming\Code\User\globalStorage\redhat.java\1.50.0\config_ss_win -data c:\Users\User\AppData\Roaming\Code\User\workspaceStorage\787e10f9c645ed1209b2f81195558d95\redhat.java\ss_ws --pipe=\\.\pipe\lsp-04586fc3a1ac202e120842fa450384e9-sock

Host: 11th Gen Intel(R) Core(TM) i5-1135G7 @ 2.40GHz, 8 cores, 3G,  Windows 11 , 64 bit Build 26100 (10.0.26100.7019)
Time: Sat Dec  6 06:55:59 2025 Pacific Standard Time elapsed time: 5.078225 seconds (0d 0h 0m 5s)

---------------  T H R E A D  ---------------

Current thread (0x00000199dc55aa80):  JavaThread "C2 CompilerThread0" daemon [_thread_in_native, id=6132, stack(0x0000008557500000,0x0000008557600000) (1024K)]


Current CompileTask:
C2:5078 2646       4       java.lang.invoke.MethodType::makeImpl (109 bytes)

Stack: [0x0000008557500000,0x0000008557600000]
Native frames: (J=compiled Java code, j=interpreted, Vv=VM code, C=native code)
V  [jvm.dll+0x6d6e29]
V  [jvm.dll+0x8b4b76]
V  [jvm.dll+0x8b712e]
V  [jvm.dll+0x8b7813]
V  [jvm.dll+0x283d86]
V  [jvm.dll+0xc66ed]
V  [jvm.dll+0xc6c31]
V  [jvm.dll+0x3be53b]
V  [jvm.dll+0x38ab92]
V  [jvm.dll+0x389fda]
V  [jvm.dll+0x24bfa0]
V  [jvm.dll+0x24b580]
V  [jvm.dll+0x1cb13e]
V  [jvm.dll+0x25b29d]
V  [jvm.dll+0x25982a]
V  [jvm.dll+0x3f7ea6]
V  [jvm.dll+0x85e9ad]
V  [jvm.dll+0x6d565d]
C  [ucrtbase.dll+0x37b0]
C  [KERNEL32.DLL+0x2e8d7]
C  [ntdll.dll+0x8c53c]


---------------  P R O C E S S  ---------------

Threads class SMR info:
_java_thread_list=0x00000199e29b2740, length=20, elements={
0x00000199c3ecc900, 0x00000199c3f8a830, 0x00000199c3f8d510, 0x00000199dc547740,
0x00000199dc548190, 0x00000199dc54b1e0, 0x00000199dc5521e0, 0x00000199dc55aa80,
0x00000199dc55d1e0, 0x00000199e21fe710, 0x00000199e230d840, 0x00000199e269cd60,
0x00000199e278fcb0, 0x00000199e2b1bf90, 0x00000199e2b9d720, 0x00000199e2df13b0,
0x00000199e3104010, 0x00000199e2e5d4a0, 0x00000199e2f3f850, 0x00000199e36543c0
}

Java Threads: ( => current thread )
  0x00000199c3ecc900 JavaThread "main"                              [_thread_blocked, id=13332, stack(0x0000008556b00000,0x0000008556c00000) (1024K)]
  0x00000199c3f8a830 JavaThread "Reference Handler"          daemon [_thread_blocked, id=6784, stack(0x0000008556f00000,0x0000008557000000) (1024K)]
  0x00000199c3f8d510 JavaThread "Finalizer"                  daemon [_thread_blocked, id=7160, stack(0x0000008557000000,0x0000008557100000) (1024K)]
  0x00000199dc547740 JavaThread "Signal Dispatcher"          daemon [_thread_blocked, id=16928, stack(0x0000008557100000,0x0000008557200000) (1024K)]
  0x00000199dc548190 JavaThread "Attach Listener"            daemon [_thread_blocked, id=6764, stack(0x0000008557200000,0x0000008557300000) (1024K)]
  0x00000199dc54b1e0 JavaThread "Service Thread"             daemon [_thread_blocked, id=6768, stack(0x0000008557300000,0x0000008557400000) (1024K)]
  0x00000199dc5521e0 JavaThread "Monitor Deflation Thread"   daemon [_thread_blocked, id=5856, stack(0x0000008557400000,0x0000008557500000) (1024K)]
=>0x00000199dc55aa80 JavaThread "C2 CompilerThread0"         daemon [_thread_in_native, id=6132, stack(0x0000008557500000,0x0000008557600000) (1024K)]
  0x00000199dc55d1e0 JavaThread "C1 CompilerThread0"         daemon [_thread_blocked, id=12444, stack(0x0000008557600000,0x0000008557700000) (1024K)]
  0x00000199e21fe710 JavaThread "Common-Cleaner"             daemon [_thread_blocked, id=22052, stack(0x0000008557700000,0x0000008557800000) (1024K)]
  0x00000199e230d840 JavaThread "Notification Thread"        daemon [_thread_blocked, id=10312, stack(0x0000008557800000,0x0000008557900000) (1024K)]
  0x00000199e269cd60 JavaThread "Active Thread: Equinox Container: e0c320b1-3665-4c09-b7fc-a4d28cd43959"        [_thread_blocked, id=21700, stack(0x0000008557f00000,0x0000008558000000) (1024K)]
  0x00000199e278fcb0 JavaThread "Framework Event Dispatcher: Equinox Container: e0c320b1-3665-4c09-b7fc-a4d28cd43959" daemon [_thread_blocked, id=12432, stack(0x0000008558000000,0x0000008558100000) (1024K)]
  0x00000199e2b1bf90 JavaThread "Start Level: Equinox Container: e0c320b1-3665-4c09-b7fc-a4d28cd43959" daemon [_thread_in_vm, id=21288, stack(0x0000008558100000,0x0000008558200000) (1024K)]
  0x00000199e2b9d720 JavaThread "SCR Component Actor"        daemon [_thread_blocked, id=11916, stack(0x0000008558300000,0x0000008558400000) (1024K)]
  0x00000199e2df13b0 JavaThread "Worker-JM"                         [_thread_blocked, id=14348, stack(0x0000008558400000,0x0000008558500000) (1024K)]
  0x00000199e3104010 JavaThread "JNA Cleaner"                daemon [_thread_blocked, id=22976, stack(0x0000008558500000,0x0000008558600000) (1024K)]
  0x00000199e2e5d4a0 JavaThread "Worker-0: Refreshing workspace"        [_thread_in_native, id=23232, stack(0x0000008558600000,0x0000008558700000) (1024K)]
  0x00000199e2f3f850 JavaThread "Worker-1: Initialize external folders"        [_thread_blocked, id=18588, stack(0x0000008558700000,0x0000008558800000) (1024K)]
  0x00000199e36543c0 JavaThread "Worker-2"                          [_thread_blocked, id=14712, stack(0x0000008558800000,0x0000008558900000) (1024K)]
Total: 20

Other Threads:
  0x00000199dc5425e0 VMThread "VM Thread"                           [id=5812, stack(0x0000008556e00000,0x0000008556f00000) (1024K)]
  0x00000199c3f38bf0 WatcherThread "VM Periodic Task Thread"        [id=6272, stack(0x0000008556d00000,0x0000008556e00000) (1024K)]
  0x00000199c3eeb100 WorkerThread "GC Thread#0"                     [id=5828, stack(0x0000008556c00000,0x0000008556d00000) (1024K)]
  0x00000199e281f5d0 WorkerThread "GC Thread#1"                     [id=8212, stack(0x0000008557900000,0x0000008557a00000) (1024K)]
  0x00000199e28204e0 WorkerThread "GC Thread#2"                     [id=13400, stack(0x0000008557a00000,0x0000008557b00000) (1024K)]
  0x00000199e2973f90 WorkerThread "GC Thread#3"                     [id=23492, stack(0x0000008557b00000,0x0000008557c00000) (1024K)]
  0x00000199e2933150 WorkerThread "GC Thread#4"                     [id=22820, stack(0x0000008557c00000,0x0000008557d00000) (1024K)]
  0x00000199e29334f0 WorkerThread "GC Thread#5"                     [id=9428, stack(0x0000008557d00000,0x0000008557e00000) (1024K)]
  0x00000199e2932a10 WorkerThread "GC Thread#6"                     [id=9688, stack(0x0000008557e00000,0x0000008557f00000) (1024K)]
  0x00000199e29322d0 WorkerThread "GC Thread#7"                     [id=3176, stack(0x0000008558200000,0x0000008558300000) (1024K)]
Total: 10

Threads with active compile tasks:
C2 CompilerThread0  5157 2646       4       java.lang.invoke.MethodType::makeImpl (109 bytes)
C1 CompilerThread0  5157 2795       3       org.eclipse.core.internal.dtree.DeltaDataTree::lookup (158 bytes)
Total: 2

VM state: not at safepoint (normal execution)

VM Mutex/Monitor currently owned by a thread: None

Heap address: 0x0000000080000000, size: 2048 MB, Compressed Oops mode: 32-bit

CDS archive(s) mapped at: [0x0000019980000000-0x0000019980ba0000-0x0000019980ba0000), size 12189696, SharedBaseAddress: 0x0000019980000000, ArchiveRelocationMode: 1.
Compressed class space mapped at: 0x0000019981000000-0x00000199c1000000, reserved size: 1073741824
Narrow klass base: 0x0000019980000000, Narrow klass shift: 0, Narrow klass range: 0x100000000

GC Precious Log:
 CardTable entry size: 512
 CPUs: 8 total, 8 available
 Memory: 3818M
 Large Page Support: Disabled
 NUMA Support: Disabled
 Compressed Oops: Enabled (32-bit)
 Alignments: Space 512K, Generation 512K, Heap 2M
 Heap Min Capacity: 100M
 Heap Initial Capacity: 100M
 Heap Max Capacity: 2G
 Pre-touch: Disabled
 Parallel Workers: 8

Heap:
 PSYoungGen      total 29696K, used 17836K [0x00000000d5580000, 0x00000000d7680000, 0x0000000100000000)
  eden space 25600K, 53% used [0x00000000d5580000,0x00000000d62efd58,0x00000000d6e80000)
  from space 4096K, 99% used [0x00000000d7280000,0x00000000d767b548,0x00000000d7680000)
  to   space 4096K, 0% used [0x00000000d6e80000,0x00000000d6e80000,0x00000000d7280000)
 ParOldGen       total 68608K, used 4676K [0x0000000080000000, 0x0000000084300000, 0x00000000d5580000)
  object space 68608K, 6% used [0x0000000080000000,0x0000000080491068,0x0000000084300000)
 Metaspace       used 17835K, committed 18432K, reserved 1114112K
  class space    used 1849K, committed 2112K, reserved 1048576K

Card table byte_map: [0x00000199d78c0000,0x00000199d7cd0000] _byte_map_base: 0x00000199d74c0000

Marking Bits: (ParMarkBitMap*) 0x00007ff95b942460
 Begin Bits: [0x00000199d7f80000, 0x00000199d9f80000)
 End Bits:   [0x00000199d9f80000, 0x00000199dbf80000)

Polling page: 0x00000199c3c70000

Metaspace:

Usage:
  Non-class:     15.61 MB used.
      Class:      1.81 MB used.
       Both:     17.42 MB used.

Virtual space:
  Non-class space:       64.00 MB reserved,      15.94 MB ( 25%) committed,  1 nodes.
      Class space:        1.00 GB reserved,       2.06 MB ( <1%) committed,  1 nodes.
             Both:        1.06 GB reserved,      18.00 MB (  2%) committed. 

Chunk freelists:
   Non-Class:  15.77 MB
       Class:  13.76 MB
        Both:  29.52 MB

MaxMetaspaceSize: unlimited
CompressedClassSpaceSize: 1.00 GB
Initial GC threshold: 21.00 MB
Current GC threshold: 21.00 MB
CDS: on
 - commit_granule_bytes: 65536.
 - commit_granule_words: 8192.
 - virtual_space_node_default_size: 8388608.
 - enlarge_chunks_in_place: 1.
 - use_allocation_guard: 0.


Internal statistics:

num_allocs_failed_limit: 0.
num_arena_births: 500.
num_arena_deaths: 0.
num_vsnodes_births: 2.
num_vsnodes_deaths: 0.
num_space_committed: 288.
num_space_uncommitted: 0.
num_chunks_returned_to_freelist: 0.
num_chunks_taken_from_freelist: 1170.
num_chunk_merges: 0.
num_chunk_splits: 739.
num_chunks_enlarged: 462.
num_inconsistent_stats: 0.

CodeHeap 'non-profiled nmethods': size=120000Kb used=1059Kb max_used=1059Kb free=118940Kb
 bounds [0x00000199d01b0000, 0x00000199d0420000, 0x00000199d76e0000]
CodeHeap 'profiled nmethods': size=120000Kb used=5496Kb max_used=5496Kb free=114503Kb
 bounds [0x00000199c86e0000, 0x00000199c8c40000, 0x00000199cfc10000]
CodeHeap 'non-nmethods': size=5760Kb used=1284Kb max_used=1297Kb free=4475Kb
 bounds [0x00000199cfc10000, 0x00000199cfe80000, 0x00000199d01b0000]
CodeCache: size=245760Kb, used=7839Kb, max_used=7852Kb, free=237918Kb
 total_blobs=3331, nmethods=2777, adapters=460, full_count=0
Compilation: enabled, stopped_count=0, restarted_count=0

Compilation events (20 events):
Event: 4.887 Thread 0x00000199dc55d1e0 2673       3       org.lombokweb.asm.ByteVector::putByteArray (49 bytes)
Event: 4.888 Thread 0x00000199dc55d1e0 nmethod 2673 0x00000199c8bf6810 code [0x00000199c8bf69e0, 0x00000199c8bf6ca8]
Event: 4.895 Thread 0x00000199dc55d1e0 2674       3       org.eclipse.core.internal.dtree.DataTreeNode::<init> (12 bytes)
Event: 4.895 Thread 0x00000199dc55d1e0 nmethod 2674 0x00000199c8bf6e10 code [0x00000199c8bf6fc0, 0x00000199c8bf7278]
Event: 4.899 Thread 0x00000199dc55d1e0 2676       3       org.lombokweb.asm.ByteVector::<init> (13 bytes)
Event: 4.899 Thread 0x00000199dc55d1e0 nmethod 2676 0x00000199c8bf7390 code [0x00000199c8bf7540, 0x00000199c8bf7760]
Event: 4.899 Thread 0x00000199dc55d1e0 2678       3       org.lombokweb.asm.ClassReader::readMethod (1070 bytes)
Event: 4.904 Thread 0x00000199dc55d1e0 nmethod 2678 0x00000199c8bf7810 code [0x00000199c8bf7f80, 0x00000199c8bfc3a8]
Event: 4.904 Thread 0x00000199dc55d1e0 2682       3       org.lombokweb.asm.MethodWriter::<init> (232 bytes)
Event: 4.906 Thread 0x00000199dc55d1e0 nmethod 2682 0x00000199c8bfe010 code [0x00000199c8bfe2a0, 0x00000199c8bfedf8]
Event: 4.906 Thread 0x00000199dc55d1e0 2679       3       org.lombokweb.asm.MethodVisitor::<init> (79 bytes)
Event: 4.907 Thread 0x00000199dc55d1e0 nmethod 2679 0x00000199c8bff310 code [0x00000199c8bff560, 0x00000199c8bffe10]
Event: 4.907 Thread 0x00000199dc55d1e0 2680       3       org.lombokweb.asm.MethodWriter::computeMethodInfoSize (571 bytes)
Event: 4.909 Thread 0x00000199dc55d1e0 nmethod 2680 0x00000199c8c00110 code [0x00000199c8c00440, 0x00000199c8c012f8]
Event: 4.909 Thread 0x00000199dc55d1e0 2681       3       org.lombokweb.asm.ClassWriter::visitMethod (57 bytes)
Event: 4.910 Thread 0x00000199dc55d1e0 nmethod 2681 0x00000199c8c01990 code [0x00000199c8c01b40, 0x00000199c8c01dd8]
Event: 4.910 Thread 0x00000199dc55d1e0 2683       3       org.lombokweb.asm.MethodVisitor::<init> (7 bytes)
Event: 4.910 Thread 0x00000199dc55d1e0 nmethod 2683 0x00000199c8c01f10 code [0x00000199c8c020c0, 0x00000199c8c02208]
Event: 4.940 Thread 0x00000199dc55d1e0 2685       3       java.util.HashSet::isEmpty (8 bytes)
Event: 4.941 Thread 0x00000199dc55d1e0 nmethod 2685 0x00000199c8c02290 code [0x00000199c8c02440, 0x00000199c8c02688]

GC Heap History (6 events):
Event: 1.088 GC heap before
{Heap before GC invocations=1 (full 0):
 PSYoungGen      total 29696K, used 25600K [0x00000000d5580000, 0x00000000d7680000, 0x0000000100000000)
  eden space 25600K, 100% used [0x00000000d5580000,0x00000000d6e80000,0x00000000d6e80000)
  from space 4096K, 0% used [0x00000000d7280000,0x00000000d7280000,0x00000000d7680000)
  to   space 4096K, 0% used [0x00000000d6e80000,0x00000000d6e80000,0x00000000d7280000)
 ParOldGen       total 68608K, used 0K [0x0000000080000000, 0x0000000084300000, 0x00000000d5580000)
  object space 68608K, 0% used [0x0000000080000000,0x0000000080000000,0x0000000084300000)
 Metaspace       used 4337K, committed 4608K, reserved 1114112K
  class space    used 472K, committed 576K, reserved 1048576K
}
Event: 1.130 GC heap after
{Heap after GC invocations=1 (full 0):
 PSYoungGen      total 29696K, used 3303K [0x00000000d5580000, 0x00000000d7680000, 0x0000000100000000)
  eden space 25600K, 0% used [0x00000000d5580000,0x00000000d5580000,0x00000000d6e80000)
  from space 4096K, 80% used [0x00000000d6e80000,0x00000000d71b9e98,0x00000000d7280000)
  to   space 4096K, 0% used [0x00000000d7280000,0x00000000d7280000,0x00000000d7680000)
 ParOldGen       total 68608K, used 16K [0x0000000080000000, 0x0000000084300000, 0x00000000d5580000)
  object space 68608K, 0% used [0x0000000080000000,0x0000000080004000,0x0000000084300000)
 Metaspace       used 4337K, committed 4608K, reserved 1114112K
  class space    used 472K, committed 576K, reserved 1048576K
}
Event: 2.069 GC heap before
{Heap before GC invocations=2 (full 0):
 PSYoungGen      total 29696K, used 28903K [0x00000000d5580000, 0x00000000d7680000, 0x0000000100000000)
  eden space 25600K, 100% used [0x00000000d5580000,0x00000000d6e80000,0x00000000d6e80000)
  from space 4096K, 80% used [0x00000000d6e80000,0x00000000d71b9e98,0x00000000d7280000)
  to   space 4096K, 0% used [0x00000000d7280000,0x00000000d7280000,0x00000000d7680000)
 ParOldGen       total 68608K, used 16K [0x0000000080000000, 0x0000000084300000, 0x00000000d5580000)
  object space 68608K, 0% used [0x0000000080000000,0x0000000080004000,0x0000000084300000)
 Metaspace       used 8199K, committed 8512K, reserved 1114112K
  class space    used 875K, committed 1024K, reserved 1048576K
}
Event: 2.076 GC heap after
{Heap after GC invocations=2 (full 0):
 PSYoungGen      total 29696K, used 4093K [0x00000000d5580000, 0x00000000d7680000, 0x0000000100000000)
  eden space 25600K, 0% used [0x00000000d5580000,0x00000000d5580000,0x00000000d6e80000)
  from space 4096K, 99% used [0x00000000d7280000,0x00000000d767f7e8,0x00000000d7680000)
  to   space 4096K, 0% used [0x00000000d6e80000,0x00000000d6e80000,0x00000000d7280000)
 ParOldGen       total 68608K, used 927K [0x0000000080000000, 0x0000000084300000, 0x00000000d5580000)
  object space 68608K, 1% used [0x0000000080000000,0x00000000800e7eb8,0x0000000084300000)
 Metaspace       used 8199K, committed 8512K, reserved 1114112K
  class space    used 875K, committed 1024K, reserved 1048576K
}
Event: 2.830 GC heap before
{Heap before GC invocations=3 (full 0):
 PSYoungGen      total 29696K, used 29693K [0x00000000d5580000, 0x00000000d7680000, 0x0000000100000000)
  eden space 25600K, 100% used [0x00000000d5580000,0x00000000d6e80000,0x00000000d6e80000)
  from space 4096K, 99% used [0x00000000d7280000,0x00000000d767f7e8,0x00000000d7680000)
  to   space 4096K, 0% used [0x00000000d6e80000,0x00000000d6e80000,0x00000000d7280000)
 ParOldGen       total 68608K, used 927K [0x0000000080000000, 0x0000000084300000, 0x00000000d5580000)
  object space 68608K, 1% used [0x0000000080000000,0x00000000800e7eb8,0x0000000084300000)
 Metaspace       used 13063K, committed 13568K, reserved 1114112K
  class space    used 1387K, committed 1600K, reserved 1048576K
}
Event: 2.838 GC heap after
{Heap after GC invocations=3 (full 0):
 PSYoungGen      total 29696K, used 4086K [0x00000000d5580000, 0x00000000d7680000, 0x0000000100000000)
  eden space 25600K, 0% used [0x00000000d5580000,0x00000000d5580000,0x00000000d6e80000)
  from space 4096K, 99% used [0x00000000d6e80000,0x00000000d727daa0,0x00000000d7280000)
  to   space 4096K, 0% used [0x00000000d7280000,0x00000000d7280000,0x00000000d7680000)
 ParOldGen       total 68608K, used 2688K [0x0000000080000000, 0x0000000084300000, 0x00000000d5580000)
  object space 68608K, 3% used [0x0000000080000000,0x00000000802a00d0,0x0000000084300000)
 Metaspace       used 13063K, committed 13568K, reserved 1114112K
  class space    used 1387K, committed 1600K, reserved 1048576K
}

Dll operation events (10 events):
Event: 0.022 Loaded shared library c:\Users\User\.vscode\extensions\redhat.java-1.50.0-win32-x64\jre\21.0.9-win32-x86_64\bin\java.dll
Event: 0.143 Loaded shared library c:\Users\User\.vscode\extensions\redhat.java-1.50.0-win32-x64\jre\21.0.9-win32-x86_64\bin\zip.dll
Event: 0.184 Loaded shared library C:\Users\User\.vscode\extensions\redhat.java-1.50.0-win32-x64\jre\21.0.9-win32-x86_64\bin\instrument.dll
Event: 0.193 Loaded shared library C:\Users\User\.vscode\extensions\redhat.java-1.50.0-win32-x64\jre\21.0.9-win32-x86_64\bin\net.dll
Event: 0.199 Loaded shared library C:\Users\User\.vscode\extensions\redhat.java-1.50.0-win32-x64\jre\21.0.9-win32-x86_64\bin\nio.dll
Event: 0.204 Loaded shared library C:\Users\User\.vscode\extensions\redhat.java-1.50.0-win32-x64\jre\21.0.9-win32-x86_64\bin\zip.dll
Event: 0.229 Loaded shared library C:\Users\User\.vscode\extensions\redhat.java-1.50.0-win32-x64\jre\21.0.9-win32-x86_64\bin\jimage.dll
Event: 0.331 Loaded shared library c:\Users\User\.vscode\extensions\redhat.java-1.50.0-win32-x64\jre\21.0.9-win32-x86_64\bin\verify.dll
Event: 2.029 Loaded shared library C:\Users\User\AppData\Roaming\Code\User\globalStorage\redhat.java\1.50.0\config_ss_win\org.eclipse.equinox.launcher\org.eclipse.equinox.launcher.win32.win32.x86_64_1.2.1400.v20250801-0854\eclipse_11916.dll
Event: 4.613 Loaded shared library C:\Users\User\AppData\Local\Temp\jna-2645995\jna14830628038305548150.dll

Deoptimization events (20 events):
Event: 4.813 Thread 0x00000199e2b1bf90 Uncommon trap: trap_request=0xffffff45 fr.pc=0x00000199d029a43c relative=0x0000000000000b7c
Event: 4.813 Thread 0x00000199e2b1bf90 Uncommon trap: reason=unstable_if action=reinterpret pc=0x00000199d029a43c method=jdk.internal.org.objectweb.asm.Frame.execute(IILjdk/internal/org/objectweb/asm/Symbol;Ljdk/internal/org/objectweb/asm/SymbolTable;)V @ 1 c2
Event: 4.813 Thread 0x00000199e2b1bf90 DEOPT PACKING pc=0x00000199d029a43c sp=0x00000085581f7de0
Event: 4.813 Thread 0x00000199e2b1bf90 DEOPT UNPACKING pc=0x00000199cfc66da2 sp=0x00000085581f7d68 mode 2
Event: 4.886 Thread 0x00000199e2b1bf90 Uncommon trap: trap_request=0xffffffde fr.pc=0x00000199d028f614 relative=0x00000000000003b4
Event: 4.886 Thread 0x00000199e2b1bf90 Uncommon trap: reason=class_check action=maybe_recompile pc=0x00000199d028f614 method=java.util.regex.Pattern$BmpCharPropertyGreedy.match(Ljava/util/regex/Matcher;ILjava/lang/CharSequence;)Z @ 70 c2
Event: 4.886 Thread 0x00000199e2b1bf90 DEOPT PACKING pc=0x00000199d028f614 sp=0x00000085581ef590
Event: 4.886 Thread 0x00000199e2b1bf90 DEOPT UNPACKING pc=0x00000199cfc66da2 sp=0x00000085581ef538 mode 2
Event: 4.886 Thread 0x00000199e2b1bf90 Uncommon trap: trap_request=0xffffffde fr.pc=0x00000199d028f614 relative=0x00000000000003b4
Event: 4.886 Thread 0x00000199e2b1bf90 Uncommon trap: reason=class_check action=maybe_recompile pc=0x00000199d028f614 method=java.util.regex.Pattern$BmpCharPropertyGreedy.match(Ljava/util/regex/Matcher;ILjava/lang/CharSequence;)Z @ 70 c2
Event: 4.886 Thread 0x00000199e2b1bf90 DEOPT PACKING pc=0x00000199d028f614 sp=0x00000085581ef3e0
Event: 4.886 Thread 0x00000199e2b1bf90 DEOPT UNPACKING pc=0x00000199cfc66da2 sp=0x00000085581ef388 mode 2
Event: 4.887 Thread 0x00000199e2b1bf90 Uncommon trap: trap_request=0xffffffde fr.pc=0x00000199d028f614 relative=0x00000000000003b4
Event: 4.887 Thread 0x00000199e2b1bf90 Uncommon trap: reason=class_check action=maybe_recompile pc=0x00000199d028f614 method=java.util.regex.Pattern$BmpCharPropertyGreedy.match(Ljava/util/regex/Matcher;ILjava/lang/CharSequence;)Z @ 70 c2
Event: 4.887 Thread 0x00000199e2b1bf90 DEOPT PACKING pc=0x00000199d028f614 sp=0x00000085581ef5a0
Event: 4.887 Thread 0x00000199e2b1bf90 DEOPT UNPACKING pc=0x00000199cfc66da2 sp=0x00000085581ef548 mode 2
Event: 4.887 Thread 0x00000199e2b1bf90 Uncommon trap: trap_request=0xffffffde fr.pc=0x00000199d028f614 relative=0x00000000000003b4
Event: 4.887 Thread 0x00000199e2b1bf90 Uncommon trap: reason=class_check action=maybe_recompile pc=0x00000199d028f614 method=java.util.regex.Pattern$BmpCharPropertyGreedy.match(Ljava/util/regex/Matcher;ILjava/lang/CharSequence;)Z @ 70 c2
Event: 4.887 Thread 0x00000199e2b1bf90 DEOPT PACKING pc=0x00000199d028f614 sp=0x00000085581ef3f0
Event: 4.887 Thread 0x00000199e2b1bf90 DEOPT UNPACKING pc=0x00000199cfc66da2 sp=0x00000085581ef398 mode 2

Classes loaded (20 events):
Event: 4.669 Loading class java/lang/Short$ShortCache
Event: 4.669 Loading class java/lang/Short$ShortCache done
Event: 4.704 Loading class java/util/function/LongUnaryOperator
Event: 4.704 Loading class java/util/function/LongUnaryOperator done
Event: 4.705 Loading class java/lang/ThreadDeath
Event: 4.705 Loading class java/lang/ThreadDeath done
Event: 4.718 Loading class java/util/stream/SortedOps$SizedRefSortingSink
Event: 4.718 Loading class java/util/stream/SortedOps$SizedRefSortingSink done
Event: 4.720 Loading class java/io/DataOutputStream
Event: 4.720 Loading class java/io/DataOutputStream done
Event: 4.753 Loading class java/util/concurrent/atomic/Striped64$1
Event: 4.753 Loading class java/util/concurrent/atomic/Striped64$1 done
Event: 4.815 Loading class java/util/Collections$UnmodifiableSortedSet
Event: 4.815 Loading class java/util/Collections$UnmodifiableSortedSet done
Event: 4.868 Loading class java/util/zip/GZIPInputStream
Event: 4.869 Loading class java/util/zip/GZIPInputStream done
Event: 4.870 Loading class java/util/zip/GZIPOutputStream
Event: 4.870 Loading class java/util/zip/GZIPOutputStream done
Event: 4.918 Loading class java/io/StringReader
Event: 4.919 Loading class java/io/StringReader done

Classes unloaded (0 events):
No events

Classes redefined (0 events):
No events

Internal exceptions (20 events):
Event: 4.648 Thread 0x00000199e2b1bf90 Exception <a 'java/lang/NoSuchMethodError'{0x00000000d6460f78}: 'void java.lang.invoke.DelegatingMethodHandle$Holder.reinvoke_L(java.lang.Object, java.lang.Object, int)'> (0x00000000d6460f78) 
thrown [s\src\hotspot\share\interpreter\linkResolver.cpp, line 773]
Event: 4.649 Thread 0x00000199e2b1bf90 Exception <a 'java/lang/NoSuchMethodError'{0x00000000d6467c60}: 'int java.lang.invoke.Invokers$Holder.invokeExact_MT(java.lang.Object, java.lang.Object, java.lang.Object)'> (0x00000000d6467c60) 
thrown [s\src\hotspot\share\interpreter\linkResolver.cpp, line 773]
Event: 4.671 Thread 0x00000199e2b1bf90 Exception <a 'java/lang/NoSuchMethodError'{0x00000000d65745c0}: 'void java.lang.invoke.Invokers$Holder.invokeExact_MT(java.lang.Object, java.lang.Object, int, java.lang.Object)'> (0x00000000d65745c0) 
thrown [s\src\hotspot\share\interpreter\linkResolver.cpp, line 773]
Event: 4.701 Thread 0x00000199e2b1bf90 Exception <a 'java/lang/NoSuchMethodError'{0x00000000d6671010}: 'java.lang.Object java.lang.invoke.DirectMethodHandle$Holder.invokeSpecial(java.lang.Object, java.lang.Object, java.lang.Object, long, java.lang.Object)'> (0x00000000d6671010) 
thrown [s\src\hotspot\share\interpreter\linkResolver.cpp, line 773]
Event: 4.702 Thread 0x00000199e2b1bf90 Exception <a 'java/lang/NoSuchMethodError'{0x00000000d6678ab8}: 'java.lang.Object java.lang.invoke.DirectMethodHandle$Holder.newInvokeSpecial(java.lang.Object, java.lang.Object, java.lang.Object, long)'> (0x00000000d6678ab8) 
thrown [s\src\hotspot\share\interpreter\linkResolver.cpp, line 773]
Event: 4.703 Thread 0x00000199e2b1bf90 Exception <a 'java/lang/NoSuchMethodError'{0x00000000d667ce68}: 'java.lang.Object java.lang.invoke.DirectMethodHandle$Holder.invokeSpecial(java.lang.Object, java.lang.Object, java.lang.Object, java.lang.Object, long)'> (0x00000000d667ce68) 
thrown [s\src\hotspot\share\interpreter\linkResolver.cpp, line 773]
Event: 4.703 Thread 0x00000199e2b1bf90 Exception <a 'java/lang/NoSuchMethodError'{0x00000000d6680a88}: 'java.lang.Object java.lang.invoke.Invokers$Holder.linkToTargetMethod(java.lang.Object, java.lang.Object, long, java.lang.Object)'> (0x00000000d6680a88) 
thrown [s\src\hotspot\share\interpreter\linkResolver.cpp, line 773]
Event: 4.716 Thread 0x00000199e2b1bf90 Exception <a 'java/lang/NoSuchMethodError'{0x00000000d66f2890}: 'int java.lang.invoke.DirectMethodHandle$Holder.invokeStaticInit(java.lang.Object, java.lang.Object, java.lang.Object)'> (0x00000000d66f2890) 
thrown [s\src\hotspot\share\interpreter\linkResolver.cpp, line 773]
Event: 4.730 Thread 0x00000199e2b1bf90 Exception <a 'java/lang/IncompatibleClassChangeError'{0x00000000d67830a8}: Found class java.lang.Object, but interface was expected> (0x00000000d67830a8) 
thrown [s\src\hotspot\share\interpreter\linkResolver.cpp, line 840]
Event: 4.733 Thread 0x00000199e2b1bf90 Exception <a 'java/lang/NoSuchMethodError'{0x00000000d6795d40}: 'java.lang.Object java.lang.invoke.DirectMethodHandle$Holder.invokeSpecial(java.lang.Object, java.lang.Object, java.lang.Object, int, java.lang.Object, java.lang.Object)'> (0x00000000d6795d40) 
thrown [s\src\hotspot\share\interpreter\linkResolver.cpp, line 773]
Event: 4.733 Thread 0x00000199e2b1bf90 Exception <a 'java/lang/NoSuchMethodError'{0x00000000d679d890}: 'java.lang.Object java.lang.invoke.DirectMethodHandle$Holder.newInvokeSpecial(java.lang.Object, java.lang.Object, java.lang.Object, int, java.lang.Object)'> (0x00000000d679d890) 
thrown [s\src\hotspot\share\interpreter\linkResolver.cpp, line 773]
Event: 4.734 Thread 0x00000199e2b1bf90 Exception <a 'java/lang/NoSuchMethodError'{0x00000000d67a1810}: 'java.lang.Object java.lang.invoke.DirectMethodHandle$Holder.invokeSpecial(java.lang.Object, java.lang.Object, java.lang.Object, java.lang.Object, int, java.lang.Object)'> (0x00000000d67a1810) 
thrown [s\src\hotspot\share\interpreter\linkResolver.cpp, line 773]
Event: 4.734 Thread 0x00000199e2b1bf90 Exception <a 'java/lang/NoSuchMethodError'{0x00000000d67a5350}: 'java.lang.Object java.lang.invoke.Invokers$Holder.linkToTargetMethod(java.lang.Object, java.lang.Object, int, java.lang.Object, java.lang.Object)'> (0x00000000d67a5350) 
thrown [s\src\hotspot\share\interpreter\linkResolver.cpp, line 773]
Event: 4.735 Thread 0x00000199e2e5d4a0 Exception <a 'java/lang/NoSuchMethodError'{0x00000000d66adda8}: 'java.lang.Object java.lang.invoke.DirectMethodHandle$Holder.invokeSpecial(java.lang.Object, java.lang.Object, int, java.lang.Object, java.lang.Object)'> (0x00000000d66adda8) 
thrown [s\src\hotspot\share\interpreter\linkResolver.cpp, line 773]
Event: 4.736 Thread 0x00000199e2e5d4a0 Exception <a 'java/lang/NoSuchMethodError'{0x00000000d66b4ae0}: 'java.lang.Object java.lang.invoke.DirectMethodHandle$Holder.newInvokeSpecial(java.lang.Object, java.lang.Object, int, java.lang.Object)'> (0x00000000d66b4ae0) 
thrown [s\src\hotspot\share\interpreter\linkResolver.cpp, line 773]
Event: 4.736 Thread 0x00000199e2e5d4a0 Exception <a 'java/lang/NoSuchMethodError'{0x00000000d66b83c0}: 'java.lang.Object java.lang.invoke.DirectMethodHandle$Holder.invokeSpecial(java.lang.Object, java.lang.Object, java.lang.Object, int, java.lang.Object)'> (0x00000000d66b83c0) 
thrown [s\src\hotspot\share\interpreter\linkResolver.cpp, line 773]
Event: 4.764 Thread 0x00000199e2b1bf90 Exception <a 'java/lang/NoSuchMethodError'{0x00000000d68b8fa0}: 'void java.lang.invoke.DirectMethodHandle$Holder.invokeSpecial(java.lang.Object, java.lang.Object, java.lang.Object, java.lang.Object, java.lang.Object)'> (0x00000000d68b8fa0) 
thrown [s\src\hotspot\share\interpreter\linkResolver.cpp, line 773]
Event: 4.775 Thread 0x00000199e2e5d4a0 Exception <a 'java/lang/NoSuchMethodError'{0x00000000d6984320}: 'java.lang.Object java.lang.invoke.DirectMethodHandle$Holder.newInvokeSpecial(java.lang.Object, java.lang.Object, java.lang.Object, java.lang.Object, java.lang.Object)'> (0x00000000d6984320) 
thrown [s\src\hotspot\share\interpreter\linkResolver.cpp, line 773]
Event: 4.813 Thread 0x00000199e2b1bf90 Exception <a 'java/lang/NoSuchMethodError'{0x00000000d6ac3208}: 'double java.lang.invoke.DirectMethodHandle$Holder.invokeStatic(java.lang.Object, java.lang.Object)'> (0x00000000d6ac3208) 
thrown [s\src\hotspot\share\interpreter\linkResolver.cpp, line 773]
Event: 4.813 Thread 0x00000199e2b1bf90 Exception <a 'java/lang/NoSuchMethodError'{0x00000000d6ac68c8}: 'double java.lang.invoke.DirectMethodHandle$Holder.invokeStaticInit(java.lang.Object, java.lang.Object)'> (0x00000000d6ac68c8) 
thrown [s\src\hotspot\share\interpreter\linkResolver.cpp, line 773]

ZGC Phase Switch (0 events):
No events

VM Operations (20 events):
Event: 2.030 Executing VM operation: ICBufferFull
Event: 2.030 Executing VM operation: ICBufferFull done
Event: 2.069 Executing VM operation: ParallelGCFailedAllocation (Allocation Failure)
Event: 2.076 Executing VM operation: ParallelGCFailedAllocation (Allocation Failure) done
Event: 2.228 Executing VM operation: HandshakeAllThreads (Deoptimize)
Event: 2.228 Executing VM operation: HandshakeAllThreads (Deoptimize) done
Event: 2.609 Executing VM operation: HandshakeAllThreads (Deoptimize)
Event: 2.609 Executing VM operation: HandshakeAllThreads (Deoptimize) done
Event: 2.830 Executing VM operation: ParallelGCFailedAllocation (Allocation Failure)
Event: 2.838 Executing VM operation: ParallelGCFailedAllocation (Allocation Failure) done
Event: 3.007 Executing VM operation: HandshakeAllThreads (Deoptimize)
Event: 3.007 Executing VM operation: HandshakeAllThreads (Deoptimize) done
Event: 3.026 Executing VM operation: HandshakeAllThreads (Deoptimize)
Event: 3.026 Executing VM operation: HandshakeAllThreads (Deoptimize) done
Event: 3.312 Executing VM operation: HandshakeAllThreads (Deoptimize)
Event: 3.312 Executing VM operation: HandshakeAllThreads (Deoptimize) done
Event: 4.324 Executing VM operation: Cleanup
Event: 4.324 Executing VM operation: Cleanup done
Event: 4.626 Executing VM operation: HandshakeAllThreads (Deoptimize)
Event: 4.627 Executing VM operation: HandshakeAllThreads (Deoptimize) done

Memory protections (0 events):
No events

Nmethod flushes (0 events):
No events

Events (19 events):
Event: 0.061 Thread 0x00000199c3ecc900 Thread added: 0x00000199c3ecc900
Event: 0.097 Thread 0x00000199c3ecc900 Thread added: 0x00000199c3f8a830
Event: 0.097 Thread 0x00000199c3ecc900 Thread added: 0x00000199c3f8d510
Event: 0.098 Thread 0x00000199c3ecc900 Thread added: 0x00000199dc547740
Event: 0.098 Thread 0x00000199c3ecc900 Thread added: 0x00000199dc548190
Event: 0.098 Thread 0x00000199c3ecc900 Thread added: 0x00000199dc54b1e0
Event: 0.098 Thread 0x00000199c3ecc900 Thread added: 0x00000199dc5521e0
Event: 0.099 Thread 0x00000199c3ecc900 Thread added: 0x00000199dc55aa80
Event: 0.099 Thread 0x00000199c3ecc900 Thread added: 0x00000199dc55d1e0
Event: 0.187 Thread 0x00000199c3ecc900 Thread added: 0x00000199e21fe710
Event: 0.477 Thread 0x00000199c3ecc900 Thread added: 0x00000199e230d840
Event: 1.722 Thread 0x00000199c3ecc900 Thread added: 0x00000199e269cd60
Event: 2.009 Thread 0x00000199c3ecc900 Thread added: 0x00000199e278fcb0
Event: 2.018 Thread 0x00000199c3ecc900 Thread added: 0x00000199e2b1bf90
Event: 2.216 Thread 0x00000199e2b1bf90 Thread added: 0x00000199e2b9d720
Event: 2.673 Thread 0x00000199e2b1bf90 Thread added: 0x00000199e2df13b0
Event: 4.657 Thread 0x00000199e2b1bf90 Thread added: 0x00000199e3104010
Event: 4.708 Thread 0x00000199e2b1bf90 Thread added: 0x00000199e2e5d4a0
Event: 4.735 Thread 0x00000199e2b1bf90 Thread added: 0x00000199e2f3f850


Dynamic libraries:
0x00007ff762c40000 - 0x00007ff762c4e000 	c:\Users\User\.vscode\extensions\redhat.java-1.50.0-win32-x64\jre\21.0.9-win32-x86_64\bin\java.exe
0x00007ff9fe740000 - 0x00007ff9fe9a8000 	C:\WINDOWS\SYSTEM32\ntdll.dll
0x00007ff9fc830000 - 0x00007ff9fc8f9000 	C:\WINDOWS\System32\KERNEL32.DLL
0x00007ff9fbb50000 - 0x00007ff9fbf48000 	C:\WINDOWS\System32\KERNELBASE.dll
0x00007ff9fc230000 - 0x00007ff9fc37b000 	C:\WINDOWS\System32\ucrtbase.dll
0x00007ff9da230000 - 0x00007ff9da248000 	c:\Users\User\.vscode\extensions\redhat.java-1.50.0-win32-x64\jre\21.0.9-win32-x86_64\bin\jli.dll
0x00007ff9fd930000 - 0x00007ff9fdaf7000 	C:\WINDOWS\System32\USER32.dll
0x00007ff9fc380000 - 0x00007ff9fc3a7000 	C:\WINDOWS\System32\win32u.dll
0x00007ff9fc960000 - 0x00007ff9fc98b000 	C:\WINDOWS\System32\GDI32.dll
0x00007ff9fc3b0000 - 0x00007ff9fc4dc000 	C:\WINDOWS\System32\gdi32full.dll
0x00007ff9fbaa0000 - 0x00007ff9fbb43000 	C:\WINDOWS\System32\msvcp_win.dll
0x00007ff9d7400000 - 0x00007ff9d741e000 	c:\Users\User\.vscode\extensions\redhat.java-1.50.0-win32-x64\jre\21.0.9-win32-x86_64\bin\VCRUNTIME140.dll
0x00007ff9faaa0000 - 0x00007ff9fad34000 	C:\WINDOWS\WinSxS\amd64_microsoft.windows.common-controls_6595b64144ccf1df_6.0.26100.7019_none_3e06ffa0e335b8a8\COMCTL32.dll
0x00007ff9fc5d0000 - 0x00007ff9fc679000 	C:\WINDOWS\System32\msvcrt.dll
0x00007ff9fde50000 - 0x00007ff9fde81000 	C:\WINDOWS\System32\IMM32.DLL
0x00007ff9f1c50000 - 0x00007ff9f1c5c000 	c:\Users\User\.vscode\extensions\redhat.java-1.50.0-win32-x64\jre\21.0.9-win32-x86_64\bin\vcruntime140_1.dll
0x00007ff9a06d0000 - 0x00007ff9a075d000 	c:\Users\User\.vscode\extensions\redhat.java-1.50.0-win32-x64\jre\21.0.9-win32-x86_64\bin\msvcp140.dll
0x00007ff95ac80000 - 0x00007ff95ba20000 	c:\Users\User\.vscode\extensions\redhat.java-1.50.0-win32-x64\jre\21.0.9-win32-x86_64\bin\server\jvm.dll
0x00007ff9fd6d0000 - 0x00007ff9fd784000 	C:\WINDOWS\System32\ADVAPI32.dll
0x00007ff9fdf60000 - 0x00007ff9fe006000 	C:\WINDOWS\System32\sechost.dll
0x00007ff9fdb00000 - 0x00007ff9fdc18000 	C:\WINDOWS\System32\RPCRT4.dll
0x00007ff9fe010000 - 0x00007ff9fe084000 	C:\WINDOWS\System32\WS2_32.dll
0x00007ff9eee80000 - 0x00007ff9eeeb5000 	C:\WINDOWS\SYSTEM32\WINMM.dll
0x00007ff9e64b0000 - 0x00007ff9e64bb000 	C:\WINDOWS\SYSTEM32\VERSION.dll
0x00007ff9fb6f0000 - 0x00007ff9fb74e000 	C:\WINDOWS\SYSTEM32\POWRPROF.dll
0x00007ff9fb6d0000 - 0x00007ff9fb6e4000 	C:\WINDOWS\SYSTEM32\UMPDC.dll
0x00007ff9f9d90000 - 0x00007ff9f9dab000 	C:\WINDOWS\SYSTEM32\kernel.appcore.dll
0x00007ff9e6b90000 - 0x00007ff9e6b9a000 	c:\Users\User\.vscode\extensions\redhat.java-1.50.0-win32-x64\jre\21.0.9-win32-x86_64\bin\jimage.dll
0x00007ff9fb050000 - 0x00007ff9fb292000 	C:\WINDOWS\SYSTEM32\DBGHELP.DLL
0x00007ff9fe190000 - 0x00007ff9fe51b000 	C:\WINDOWS\System32\combase.dll
0x00007ff9fd160000 - 0x00007ff9fd237000 	C:\WINDOWS\System32\OLEAUT32.dll
0x00007ff9faf40000 - 0x00007ff9faf7c000 	C:\WINDOWS\SYSTEM32\dbgcore.DLL
0x00007ff9fc010000 - 0x00007ff9fc0b5000 	C:\WINDOWS\System32\bcryptPrimitives.dll
0x00007ff9e4870000 - 0x00007ff9e487f000 	c:\Users\User\.vscode\extensions\redhat.java-1.50.0-win32-x64\jre\21.0.9-win32-x86_64\bin\instrument.dll
0x00007ff9d73e0000 - 0x00007ff9d7400000 	c:\Users\User\.vscode\extensions\redhat.java-1.50.0-win32-x64\jre\21.0.9-win32-x86_64\bin\java.dll
0x00007ff9fca00000 - 0x00007ff9fd14f000 	C:\WINDOWS\System32\SHELL32.dll
0x00007ff9fc0c0000 - 0x00007ff9fc22b000 	C:\WINDOWS\System32\wintypes.dll
0x00007ff9f8a60000 - 0x00007ff9f92bd000 	C:\WINDOWS\SYSTEM32\windows.storage.dll
0x00007ff9fe090000 - 0x00007ff9fe182000 	C:\WINDOWS\System32\SHCORE.dll
0x00007ff9fc560000 - 0x00007ff9fc5c7000 	C:\WINDOWS\System32\shlwapi.dll
0x00007ff9fb7b0000 - 0x00007ff9fb7d9000 	C:\WINDOWS\SYSTEM32\profapi.dll
0x00007ff9cfd70000 - 0x00007ff9cfd88000 	c:\Users\User\.vscode\extensions\redhat.java-1.50.0-win32-x64\jre\21.0.9-win32-x86_64\bin\zip.dll
0x00007ff9e46d0000 - 0x00007ff9e46e0000 	C:\Users\User\.vscode\extensions\redhat.java-1.50.0-win32-x64\jre\21.0.9-win32-x86_64\bin\net.dll
0x00007ff9e8aa0000 - 0x00007ff9e8bc8000 	C:\WINDOWS\SYSTEM32\WINHTTP.dll
0x00007ff9fa2c0000 - 0x00007ff9fa32b000 	C:\WINDOWS\system32\mswsock.dll
0x00007ff9cf9d0000 - 0x00007ff9cf9e6000 	C:\Users\User\.vscode\extensions\redhat.java-1.50.0-win32-x64\jre\21.0.9-win32-x86_64\bin\nio.dll
0x00007ff9e34e0000 - 0x00007ff9e34f0000 	c:\Users\User\.vscode\extensions\redhat.java-1.50.0-win32-x64\jre\21.0.9-win32-x86_64\bin\verify.dll
0x00007ff9cf870000 - 0x00007ff9cf8b4000 	C:\Users\User\AppData\Roaming\Code\User\globalStorage\redhat.java\1.50.0\config_ss_win\org.eclipse.equinox.launcher\org.eclipse.equinox.launcher.win32.win32.x86_64_1.2.1400.v20250801-0854\eclipse_11916.dll
0x00007ff9fd790000 - 0x00007ff9fd927000 	C:\WINDOWS\System32\ole32.dll
0x00007ff9fb3c0000 - 0x00007ff9fb3db000 	C:\WINDOWS\SYSTEM32\CRYPTSP.dll
0x00007ff9f9cf0000 - 0x00007ff9f9d2a000 	C:\WINDOWS\system32\rsaenh.dll
0x00007ff9fa370000 - 0x00007ff9fa39b000 	C:\WINDOWS\SYSTEM32\USERENV.dll
0x00007ff9fb780000 - 0x00007ff9fb7aa000 	C:\WINDOWS\SYSTEM32\bcrypt.dll
0x00007ff9fa850000 - 0x00007ff9fa85c000 	C:\WINDOWS\SYSTEM32\CRYPTBASE.dll
0x00007ff9f9820000 - 0x00007ff9f9854000 	C:\WINDOWS\SYSTEM32\IPHLPAPI.DLL
0x00007ff9fde90000 - 0x00007ff9fde9a000 	C:\WINDOWS\System32\NSI.dll
0x00007ff9cca30000 - 0x00007ff9cca79000 	C:\Users\User\AppData\Local\Temp\jna-2645995\jna14830628038305548150.dll
0x00007ff9fc780000 - 0x00007ff9fc788000 	C:\WINDOWS\System32\PSAPI.DLL

JVMTI agents:
c:\Users\User\.vscode\extensions\redhat.java-1.50.0-win32-x64\lombok\lombok-1.18.39-4050.jar path:c:\Users\User\.vscode\extensions\redhat.java-1.50.0-win32-x64\jre\21.0.9-win32-x86_64\bin\instrument.dll, loaded, initialized, instrumentlib options:none

dbghelp: loaded successfully - version: 4.0.5 - missing functions: none
symbol engine: initialized successfully - sym options: 0x614 - pdb path: .;c:\Users\User\.vscode\extensions\redhat.java-1.50.0-win32-x64\jre\21.0.9-win32-x86_64\bin;C:\WINDOWS\SYSTEM32;C:\WINDOWS\WinSxS\amd64_microsoft.windows.common-controls_6595b64144ccf1df_6.0.26100.7019_none_3e06ffa0e335b8a8;c:\Users\User\.vscode\extensions\redhat.java-1.50.0-win32-x64\jre\21.0.9-win32-x86_64\bin\server;C:\Users\User\AppData\Roaming\Code\User\globalStorage\redhat.java\1.50.0\config_ss_win\org.eclipse.equinox.launcher\org.eclipse.equinox.launcher.win32.win32.x86_64_1.2.1400.v20250801-0854;C:\Users\User\AppData\Local\Temp\jna-2645995

VM Arguments:
jvm_args: --add-modules=ALL-SYSTEM --add-opens=java.base/java.util=ALL-UNNAMED --add-opens=java.base/java.lang=ALL-UNNAMED --add-opens=java.base/sun.nio.fs=ALL-UNNAMED -Declipse.application=org.eclipse.jdt.ls.core.id1 -Dosgi.bundles.defaultStartLevel=4 -Declipse.product=org.eclipse.jdt.ls.core.product -Djava.import.generatesMetadataFilesAtProjectRoot=false -DDetectVMInstallationsJob.disabled=true -Dfile.encoding=utf8 -XX:+UseParallelGC -XX:GCTimeRatio=4 -XX:AdaptiveSizePolicyWeight=90 -Dsun.zip.disableMemoryMapping=true -Xmx2G -Xms100m -Xlog:disable -javaagent:c:\Users\User\.vscode\extensions\redhat.java-1.50.0-win32-x64\lombok\lombok-1.18.39-4050.jar 
java_command: c:\Users\User\.vscode\extensions\redhat.java-1.50.0-win32-x64\server\plugins\org.eclipse.equinox.launcher_1.7.100.v20251111-0406.jar -configuration c:\Users\User\AppData\Roaming\Code\User\globalStorage\redhat.java\1.50.0\config_ss_win -data c:\Users\User\AppData\Roaming\Code\User\workspaceStorage\787e10f9c645ed1209b2f81195558d95\redhat.java\ss_ws --pipe=\\.\pipe\lsp-04586fc3a1ac202e120842fa450384e9-sock
java_class_path (initial): c:\Users\User\.vscode\extensions\redhat.java-1.50.0-win32-x64\server\plugins\org.eclipse.equinox.launcher_1.7.100.v20251111-0406.jar
Launcher Type: SUN_STANDARD

[Global flags]
    uintx AdaptiveSizePolicyWeight                 = 90                                        {product} {command line}
     intx CICompilerCount                          = 4                                         {product} {ergonomic}
    uintx GCTimeRatio                              = 4                                         {product} {command line}
   size_t InitialHeapSize                          = 104857600                                 {product} {command line}
   size_t MaxHeapSize                              = 2147483648                                {product} {command line}
   size_t MaxNewSize                               = 715653120                                 {product} {ergonomic}
   size_t MinHeapDeltaBytes                        = 524288                                    {product} {ergonomic}
   size_t MinHeapSize                              = 104857600                                 {product} {command line}
   size_t NewSize                                  = 34603008                                  {product} {ergonomic}
    uintx NonNMethodCodeHeapSize                   = 5839372                                {pd product} {ergonomic}
    uintx NonProfiledCodeHeapSize                  = 122909434                              {pd product} {ergonomic}
   size_t OldSize                                  = 70254592                                  {product} {ergonomic}
    uintx ProfiledCodeHeapSize                     = 122909434                              {pd product} {ergonomic}
    uintx ReservedCodeCacheSize                    = 251658240                              {pd product} {ergonomic}
     bool SegmentedCodeCache                       = true                                      {product} {ergonomic}
   size_t SoftMaxHeapSize                          = 2147483648                             {manageable} {ergonomic}
     bool UseCompressedOops                        = true                           {product lp64_product} {ergonomic}
     bool UseLargePagesIndividualAllocation        = false                                  {pd product} {ergonomic}
     bool UseParallelGC                            = true                                      {product} {command line}

Logging:
Log output configuration:
 #0: stdout all=off uptime,level,tags foldmultilines=false
 #1: stderr all=off uptime,level,tags foldmultilines=false

Release file:
JAVA_VERSION="21.0.9" 
MODULES="java.base java.compiler java.datatransfer java.xml java.prefs java.desktop java.instrument java.logging java.management java.security.sasl java.naming java.rmi java.management.rmi java.net.http java.scripting java.security.jgss java.transaction.xa java.sql java.sql.rowset java.xml.crypto java.se java.smartcardio jdk.accessibility jdk.internal.jvmstat jdk.attach jdk.charsets jdk.internal.opt jdk.zipfs jdk.compiler jdk.crypto.ec jdk.crypto.cryptoki jdk.crypto.mscapi jdk.dynalink jdk.internal.ed jdk.editpad jdk.hotspot.agent jdk.httpserver jdk.internal.le jdk.internal.vm.ci jdk.internal.vm.compiler jdk.internal.vm.compiler.management jdk.jartool jdk.javadoc jdk.jcmd jdk.management jdk.management.agent jdk.jconsole jdk.jdeps jdk.jdwp.agent jdk.jdi jdk.jfr jdk.jshell jdk.jsobject jdk.jstatd jdk.localedata jdk.management.jfr jdk.naming.dns jdk.naming.rmi jdk.net jdk.nio.mapmode jdk.random jdk.sctp jdk.security.auth jdk.security.jgss jdk.unsupported jdk.unsupported.desktop jdk.xml.dom" 

Environment Variables:
PATH=C:\oraclexe\app\oracle\product\11.2.0\server\bin;C:\Program Files\Common Files\Oracle\Java\javapath;C:\WINDOWS\system32;C:\WINDOWS;C:\WINDOWS\System32\Wbem;C:\WINDOWS\System32\WindowsPowerShell\v1.0\;C:\WINDOWS\System32\OpenSSH\;C:\Program Files\dotnet\;C:\Program Files (x86)\Microsoft SQL Server\160\Tools\Binn\;C:\Program Files\Microsoft SQL Server\160\Tools\Binn\;C:\Program Files\Microsoft SQL Server\Client SDK\ODBC\170\Tools\Binn\;C:\Program Files\Microsoft SQL Server\160\DTS\Binn\;C:\Program Files\Microsoft SQL Server\150\Tools\Binn\;C:\Program Files (x86)\Windows Kits\10\Windows Performance Toolkit\;C:\Program Files\Git\cmd;C:\Users\User\AppData\Local\nvm;C:\nvm4w\nodejs;C:\maven-mvnd-1.0.3-windows-amd64\bin;C:\apache-maven-3.9.11\bin;C:\Users\User\AppData\Local\Programs\Python\Python313\Scripts\;C:\Users\User\AppData\Local\Programs\Python\Python313\;C:\Users\User\AppData\Local\Microsoft\WindowsApps;C:\Users\User\AppData\Local\Programs\Microsoft VS Code\bin;C:\Users\User\AppData\Local\GitHubDesktop\bin;C:\ProgramData\User\GitHubDesktop\bin;C:\Users\User\.dotnet\tools;C:\Users\User\AppData\Roaming\npm;C:\Users\User\AppData\Local\nvm;C:\nvm4w\nodejs
USERNAME=User
OS=Windows_NT
PROCESSOR_IDENTIFIER=Intel64 Family 6 Model 140 Stepping 1, GenuineIntel
TMP=C:\Users\User\AppData\Local\Temp
TEMP=C:\Users\User\AppData\Local\Temp




Periodic native trim disabled

---------------  S Y S T E M  ---------------

OS:
 Windows 11 , 64 bit Build 26100 (10.0.26100.7019)
OS uptime: 1 days 1:18 hours

CPU: total 8 (initial active 8) (4 cores per cpu, 2 threads per core) family 6 model 140 stepping 1 microcode 0xbc, cx8, cmov, fxsr, ht, mmx, 3dnowpref, sse, sse2, sse3, ssse3, sse4.1, sse4.2, popcnt, lzcnt, tsc, tscinvbit, avx, avx2, aes, erms, clmul, bmi1, bmi2, adx, avx512f, avx512dq, avx512cd, avx512bw, avx512vl, sha, fma, vzeroupper, avx512_vpopcntdq, avx512_vpclmulqdq, avx512_vaes, avx512_vnni, clflush, clflushopt, clwb, avx512_vbmi2, avx512_vbmi, rdtscp, rdpid, fsrm, gfni, avx512_bitalg, f16c, pku, cet_ibt, cet_ss, avx512_ifma
Processor Information for the first 8 processors :
  Max Mhz: 2419, Current Mhz: 2419, Mhz Limit: 2419

Memory: 4k page, system-wide physical 3818M (68M free)
TotalPageFile size 15594M (AvailPageFile size 1M)
current process WorkingSet (physical memory assigned to process): 128M, peak: 128M
current process commit charge ("private bytes"): 268M, peak: 268M

vm_info: OpenJDK 64-Bit Server VM (21.0.9+10-LTS) for windows-amd64 JRE (21.0.9+10-LTS), built on 2025-10-21T00:00:00Z by "admin" with unknown MS VC++:1942

END.
